[     770ms] [ERROR] A tree hydrated but some attributes of the server rendered HTML didn't match the client properties. This won't be patched up. This can happen if a SSR-ed Client Component used:

- A server/client branch `if (typeof window !== 'undefined')`.
- Variable input such as `Date.now()` or `Math.random()` which changes each time it's called.
- Date formatting in a user's locale which doesn't match the server.
- External changing data without sending a snapshot of it along with the HTML.
- Invalid HTML tag nesting.

It can also happen if the client has a browser extension installed which messes with the HTML before React loaded.

%s%s https://react.dev/link/hydration-mismatch 

  ...
    <div data-slot="sidebar-wr..." style={{...}} className="group/side...">
      ...
        ...
          <Collapsible data-slot="collapsible" defaultOpen={true} className="group/cms">
            <CollapsibleProvider scope={undefined} disabled={undefined} contentId="radix-_R_1..." open={true} ...>
              <Primitive.div data-state="open" data-disabled={undefined} data-slot="collapsible" className="group/cms" ...>
                <div data-state="open" data-disabled={undefined} data-slot="collapsible" className="group/cms" ref={null}>
                  <SidebarMenuItem className="list-none">
                    <li data-slot="sidebar-me..." data-sidebar="menu-item" className="group/menu...">
                      <CollapsibleTrigger asChild={true}>
                        <CollapsibleTrigger data-slot="collapsibl..." asChild={true}>
                          <Primitive.button type="button" aria-controls="radix-_R_1..." aria-expanded={true} ...>
                            <Primitive.button.Slot type="button" aria-controls="radix-_R_1..." aria-expanded={true} ...>
                              <Primitive.button.SlotClone type="button" aria-controls="radix-_R_1..." ...>
                                <SidebarMenuButton className="transition..." type="button" aria-controls="radix-_R_1..." ...>
                                  <button
                                    data-slot="collapsible-trigger"
                                    data-sidebar="menu-button"
                                    data-size="default"
                                    data-active={false}
                                    className={"peer/menu-button flex w-full items-center gap-2 overflow-hidden p-2 t..."}
                                    type="button"
+                                   aria-controls="radix-_R_13acnelb_"
-                                   aria-controls="radix-_R_4d9knelb_"
                                    aria-expanded={true}
                                    data-state="open"
                                    data-disabled={undefined}
                                    disabled={undefined}
                                    onClick={function handleEvent}
                                    ref={null}
                                  >
                      <CollapsibleContent>
                        <CollapsibleContent data-slot="collapsibl...">
                          <Presence present={true}>
                            <Primitive.div data-state="open" data-disabled={undefined} id="radix-_R_1..." hidden={false} ...>
                              <div
                                data-state="open"
                                data-disabled={undefined}
+                               id="radix-_R_13acnelb_"
-                               id="radix-_R_4d9knelb_"
                                hidden={false}
                                data-slot="collapsible-content"
                                style={{--radix-collapsible-content-height:undefined, ...}}
                                ref={function}
                              >
        ...
          <Collapsible data-slot="collapsible" defaultOpen={true} className="group/asse...">
            <CollapsibleProvider scope={undefined} disabled={undefined} contentId="radix-_R_1..." open={true} ...>
              <Primitive.div data-state="open" data-disabled={undefined} data-slot="collapsible" ...>
                <div data-state="open" data-disabled={undefined} data-slot="collapsible" className="group/asse..." ...>
                  <SidebarMenuItem className="list-none">
                    <li data-slot="sidebar-me..." data-sidebar="menu-item" className="group/menu...">
                      <CollapsibleTrigger asChild={true}>
                        <CollapsibleTrigger data-slot="collapsibl..." asChild={true}>
                          <Primitive.button type="button" aria-controls="radix-_R_1..." aria-expanded={true} ...>
                            <Primitive.button.Slot type="button" aria-controls="radix-_R_1..." aria-expanded={true} ...>
                              <Primitive.button.SlotClone type="button" aria-controls="radix-_R_1..." ...>
                                <SidebarMenuButton className="transition..." type="button" aria-controls="radix-_R_1..." ...>
                                  <button
                                    data-slot="collapsible-trigger"
                                    data-sidebar="menu-button"
                                    data-size="default"
                                    data-active={false}
                                    className={"peer/menu-button flex w-full items-center gap-2 overflow-hidden p-2 t..."}
                                    type="button"
+                                   aria-controls="radix-_R_15acnelb_"
-                                   aria-controls="radix-_R_4l9knelb_"
                                    aria-expanded={true}
                                    data-state="open"
                                    data-disabled={undefined}
                                    disabled={undefined}
                                    onClick={function handleEvent}
                                    ref={null}
                                  >
                      <CollapsibleContent>
                        <CollapsibleContent data-slot="collapsibl...">
                          <Presence present={true}>
                            <Primitive.div data-state="open" data-disabled={undefined} id="radix-_R_1..." hidden={false} ...>
                              <div
                                data-state="open"
                                data-disabled={undefined}
+                               id="radix-_R_15acnelb_"
-                               id="radix-_R_4l9knelb_"
                                hidden={false}
                                data-slot="collapsible-content"
                                style={{--radix-collapsible-content-height:undefined, ...}}
                                ref={function}
                              >
        ...
          <Collapsible data-slot="collapsible" defaultOpen={true} className="group/creator">
            <CollapsibleProvider scope={undefined} disabled={undefined} contentId="radix-_R_1..." open={true} ...>
              <Primitive.div data-state="open" data-disabled={undefined} data-slot="collapsible" ...>
                <div data-state="open" data-disabled={undefined} data-slot="collapsible" className="group/creator" ...>
                  <SidebarMenuItem className="list-none">
                    <li data-slot="sidebar-me..." data-sidebar="menu-item" className="group/menu...">
                      <CollapsibleTrigger asChild={true}>
                        <CollapsibleTrigger data-slot="collapsibl..." asChild={true}>
                          <Primitive.button type="button" aria-controls="radix-_R_1..." aria-expanded={true} ...>
                            <Primitive.button.Slot type="button" aria-controls="radix-_R_1..." aria-expanded={true} ...>
                              <Primitive.button.SlotClone type="button" aria-controls="radix-_R_1..." ...>
                                <SidebarMenuButton className="transition..." type="button" aria-controls="radix-_R_1..." ...>
                                  <button
                                    data-slot="collapsible-trigger"
                                    data-sidebar="menu-button"
                                    data-size="default"
                                    data-active={false}
                                    className={"peer/menu-button flex w-full items-center gap-2 overflow-hidden p-2 t..."}
                                    type="button"
+                                   aria-controls="radix-_R_17acnelb_"
-                                   aria-controls="radix-_R_4t9knelb_"
                                    aria-expanded={true}
                                    data-state="open"
                                    data-disabled={undefined}
                                    disabled={undefined}
                                    onClick={function handleEvent}
                                    ref={null}
                                  >
                      <CollapsibleContent>
                        <CollapsibleContent data-slot="collapsibl...">
                          <Presence present={true}>
                            <Primitive.div data-state="open" data-disabled={undefined} id="radix-_R_1..." hidden={false} ...>
                              <div
                                data-state="open"
                                data-disabled={undefined}
+                               id="radix-_R_17acnelb_"
-                               id="radix-_R_4t9knelb_"
                                hidden={false}
                                data-slot="collapsible-content"
                                style={{--radix-collapsible-content-height:undefined, ...}}
                                ref={function}
                              >
        ...
          <Collapsible data-slot="collapsible" defaultOpen={true} className="group/oper...">
            <CollapsibleProvider scope={undefined} disabled={undefined} contentId="radix-_R_1..." open={true} ...>
              <Primitive.div data-state="open" data-disabled={undefined} data-slot="collapsible" ...>
                <div data-state="open" data-disabled={undefined} data-slot="collapsible" className="group/oper..." ...>
                  <SidebarMenuItem className="list-none">
                    <li data-slot="sidebar-me..." data-sidebar="menu-item" className="group/menu...">
                      <CollapsibleTrigger asChild={true}>
                        <CollapsibleTrigger data-slot="collapsibl..." asChild={true}>
                          <Primitive.button type="button" aria-controls="radix-_R_1..." aria-expanded={true} ...>
                            <Primitive.button.Slot type="button" aria-controls="radix-_R_1..." aria-expanded={true} ...>
                              <Primitive.button.SlotClone type="button" aria-controls="radix-_R_1..." ...>
                                <SidebarMenuButton className="transition..." type="button" aria-controls="radix-_R_1..." ...>
                                  <button
                                    data-slot="collapsible-trigger"
                                    data-sidebar="menu-button"
                                    data-size="default"
                                    data-active={false}
                                    className={"peer/menu-button flex w-full items-center gap-2 overflow-hidden p-2 t..."}
                                    type="button"
+                                   aria-controls="radix-_R_19acnelb_"
-                                   aria-controls="radix-_R_559knelb_"
                                    aria-expanded={true}
                                    data-state="open"
                                    data-disabled={undefined}
                                    disabled={undefined}
                                    onClick={function handleEvent}
                                    ref={null}
                                  >
                      <CollapsibleContent>
                        <CollapsibleContent data-slot="collapsibl...">
                          <Presence present={true}>
                            <Primitive.div data-state="open" data-disabled={undefined} id="radix-_R_1..." hidden={false} ...>
                              <div
                                data-state="open"
                                data-disabled={undefined}
+                               id="radix-_R_19acnelb_"
-                               id="radix-_R_559knelb_"
                                hidden={false}
                                data-slot="collapsible-content"
                                style={{--radix-collapsible-content-height:undefined, ...}}
                                ref={function}
                              >
      <SidebarInset>
        <main data-slot="sidebar-inset" className="bg-backgro...">
          ...
            <DropdownMenuTrigger asChild={true}>
              <DropdownMenuTrigger data-slot="dropdown-m..." asChild={true}>
                <MenuAnchor asChild={true} __scopeMenu={{Menu:[...], ...}}>
                  <PopperAnchor __scopePopper={{Menu:[...], ...}} asChild={true} ref={null}>
                    <Primitive.div asChild={true} ref={function}>
                      <Primitive.div.Slot ref={function}>
                        <Primitive.div.SlotClone ref={function}>
                          <Primitive.button type="button" id="radix-_R_2..." aria-haspopup="menu" aria-expanded={false} ...>
                            <Primitive.button.Slot type="button" id="radix-_R_2..." aria-haspopup="menu" ...>
                              <Primitive.button.SlotClone type="button" id="radix-_R_2..." aria-haspopup="menu" ...>
                                <Button variant="ghost" size="sm" className="h-8 gap-2 ..." type="button" ...>
                                  <button
                                    data-slot="dropdown-menu-trigger"
                                    data-variant="ghost"
                                    data-size="sm"
                                    className={"inline-flex shrink-0 items-center justify-center text-sm font-medium ..."}
                                    type="button"
+                                   id="radix-_R_2dknelb_"
-                                   id="radix-_R_9mknelb_"
                                    aria-haspopup="menu"
                                    aria-expanded={false}
                                    aria-controls={undefined}
                                    data-state="closed"
                                    data-disabled={undefined}
                                    disabled={false}
                                    onPointerDown={function handleEvent}
                                    onKeyDown={function handleEvent}
                                    ref={function}
                                  >
          ...
            <div className="max-w-[140...">
              ...
                <Dialog data-slot="sheet" open={false} onOpenChange={function onOpenChange}>
                  <DialogProvider scope={undefined} triggerRef={{current:null}} contentRef={{current:null}} ...>
                    <SheetTrigger asChild={true}>
                      <DialogTrigger data-slot="sheet-trigger" asChild={true}>
                        <Primitive.button type="button" aria-haspopup="dialog" aria-expanded={false} ...>
                          <Primitive.button.Slot type="button" aria-haspopup="dialog" aria-expanded={false} ...>
                            <Primitive.button.SlotClone type="button" aria-haspopup="dialog" aria-expanded={false} ...>
                              <Button className="gap-2" type="button" aria-haspopup="dialog" aria-expanded={false} ...>
                                <button
                                  data-slot="sheet-trigger"
                                  data-variant="default"
                                  data-size="default"
                                  className={"inline-flex shrink-0 items-center justify-center rounded-md text-sm fon..."}
                                  type="button"
                                  aria-haspopup="dialog"
                                  aria-expanded={false}
+                                 aria-controls="radix-_R_135esneknelb_"
-                                 aria-controls="radix-_R_4clritqknelb_"
                                  data-state="closed"
                                  onClick={function handleEvent}
                                  ref={function}
                                >
                    ...
              <div>
              ...
                <SelectProvider scope={undefined} onNativeOptionAdd={function Select.useCallback} ...>
                  <SelectTrigger className="h-7 w-28 t...">
                    <SelectTrigger data-slot="select-tri..." data-size="default" className={"border-i..."}>
                      <PopperAnchor asChild={true} __scopePopper={{Popper:[...]}}>
                        <Primitive.div asChild={true} ref={function}>
                          <Primitive.div.Slot ref={function}>
                            <Primitive.div.SlotClone ref={function}>
                              <Primitive.button type="button" role="combobox" aria-controls="radix-_R_5..." ...>
                                <button
                                  type="button"
                                  role="combobox"
+                                 aria-controls="radix-_R_5n5esneknelb_"
-                                 aria-controls="radix-_R_mslritqknelb_"
                                  aria-expanded={false}
                                  aria-required={undefined}
                                  aria-autocomplete="none"
                                  dir="ltr"
                                  data-state="closed"
                                  disabled={false}
                                  data-disabled={undefined}
                                  data-placeholder={undefined}
                                  data-slot="select-trigger"
                                  data-size="default"
                                  className={"border-input data-[placeholder]:text-muted-foreground [&_svg:not([class..."}
                                  onClick={function handleEvent}
                                  onPointerDown={function handleEvent}
                                  onKeyDown={function handleEvent}
                                  ref={function}
                                >
                  ...
              ...
 @ http://localhost:3000/_next/static/chunks/node_modules_next_dist_f3530cac._.js:3127
[ 3425853ms] [ERROR] WebSocket connection to 'ws://localhost:3000/_next/webpack-hmr?id=8XniLGmeoGEzOCiX0WUaR' failed:  @ http://localhost:3000/_next/static/chunks/node_modules_next_dist_client_17643121._.js:10878
[ 3426860ms] [ERROR] WebSocket connection to 'ws://localhost:3000/_next/webpack-hmr?id=8XniLGmeoGEzOCiX0WUaR' failed: Error in connection establishment: net::ERR_CONNECTION_REFUSED @ http://localhost:3000/_next/static/chunks/node_modules_next_dist_client_17643121._.js:10878
[ 3427862ms] [ERROR] WebSocket connection to 'ws://localhost:3000/_next/webpack-hmr?id=8XniLGmeoGEzOCiX0WUaR' failed: Error in connection establishment: net::ERR_CONNECTION_REFUSED @ http://localhost:3000/_next/static/chunks/node_modules_next_dist_client_17643121._.js:10878
[ 3428864ms] [ERROR] WebSocket connection to 'ws://localhost:3000/_next/webpack-hmr?id=8XniLGmeoGEzOCiX0WUaR' failed: Error in connection establishment: net::ERR_CONNECTION_REFUSED @ http://localhost:3000/_next/static/chunks/node_modules_next_dist_client_17643121._.js:10878
[ 3429866ms] [ERROR] WebSocket connection to 'ws://localhost:3000/_next/webpack-hmr?id=8XniLGmeoGEzOCiX0WUaR' failed: Error in connection establishment: net::ERR_CONNECTION_REFUSED @ http://localhost:3000/_next/static/chunks/node_modules_next_dist_client_17643121._.js:10878
[ 3430869ms] [ERROR] WebSocket connection to 'ws://localhost:3000/_next/webpack-hmr?id=8XniLGmeoGEzOCiX0WUaR' failed: Error in connection establishment: net::ERR_CONNECTION_REFUSED @ http://localhost:3000/_next/static/chunks/node_modules_next_dist_client_17643121._.js:10878
[ 3435873ms] [ERROR] WebSocket connection to 'ws://localhost:3000/_next/webpack-hmr?id=8XniLGmeoGEzOCiX0WUaR' failed: Error in connection establishment: net::ERR_CONNECTION_REFUSED @ http://localhost:3000/_next/static/chunks/node_modules_next_dist_client_17643121._.js:10878
[ 3440884ms] [ERROR] WebSocket connection to 'ws://localhost:3000/_next/webpack-hmr?id=8XniLGmeoGEzOCiX0WUaR' failed: Error in connection establishment: net::ERR_CONNECTION_REFUSED @ http://localhost:3000/_next/static/chunks/node_modules_next_dist_client_17643121._.js:10878
[ 3445905ms] [ERROR] WebSocket connection to 'ws://localhost:3000/_next/webpack-hmr?id=8XniLGmeoGEzOCiX0WUaR' failed: Error in connection establishment: net::ERR_CONNECTION_REFUSED @ http://localhost:3000/_next/static/chunks/node_modules_next_dist_client_17643121._.js:10878
[ 3450938ms] [ERROR] WebSocket connection to 'ws://localhost:3000/_next/webpack-hmr?id=8XniLGmeoGEzOCiX0WUaR' failed: Error in connection establishment: net::ERR_CONNECTION_REFUSED @ http://localhost:3000/_next/static/chunks/node_modules_next_dist_client_17643121._.js:10878
[ 3456005ms] [ERROR] WebSocket connection to 'ws://localhost:3000/_next/webpack-hmr?id=8XniLGmeoGEzOCiX0WUaR' failed: Error in connection establishment: net::ERR_CONNECTION_REFUSED @ http://localhost:3000/_next/static/chunks/node_modules_next_dist_client_17643121._.js:10878
[ 3461107ms] [ERROR] WebSocket connection to 'ws://localhost:3000/_next/webpack-hmr?id=8XniLGmeoGEzOCiX0WUaR' failed: Error in connection establishment: net::ERR_CONNECTION_REFUSED @ http://localhost:3000/_next/static/chunks/node_modules_next_dist_client_17643121._.js:10878
[ 3466291ms] [ERROR] WebSocket connection to 'ws://localhost:3000/_next/webpack-hmr?id=8XniLGmeoGEzOCiX0WUaR' failed: Error in connection establishment: net::ERR_CONNECTION_REFUSED @ http://localhost:3000/_next/static/chunks/node_modules_next_dist_client_17643121._.js:10878
