[ 2091164ms] [ERROR] Failed to load resource: the server responded with a status of 500 (Internal Server Error) @ http://localhost:3000/employee-marketplace:0
[ 2091176ms] [ERROR] Failed to create employee: Error: Failed query: insert into "ai_employees" ("id", "organization_id", "slug", "name", "nickname", "title", "motto", "role_type", "authority_level", "auto_actions", "need_approval_actions", "status", "current_task", "work_preferences", "learned_patterns", "tasks_completed", "accuracy", "avg_response_time", "satisfaction", "is_preset", "disabled", "created_at", "updated_at") values (default, $1, $2, $3, $4, $5, $6, $7, $8, default, default, default, default, default, default, default, default, default, default, $9, default, default, default) returning "id", "organization_id", "slug", "name", "nickname", "title", "motto", "role_type", "authority_level", "auto_actions", "need_approval_actions", "status", "current_task", "work_preferences", "learned_patterns", "tasks_completed", "accuracy", "avg_response_time", "satisfaction", "is_preset", "disabled", "created_at", "updated_at"
params: ,test,1,1,1,1,custom,advisor,0
    at  createEmployee (about://React/Server/file:///Users/zhuyu/dev/chinamcloud/vibetide/.next/dev/server/chunks/ssr/_e34082b0._.js?36:204:24)
    at resolveErrorDev (http://localhost:3000/_next/static/chunks/node_modules_next_dist_compiled_react-server-dom-turbopack_9212ccad._.js:1894:106)
    at processFullStringRow (http://localhost:3000/_next/static/chunks/node_modules_next_dist_compiled_react-server-dom-turbopack_9212ccad._.js:2402:29)
    at processFullBinaryRow (http://localhost:3000/_next/static/chunks/node_modules_next_dist_compiled_react-server-dom-turbopack_9212ccad._.js:2361:9)
    at processBinaryChunk (http://localhost:3000/_next/static/chunks/node_modules_next_dist_compiled_react-server-dom-turbopack_9212ccad._.js:2470:221)
    at progress (http://localhost:3000/_next/static/chunks/node_modules_next_dist_compiled_react-server-dom-turbopack_9212ccad._.js:2640:13) @ http://localhost:3000/_next/static/chunks/node_modules_next_dist_f3530cac._.js:3127
[ 2553467ms] [WARNING] %c%s%c [auth] user_profiles query failed, returning null org background: #e6e6e6;background: light-dark(rgba(0,0,0,0.1), rgba(255,255,255,0.25));color: #000000;color: light-dark(#000000, #ffffff);border-radius: 2px  Server   @ http://localhost:3000/_next/static/chunks/node_modules_next_dist_f3530cac._.js:2297
[ 2555045ms] [WARNING] %c%s%c [auth] user_profiles query failed, returning null org background: #e6e6e6;background: light-dark(rgba(0,0,0,0.1), rgba(255,255,255,0.25));color: #000000;color: light-dark(#000000, #ffffff);border-radius: 2px  Server   @ http://localhost:3000/_next/static/chunks/node_modules_next_dist_f3530cac._.js:2297
[ 2780653ms] [WARNING] %c%s%c [auth] user_profiles query failed, returning null org background: #e6e6e6;background: light-dark(rgba(0,0,0,0.1), rgba(255,255,255,0.25));color: #000000;color: light-dark(#000000, #ffffff);border-radius: 2px  Server   @ http://localhost:3000/_next/static/chunks/node_modules_next_dist_f3530cac._.js:2297
[ 2781416ms] [WARNING] %c%s%c [auth] user_profiles query failed, returning null org background: #e6e6e6;background: light-dark(rgba(0,0,0,0.1), rgba(255,255,255,0.25));color: #000000;color: light-dark(#000000, #ffffff);border-radius: 2px  Server   @ http://localhost:3000/_next/static/chunks/node_modules_next_dist_f3530cac._.js:2297
[ 2782662ms] [WARNING] %c%s%c [auth] user_profiles query failed, returning null org background: #e6e6e6;background: light-dark(rgba(0,0,0,0.1), rgba(255,255,255,0.25));color: #000000;color: light-dark(#000000, #ffffff);border-radius: 2px  Server   @ http://localhost:3000/_next/static/chunks/node_modules_next_dist_f3530cac._.js:2297
[ 2786194ms] [WARNING] %c%s%c [auth] user_profiles query failed, returning null org background: #e6e6e6;background: light-dark(rgba(0,0,0,0.1), rgba(255,255,255,0.25));color: #000000;color: light-dark(#000000, #ffffff);border-radius: 2px  Server   @ http://localhost:3000/_next/static/chunks/node_modules_next_dist_f3530cac._.js:2297
[ 2789694ms] [WARNING] %c%s%c [auth] user_profiles query failed, returning null org background: #e6e6e6;background: light-dark(rgba(0,0,0,0.1), rgba(255,255,255,0.25));color: #000000;color: light-dark(#000000, #ffffff);border-radius: 2px  Server   @ http://localhost:3000/_next/static/chunks/node_modules_next_dist_f3530cac._.js:2297
[ 2793363ms] [WARNING] %c%s%c [auth] user_profiles query failed, returning null org background: #e6e6e6;background: light-dark(rgba(0,0,0,0.1), rgba(255,255,255,0.25));color: #000000;color: light-dark(#000000, #ffffff);border-radius: 2px  Server   @ http://localhost:3000/_next/static/chunks/node_modules_next_dist_f3530cac._.js:2297
[ 2793662ms] [WARNING] %c%s%c [auth] user_profiles query failed, returning null org background: #e6e6e6;background: light-dark(rgba(0,0,0,0.1), rgba(255,255,255,0.25));color: #000000;color: light-dark(#000000, #ffffff);border-radius: 2px  Server   @ http://localhost:3000/_next/static/chunks/node_modules_next_dist_f3530cac._.js:2297
[ 2794620ms] [WARNING] %c%s%c [auth] user_profiles query failed, returning null org background: #e6e6e6;background: light-dark(rgba(0,0,0,0.1), rgba(255,255,255,0.25));color: #000000;color: light-dark(#000000, #ffffff);border-radius: 2px  Server   @ http://localhost:3000/_next/static/chunks/node_modules_next_dist_f3530cac._.js:2297
[ 2804433ms] [WARNING] %c%s%c [auth] user_profiles query failed, returning null org background: #e6e6e6;background: light-dark(rgba(0,0,0,0.1), rgba(255,255,255,0.25));color: #000000;color: light-dark(#000000, #ffffff);border-radius: 2px  Server   @ http://localhost:3000/_next/static/chunks/node_modules_next_dist_f3530cac._.js:2297
[ 2954587ms] [WARNING] %c%s%c [auth] user_profiles query failed, returning null org background: #e6e6e6;background: light-dark(rgba(0,0,0,0.1), rgba(255,255,255,0.25));color: #000000;color: light-dark(#000000, #ffffff);border-radius: 2px  Server   @ http://localhost:3000/_next/static/chunks/node_modules_next_dist_f3530cac._.js:2297
