[ 1378975ms] Error: Failed query: select "id", "organization_id", "name", "category", "type", "version", "description", "content", "input_schema", "output_schema", "runtime_config", "compatible_roles", "created_at", "updated_at" from "skills" "skills" where "skills"."id" = $1 limit $2
params: 50000000-0000-4000-8000-000000000008,1
    at  getSkillDetail (about://React/Server/file:///Users/zhuyu/dev/chinamcloud/vibetide/.next/dev/server/chunks/ssr/%5Broot-of-the-server%5D__8410e855._.js?37:97:17)
    at  SkillDetailPage (about://React/Server/file:///Users/zhuyu/dev/chinamcloud/vibetide/.next/dev/server/chunks/ssr/%5Broot-of-the-server%5D__8410e855._.js?38:214:19)
    at resolveErrorDev (http://localhost:3000/_next/static/chunks/node_modules_next_dist_compiled_react-server-dom-turbopack_9212ccad._.js:1894:148)
    at processFullStringRow (http://localhost:3000/_next/static/chunks/node_modules_next_dist_compiled_react-server-dom-turbopack_9212ccad._.js:2402:29)
    at processFullBinaryRow (http://localhost:3000/_next/static/chunks/node_modules_next_dist_compiled_react-server-dom-turbopack_9212ccad._.js:2361:9)
    at processBinaryChunk (http://localhost:3000/_next/static/chunks/node_modules_next_dist_compiled_react-server-dom-turbopack_9212ccad._.js:2470:221)
    at progress (http://localhost:3000/_next/static/chunks/node_modules_next_dist_compiled_react-server-dom-turbopack_9212ccad._.js:2640:13)
[ 1764257ms] [WARNING] [Fast Refresh] performing full reload because your application had an unrecoverable error @ http://localhost:3000/_next/static/chunks/node_modules_next_dist_f3530cac._.js:2297
[ 1764325ms] Error: Failed query: select "id", "organization_id", "name", "category", "type", "version", "description", "content", "input_schema", "output_schema", "runtime_config", "compatible_roles", "created_at", "updated_at" from "skills" "skills" where "skills"."id" = $1 limit $2
params: 50000000-0000-4000-8000-000000000008,1
    at  getSkillDetail (about://React/Server/file:///Users/zhuyu/dev/chinamcloud/vibetide/.next/dev/server/chunks/ssr/%5Broot-of-the-server%5D__8410e855._.js?37:97:17)
    at  SkillDetailPage (about://React/Server/file:///Users/zhuyu/dev/chinamcloud/vibetide/.next/dev/server/chunks/ssr/%5Broot-of-the-server%5D__8410e855._.js?38:214:19)
    at resolveErrorDev (http://localhost:3000/_next/static/chunks/node_modules_next_dist_compiled_react-server-dom-turbopack_9212ccad._.js:1894:148)
    at processFullStringRow (http://localhost:3000/_next/static/chunks/node_modules_next_dist_compiled_react-server-dom-turbopack_9212ccad._.js:2402:29)
    at processFullBinaryRow (http://localhost:3000/_next/static/chunks/node_modules_next_dist_compiled_react-server-dom-turbopack_9212ccad._.js:2361:9)
    at processBinaryChunk (http://localhost:3000/_next/static/chunks/node_modules_next_dist_compiled_react-server-dom-turbopack_9212ccad._.js:2470:221)
    at progress (http://localhost:3000/_next/static/chunks/node_modules_next_dist_compiled_react-server-dom-turbopack_9212ccad._.js:2640:13)
[ 1806563ms] ReferenceError: getShortDescription is not defined
    at SkillDetailClient (http://localhost:3000/_next/static/chunks/src_4ef50fa3._.js?id=%255Bproject%255D%252Fsrc%252Fapp%252F%2528dashboard%2529%252Fskills%252F%255Bid%255D%252Fskill-detail-client.tsx+%255Bapp-client%255D+%2528ecmascript%2529:126:23)
    at Object.react_stack_bottom_frame (http://localhost:3000/_next/static/chunks/node_modules_next_dist_compiled_react-dom_1e674e59._.js:14826:24)
    at renderWithHooks (http://localhost:3000/_next/static/chunks/node_modules_next_dist_compiled_react-dom_1e674e59._.js:4651:24)
    at updateFunctionComponent (http://localhost:3000/_next/static/chunks/node_modules_next_dist_compiled_react-dom_1e674e59._.js:6112:21)
    at beginWork (http://localhost:3000/_next/static/chunks/node_modules_next_dist_compiled_react-dom_1e674e59._.js:6708:24)
    at runWithFiberInDEV (http://localhost:3000/_next/static/chunks/node_modules_next_dist_compiled_react-dom_1e674e59._.js:965:74)
    at performUnitOfWork (http://localhost:3000/_next/static/chunks/node_modules_next_dist_compiled_react-dom_1e674e59._.js:9562:97)
    at workLoopSync (http://localhost:3000/_next/static/chunks/node_modules_next_dist_compiled_react-dom_1e674e59._.js:9456:40)
    at renderRootSync (http://localhost:3000/_next/static/chunks/node_modules_next_dist_compiled_react-dom_1e674e59._.js:9440:13)
    at performWorkOnRoot (http://localhost:3000/_next/static/chunks/node_modules_next_dist_compiled_react-dom_1e674e59._.js:9105:47)
    at performSyncWorkOnRoot (http://localhost:3000/_next/static/chunks/node_modules_next_dist_compiled_react-dom_1e674e59._.js:10238:9)
    at flushSyncWorkAcrossRoots_impl (http://localhost:3000/_next/static/chunks/node_modules_next_dist_compiled_react-dom_1e674e59._.js:10154:316)
    at flushSyncWork$1 (http://localhost:3000/_next/static/chunks/node_modules_next_dist_compiled_react-dom_1e674e59._.js:9237:86)
    at Object.scheduleRefresh (http://localhost:3000/_next/static/chunks/node_modules_next_dist_compiled_react-dom_1e674e59._.js:299:13)
    at http://localhost:3000/_next/static/chunks/node_modules_next_dist_compiled_a0e4c7b4._.js:391:33
    at Set.forEach (<anonymous>)
    at Object.performReactRefresh (http://localhost:3000/_next/static/chunks/node_modules_next_dist_compiled_a0e4c7b4._.js:384:38)
    at applyUpdate (http://localhost:3000/_next/static/chunks/node_modules_next_dist_compiled_a0e4c7b4._.js:878:31)
    at http://localhost:3000/_next/static/chunks/node_modules_next_dist_compiled_a0e4c7b4._.js:886:13
[ 1813036ms] [WARNING] [Fast Refresh] performing full reload because your application had an unrecoverable error @ http://localhost:3000/_next/static/chunks/node_modules_next_dist_f3530cac._.js:2297
[ 3043538ms] Error: Failed query: select "id", "organization_id", "name", "category", "type", "version", "description", "content", "input_schema", "output_schema", "runtime_config", "compatible_roles", "created_at", "updated_at" from "skills" "skills" where "skills"."id" = $1 limit $2
params: 50000000-0000-4000-8000-000000000008,1
    at  getSkillDetail (about://React/Server/file:///Users/zhuyu/dev/chinamcloud/vibetide/.next/dev/server/chunks/ssr/%5Broot-of-the-server%5D__8410e855._.js?68:102:17)
    at  SkillDetailPage (about://React/Server/file:///Users/zhuyu/dev/chinamcloud/vibetide/.next/dev/server/chunks/ssr/%5Broot-of-the-server%5D__8410e855._.js?69:238:19)
    at resolveErrorDev (http://localhost:3000/_next/static/chunks/node_modules_next_dist_compiled_react-server-dom-turbopack_9212ccad._.js:1894:148)
    at processFullStringRow (http://localhost:3000/_next/static/chunks/node_modules_next_dist_compiled_react-server-dom-turbopack_9212ccad._.js:2402:29)
    at processFullBinaryRow (http://localhost:3000/_next/static/chunks/node_modules_next_dist_compiled_react-server-dom-turbopack_9212ccad._.js:2361:9)
    at processBinaryChunk (http://localhost:3000/_next/static/chunks/node_modules_next_dist_compiled_react-server-dom-turbopack_9212ccad._.js:2470:221)
    at progress (http://localhost:3000/_next/static/chunks/node_modules_next_dist_compiled_react-server-dom-turbopack_9212ccad._.js:2640:13)
[ 3099853ms] [WARNING] [Fast Refresh] performing full reload because your application had an unrecoverable error @ http://localhost:3000/_next/static/chunks/node_modules_next_dist_f3530cac._.js:2297
[ 3127399ms] Error: Failed query: select "id", "skill_id", "organization_id", "file_type", "file_name", "file_path", "content", "created_at", "updated_at" from "skill_files" "skillFiles" where "skillFiles"."skill_id" = $1 order by "skillFiles"."file_type" asc, "skillFiles"."file_name" asc
params: 50000000-0000-4000-8000-000000000008
    at getSkillDetailWithFiles (about://React/Server/file:///Users/zhuyu/dev/chinamcloud/vibetide/.next/dev/server/chunks/ssr/%5Broot-of-the-server%5D__8410e855._.js?41:147:19)
    at SkillDetailPage (about://React/Server/file:///Users/zhuyu/dev/chinamcloud/vibetide/.next/dev/server/chunks/ssr/%5Broot-of-the-server%5D__8410e855._.js?11:238:19)
    at resolveErrorDev (http://localhost:3000/_next/static/chunks/node_modules_next_dist_compiled_react-server-dom-turbopack_9212ccad._.js:1894:148)
    at processFullStringRow (http://localhost:3000/_next/static/chunks/node_modules_next_dist_compiled_react-server-dom-turbopack_9212ccad._.js:2402:29)
    at processFullBinaryRow (http://localhost:3000/_next/static/chunks/node_modules_next_dist_compiled_react-server-dom-turbopack_9212ccad._.js:2361:9)
    at processBinaryChunk (http://localhost:3000/_next/static/chunks/node_modules_next_dist_compiled_react-server-dom-turbopack_9212ccad._.js:2470:221)
    at progress (http://localhost:3000/_next/static/chunks/node_modules_next_dist_compiled_react-server-dom-turbopack_9212ccad._.js:2640:13)
[ 3233370ms] [WARNING] [Fast Refresh] performing full reload because your application had an unrecoverable error @ http://localhost:3000/_next/static/chunks/node_modules_next_dist_f3530cac._.js:2297
[ 3233405ms] [WARNING] [Fast Refresh] performing full reload because your application had an unrecoverable error @ http://localhost:3000/_next/static/chunks/node_modules_next_dist_f3530cac._.js:2297
[ 3241011ms] [ERROR] Failed to load resource: the server responded with a status of 500 (Internal Server Error) @ http://localhost:3000/skills/50000000-0000-4000-8000-000000000008:0
[ 3241215ms] Error: Failed query: select "id", "skill_id", "organization_id", "file_type", "file_name", "file_path", "content", "created_at", "updated_at" from "skill_files" "skillFiles" where "skillFiles"."skill_id" = $1 order by "skillFiles"."file_type" asc, "skillFiles"."file_name" asc
params: 50000000-0000-4000-8000-000000000008
    at getSkillDetailWithFiles (about://React/Server/file:///Users/zhuyu/dev/chinamcloud/vibetide/.next/dev/server/chunks/ssr/%5Broot-of-the-server%5D__8410e855._.js?28:147:19)
    at SkillDetailPage (about://React/Server/file:///Users/zhuyu/dev/chinamcloud/vibetide/.next/dev/server/chunks/ssr/%5Broot-of-the-server%5D__8410e855._.js?27:238:19)
    at resolveErrorDev (http://localhost:3000/_next/static/chunks/node_modules_next_dist_compiled_react-server-dom-turbopack_9212ccad._.js:1894:148)
    at processFullStringRow (http://localhost:3000/_next/static/chunks/node_modules_next_dist_compiled_react-server-dom-turbopack_9212ccad._.js:2402:29)
    at processFullBinaryRow (http://localhost:3000/_next/static/chunks/node_modules_next_dist_compiled_react-server-dom-turbopack_9212ccad._.js:2361:9)
    at processBinaryChunk (http://localhost:3000/_next/static/chunks/node_modules_next_dist_compiled_react-server-dom-turbopack_9212ccad._.js:2470:221)
    at progress (http://localhost:3000/_next/static/chunks/node_modules_next_dist_compiled_react-server-dom-turbopack_9212ccad._.js:2640:13)
[ 3244176ms] [WARNING] The resource http://localhost:3000/_next/static/chunks/src_app_globals_91e4631d.css was preloaded using link preload but not used within a few seconds from the window's load event. Please make sure it has an appropriate `as` value and it is preloaded intentionally. @ http://localhost:3000/skills/50000000-0000-4000-8000-000000000008:0
[20410377ms] [WARNING] The resource http://localhost:3000/_next/static/chunks/src_app_globals_91e4631d.css was preloaded using link preload but not used within a few seconds from the window's load event. Please make sure it has an appropriate `as` value and it is preloaded intentionally. @ http://localhost:3000/skills/50000000-0000-4000-8000-000000000008:0
[20413792ms] [ERROR] Failed to load resource: the server responded with a status of 500 (Internal Server Error) @ http://localhost:3000/skills/50000000-0000-4000-8000-000000000008:0
[20414123ms] ReferenceError: SkillFormDialog is not defined
    at SkillDetailClient (http://localhost:3000/_next/static/chunks/src_92392d27._.js:2427:216)
    at Object.react_stack_bottom_frame (http://localhost:3000/_next/static/chunks/node_modules_next_dist_compiled_react-dom_1e674e59._.js:14826:24)
    at renderWithHooks (http://localhost:3000/_next/static/chunks/node_modules_next_dist_compiled_react-dom_1e674e59._.js:4651:24)
    at updateFunctionComponent (http://localhost:3000/_next/static/chunks/node_modules_next_dist_compiled_react-dom_1e674e59._.js:6112:21)
    at beginWork (http://localhost:3000/_next/static/chunks/node_modules_next_dist_compiled_react-dom_1e674e59._.js:6687:639)
    at runWithFiberInDEV (http://localhost:3000/_next/static/chunks/node_modules_next_dist_compiled_react-dom_1e674e59._.js:965:74)
    at performUnitOfWork (http://localhost:3000/_next/static/chunks/node_modules_next_dist_compiled_react-dom_1e674e59._.js:9562:97)
    at workLoopSync (http://localhost:3000/_next/static/chunks/node_modules_next_dist_compiled_react-dom_1e674e59._.js:9456:40)
    at renderRootSync (http://localhost:3000/_next/static/chunks/node_modules_next_dist_compiled_react-dom_1e674e59._.js:9440:13)
    at performWorkOnRoot (http://localhost:3000/_next/static/chunks/node_modules_next_dist_compiled_react-dom_1e674e59._.js:9105:47)
    at performWorkOnRootViaSchedulerTask (http://localhost:3000/_next/static/chunks/node_modules_next_dist_compiled_react-dom_1e674e59._.js:10230:9)
    at MessagePort.performWorkUntilDeadline (http://localhost:3000/_next/static/chunks/node_modules_next_dist_compiled_a0e4c7b4._.js:2647:64)
[20417100ms] [WARNING] The resource http://localhost:3000/_next/static/chunks/src_app_globals_91e4631d.css was preloaded using link preload but not used within a few seconds from the window's load event. Please make sure it has an appropriate `as` value and it is preloaded intentionally. @ http://localhost:3000/skills/50000000-0000-4000-8000-000000000008:0
[20434074ms] [WARNING] [Fast Refresh] performing full reload because your application had an unrecoverable error @ http://localhost:3000/_next/static/chunks/node_modules_next_dist_f3530cac._.js:2297
[20437076ms] [WARNING] The resource http://localhost:3000/_next/static/chunks/src_app_globals_91e4631d.css was preloaded using link preload but not used within a few seconds from the window's load event. Please make sure it has an appropriate `as` value and it is preloaded intentionally. @ http://localhost:3000/skills/50000000-0000-4000-8000-000000000008:0
[20439571ms] [ERROR] Failed to load resource: the server responded with a status of 500 (Internal Server Error) @ http://localhost:3000/skills/50000000-0000-4000-8000-000000000008:0
[20439776ms] ReferenceError: SkillFormDialog is not defined
    at SkillDetailClient (http://localhost:3000/_next/static/chunks/src_92392d27._.js:2463:216)
    at Object.react_stack_bottom_frame (http://localhost:3000/_next/static/chunks/node_modules_next_dist_compiled_react-dom_1e674e59._.js:14826:24)
    at renderWithHooks (http://localhost:3000/_next/static/chunks/node_modules_next_dist_compiled_react-dom_1e674e59._.js:4651:24)
    at updateFunctionComponent (http://localhost:3000/_next/static/chunks/node_modules_next_dist_compiled_react-dom_1e674e59._.js:6112:21)
    at beginWork (http://localhost:3000/_next/static/chunks/node_modules_next_dist_compiled_react-dom_1e674e59._.js:6687:639)
    at runWithFiberInDEV (http://localhost:3000/_next/static/chunks/node_modules_next_dist_compiled_react-dom_1e674e59._.js:965:74)
    at performUnitOfWork (http://localhost:3000/_next/static/chunks/node_modules_next_dist_compiled_react-dom_1e674e59._.js:9562:97)
    at workLoopSync (http://localhost:3000/_next/static/chunks/node_modules_next_dist_compiled_react-dom_1e674e59._.js:9456:40)
    at renderRootSync (http://localhost:3000/_next/static/chunks/node_modules_next_dist_compiled_react-dom_1e674e59._.js:9440:13)
    at performWorkOnRoot (http://localhost:3000/_next/static/chunks/node_modules_next_dist_compiled_react-dom_1e674e59._.js:9105:47)
    at performWorkOnRootViaSchedulerTask (http://localhost:3000/_next/static/chunks/node_modules_next_dist_compiled_react-dom_1e674e59._.js:10230:9)
    at MessagePort.performWorkUntilDeadline (http://localhost:3000/_next/static/chunks/node_modules_next_dist_compiled_a0e4c7b4._.js:2647:64)
[20439906ms] [WARNING] [Fast Refresh] performing full reload because your application had an unrecoverable error @ http://localhost:3000/_next/static/chunks/node_modules_next_dist_f3530cac._.js:2297
[20442908ms] [WARNING] The resource http://localhost:3000/_next/static/chunks/src_app_globals_91e4631d.css was preloaded using link preload but not used within a few seconds from the window's load event. Please make sure it has an appropriate `as` value and it is preloaded intentionally. @ http://localhost:3000/skills/50000000-0000-4000-8000-000000000008:0
[20445737ms] [ERROR] Failed to load resource: the server responded with a status of 500 (Internal Server Error) @ http://localhost:3000/skills/50000000-0000-4000-8000-000000000008:0
[20445946ms] ReferenceError: SkillFormDialog is not defined
    at SkillDetailClient (http://localhost:3000/_next/static/chunks/src_92392d27._.js:2442:216)
    at Object.react_stack_bottom_frame (http://localhost:3000/_next/static/chunks/node_modules_next_dist_compiled_react-dom_1e674e59._.js:14826:24)
    at renderWithHooks (http://localhost:3000/_next/static/chunks/node_modules_next_dist_compiled_react-dom_1e674e59._.js:4651:24)
    at updateFunctionComponent (http://localhost:3000/_next/static/chunks/node_modules_next_dist_compiled_react-dom_1e674e59._.js:6112:21)
    at beginWork (http://localhost:3000/_next/static/chunks/node_modules_next_dist_compiled_react-dom_1e674e59._.js:6687:639)
    at runWithFiberInDEV (http://localhost:3000/_next/static/chunks/node_modules_next_dist_compiled_react-dom_1e674e59._.js:965:74)
    at performUnitOfWork (http://localhost:3000/_next/static/chunks/node_modules_next_dist_compiled_react-dom_1e674e59._.js:9562:97)
    at workLoopSync (http://localhost:3000/_next/static/chunks/node_modules_next_dist_compiled_react-dom_1e674e59._.js:9456:40)
    at renderRootSync (http://localhost:3000/_next/static/chunks/node_modules_next_dist_compiled_react-dom_1e674e59._.js:9440:13)
    at performWorkOnRoot (http://localhost:3000/_next/static/chunks/node_modules_next_dist_compiled_react-dom_1e674e59._.js:9105:47)
    at performWorkOnRootViaSchedulerTask (http://localhost:3000/_next/static/chunks/node_modules_next_dist_compiled_react-dom_1e674e59._.js:10230:9)
    at MessagePort.performWorkUntilDeadline (http://localhost:3000/_next/static/chunks/node_modules_next_dist_compiled_a0e4c7b4._.js:2647:64)
[20448950ms] [WARNING] The resource http://localhost:3000/_next/static/chunks/src_app_globals_91e4631d.css was preloaded using link preload but not used within a few seconds from the window's load event. Please make sure it has an appropriate `as` value and it is preloaded intentionally. @ http://localhost:3000/skills/50000000-0000-4000-8000-000000000008:0
[20468415ms] [WARNING] [Fast Refresh] performing full reload because your application had an unrecoverable error @ http://localhost:3000/_next/static/chunks/node_modules_next_dist_f3530cac._.js:2297
[20468471ms] Error: No link element found for chunk /_next/static/chunks/src_app_globals_91e4631d.css
    at http://localhost:3000/_next/static/chunks/turbopack-_23a915ee._.js:1801:28
    at new Promise (<anonymous>)
    at Object.reloadChunk (http://localhost:3000/_next/static/chunks/turbopack-_23a915ee._.js:1793:20)
    at applyChunkListUpdate (http://localhost:3000/_next/static/chunks/turbopack-_23a915ee._.js:1174:46)
    at applyUpdate (http://localhost:3000/_next/static/chunks/turbopack-_23a915ee._.js:1148:13)
    at handleApply (http://localhost:3000/_next/static/chunks/turbopack-_23a915ee._.js:1368:17)
    at triggerUpdate (http://localhost:3000/_next/static/chunks/%5Bturbopack%5D_browser_dev_hmr-client_hmr-client_ts_c8c997ce._.js:452:9)
    at applyAggregatedUpdates (http://localhost:3000/_next/static/chunks/%5Bturbopack%5D_browser_dev_hmr-client_hmr-client_ts_c8c997ce._.js:98:9)
    at http://localhost:3000/_next/static/chunks/%5Bturbopack%5D_browser_dev_hmr-client_hmr-client_ts_c8c997ce._.js:32:21
    at processTurbopackMessage (http://localhost:3000/_next/static/chunks/node_modules_next_dist_client_17643121._.js:10950:13)
    at processMessage (http://localhost:3000/_next/static/chunks/node_modules_next_dist_client_17643121._.js:11591:17)
    at WebSocket.handleMessage (http://localhost:3000/_next/static/chunks/node_modules_next_dist_client_17643121._.js:10914:52)
[20468754ms] [WARNING] [Fast Refresh] performing full reload because your application had an unrecoverable error @ http://localhost:3000/_next/static/chunks/node_modules_next_dist_f3530cac._.js:2297
[20471763ms] [WARNING] The resource http://localhost:3000/_next/static/chunks/src_app_globals_91e4631d.css was preloaded using link preload but not used within a few seconds from the window's load event. Please make sure it has an appropriate `as` value and it is preloaded intentionally. @ http://localhost:3000/skills/50000000-0000-4000-8000-000000000008:0
[20474290ms] [WARNING] [Fast Refresh] performing full reload because your application had an unrecoverable error @ http://localhost:3000/_next/static/chunks/node_modules_next_dist_f3530cac._.js:2297
[20474617ms] [ERROR] Failed to load resource: the server responded with a status of 500 (Internal Server Error) @ http://localhost:3000/skills/50000000-0000-4000-8000-000000000008:0
[21863496ms] Error: Failed query: select "id", "skill_id", "organization_id", "version", "version_number", "snapshot", "change_description", "changed_by", "created_at" from "skill_versions" "skillVersions" where "skillVersions"."skill_id" = $1 order by "skillVersions"."version_number" desc
params: 50000000-0000-4000-8000-000000000008
    at Promise.all (<anonymous>:1:20)
    at SkillDetailPage (about://React/Server/file:///Users/zhuyu/dev/chinamcloud/vibetide/.next/dev/server/chunks/ssr/%5Broot-of-the-server%5D__8410e855._.js?86:325:31)
    at resolveErrorDev (http://localhost:3000/_next/static/chunks/node_modules_next_dist_compiled_react-server-dom-turbopack_9212ccad._.js:1894:148)
    at processFullStringRow (http://localhost:3000/_next/static/chunks/node_modules_next_dist_compiled_react-server-dom-turbopack_9212ccad._.js:2402:29)
    at processFullBinaryRow (http://localhost:3000/_next/static/chunks/node_modules_next_dist_compiled_react-server-dom-turbopack_9212ccad._.js:2361:9)
    at processBinaryChunk (http://localhost:3000/_next/static/chunks/node_modules_next_dist_compiled_react-server-dom-turbopack_9212ccad._.js:2470:221)
    at progress (http://localhost:3000/_next/static/chunks/node_modules_next_dist_compiled_react-server-dom-turbopack_9212ccad._.js:2640:13)
[21872065ms] [WARNING] [Fast Refresh] performing full reload because your application had an unrecoverable error @ http://localhost:3000/_next/static/chunks/node_modules_next_dist_f3530cac._.js:2297
[21872135ms] Error: Failed query: select "id", "skill_id", "organization_id", "version", "version_number", "snapshot", "change_description", "changed_by", "created_at" from "skill_versions" "skillVersions" where "skillVersions"."skill_id" = $1 order by "skillVersions"."version_number" desc
params: 50000000-0000-4000-8000-000000000008
    at Promise.all (<anonymous>:1:20)
    at SkillDetailPage (about://React/Server/file:///Users/zhuyu/dev/chinamcloud/vibetide/.next/dev/server/chunks/ssr/%5Broot-of-the-server%5D__8410e855._.js?86:325:31)
    at resolveErrorDev (http://localhost:3000/_next/static/chunks/node_modules_next_dist_compiled_react-server-dom-turbopack_9212ccad._.js:1894:148)
    at processFullStringRow (http://localhost:3000/_next/static/chunks/node_modules_next_dist_compiled_react-server-dom-turbopack_9212ccad._.js:2402:29)
    at processFullBinaryRow (http://localhost:3000/_next/static/chunks/node_modules_next_dist_compiled_react-server-dom-turbopack_9212ccad._.js:2361:9)
    at processBinaryChunk (http://localhost:3000/_next/static/chunks/node_modules_next_dist_compiled_react-server-dom-turbopack_9212ccad._.js:2470:221)
    at progress (http://localhost:3000/_next/static/chunks/node_modules_next_dist_compiled_react-server-dom-turbopack_9212ccad._.js:2640:13)
[21878538ms] [ERROR] Failed to load resource: the server responded with a status of 500 (Internal Server Error) @ http://localhost:3000/skills/50000000-0000-4000-8000-000000000008:0
[21878797ms] Error: Failed query: select "id", "skill_id", "organization_id", "version", "version_number", "snapshot", "change_description", "changed_by", "created_at" from "skill_versions" "skillVersions" where "skillVersions"."skill_id" = $1 order by "skillVersions"."version_number" desc
params: 50000000-0000-4000-8000-000000000008
    at Promise.all (<anonymous>:1:20)
    at SkillDetailPage (about://React/Server/file:///Users/zhuyu/dev/chinamcloud/vibetide/.next/dev/server/chunks/ssr/%5Broot-of-the-server%5D__8410e855._.js?8:325:31)
    at resolveErrorDev (http://localhost:3000/_next/static/chunks/node_modules_next_dist_compiled_react-server-dom-turbopack_9212ccad._.js:1894:148)
    at processFullStringRow (http://localhost:3000/_next/static/chunks/node_modules_next_dist_compiled_react-server-dom-turbopack_9212ccad._.js:2402:29)
    at processFullBinaryRow (http://localhost:3000/_next/static/chunks/node_modules_next_dist_compiled_react-server-dom-turbopack_9212ccad._.js:2361:9)
    at processBinaryChunk (http://localhost:3000/_next/static/chunks/node_modules_next_dist_compiled_react-server-dom-turbopack_9212ccad._.js:2470:221)
    at progress (http://localhost:3000/_next/static/chunks/node_modules_next_dist_compiled_react-server-dom-turbopack_9212ccad._.js:2640:13)
[21881803ms] [WARNING] The resource http://localhost:3000/_next/static/chunks/src_app_globals_91e4631d.css was preloaded using link preload but not used within a few seconds from the window's load event. Please make sure it has an appropriate `as` value and it is preloaded intentionally. @ http://localhost:3000/skills/50000000-0000-4000-8000-000000000008:0
[21901442ms] [WARNING] The resource http://localhost:3000/_next/static/chunks/src_app_globals_91e4631d.css was preloaded using link preload but not used within a few seconds from the window's load event. Please make sure it has an appropriate `as` value and it is preloaded intentionally. @ http://localhost:3000/skills/50000000-0000-4000-8000-000000000008:0
[21904317ms] [ERROR] Failed to load resource: the server responded with a status of 500 (Internal Server Error) @ http://localhost:3000/skills/50000000-0000-4000-8000-000000000008:0
[21904506ms] Error: Failed query: select "id", "skill_id", "organization_id", "version", "version_number", "snapshot", "change_description", "changed_by", "created_at" from "skill_versions" "skillVersions" where "skillVersions"."skill_id" = $1 order by "skillVersions"."version_number" desc
params: 50000000-0000-4000-8000-000000000008
    at Promise.all (<anonymous>:1:20)
    at SkillDetailPage (about://React/Server/file:///Users/zhuyu/dev/chinamcloud/vibetide/.next/dev/server/chunks/ssr/%5Broot-of-the-server%5D__8410e855._.js?8:325:31)
    at resolveErrorDev (http://localhost:3000/_next/static/chunks/node_modules_next_dist_compiled_react-server-dom-turbopack_9212ccad._.js:1894:148)
    at processFullStringRow (http://localhost:3000/_next/static/chunks/node_modules_next_dist_compiled_react-server-dom-turbopack_9212ccad._.js:2402:29)
    at processFullBinaryRow (http://localhost:3000/_next/static/chunks/node_modules_next_dist_compiled_react-server-dom-turbopack_9212ccad._.js:2361:9)
    at processBinaryChunk (http://localhost:3000/_next/static/chunks/node_modules_next_dist_compiled_react-server-dom-turbopack_9212ccad._.js:2470:221)
    at progress (http://localhost:3000/_next/static/chunks/node_modules_next_dist_compiled_react-server-dom-turbopack_9212ccad._.js:2640:13)
[21907511ms] [WARNING] The resource http://localhost:3000/_next/static/chunks/src_app_globals_91e4631d.css was preloaded using link preload but not used within a few seconds from the window's load event. Please make sure it has an appropriate `as` value and it is preloaded intentionally. @ http://localhost:3000/skills/50000000-0000-4000-8000-000000000008:0
[21909030ms] [WARNING] [Fast Refresh] performing full reload because your application had an unrecoverable error @ http://localhost:3000/_next/static/chunks/node_modules_next_dist_f3530cac._.js:2297
[21909080ms] Error: No link element found for chunk /_next/static/chunks/src_app_globals_91e4631d.css
    at http://localhost:3000/_next/static/chunks/turbopack-_23a915ee._.js:1801:28
    at new Promise (<anonymous>)
    at Object.reloadChunk (http://localhost:3000/_next/static/chunks/turbopack-_23a915ee._.js:1793:20)
    at applyChunkListUpdate (http://localhost:3000/_next/static/chunks/turbopack-_23a915ee._.js:1174:46)
    at applyUpdate (http://localhost:3000/_next/static/chunks/turbopack-_23a915ee._.js:1148:13)
    at handleApply (http://localhost:3000/_next/static/chunks/turbopack-_23a915ee._.js:1368:17)
    at triggerUpdate (http://localhost:3000/_next/static/chunks/%5Bturbopack%5D_browser_dev_hmr-client_hmr-client_ts_c8c997ce._.js:452:9)
    at applyAggregatedUpdates (http://localhost:3000/_next/static/chunks/%5Bturbopack%5D_browser_dev_hmr-client_hmr-client_ts_c8c997ce._.js:98:9)
    at http://localhost:3000/_next/static/chunks/%5Bturbopack%5D_browser_dev_hmr-client_hmr-client_ts_c8c997ce._.js:32:21
    at processTurbopackMessage (http://localhost:3000/_next/static/chunks/node_modules_next_dist_client_17643121._.js:10950:13)
    at processMessage (http://localhost:3000/_next/static/chunks/node_modules_next_dist_client_17643121._.js:11591:17)
    at WebSocket.handleMessage (http://localhost:3000/_next/static/chunks/node_modules_next_dist_client_17643121._.js:10914:52)
[21912040ms] [WARNING] The resource http://localhost:3000/_next/static/chunks/src_app_globals_91e4631d.css was preloaded using link preload but not used within a few seconds from the window's load event. Please make sure it has an appropriate `as` value and it is preloaded intentionally. @ http://localhost:3000/skills/50000000-0000-4000-8000-000000000008:0
[21915132ms] [ERROR] Failed to load resource: the server responded with a status of 500 (Internal Server Error) @ http://localhost:3000/skills/50000000-0000-4000-8000-000000000008:0
[21915316ms] Error: Failed query: select "id", "skill_id", "organization_id", "version", "version_number", "snapshot", "change_description", "changed_by", "created_at" from "skill_versions" "skillVersions" where "skillVersions"."skill_id" = $1 order by "skillVersions"."version_number" desc
params: 50000000-0000-4000-8000-000000000008
    at Promise.all (<anonymous>:1:20)
    at SkillDetailPage (about://React/Server/file:///Users/zhuyu/dev/chinamcloud/vibetide/.next/dev/server/chunks/ssr/%5Broot-of-the-server%5D__8410e855._.js?8:325:31)
    at resolveErrorDev (http://localhost:3000/_next/static/chunks/node_modules_next_dist_compiled_react-server-dom-turbopack_9212ccad._.js:1894:148)
    at processFullStringRow (http://localhost:3000/_next/static/chunks/node_modules_next_dist_compiled_react-server-dom-turbopack_9212ccad._.js:2402:29)
    at processFullBinaryRow (http://localhost:3000/_next/static/chunks/node_modules_next_dist_compiled_react-server-dom-turbopack_9212ccad._.js:2361:9)
    at processBinaryChunk (http://localhost:3000/_next/static/chunks/node_modules_next_dist_compiled_react-server-dom-turbopack_9212ccad._.js:2470:221)
    at progress (http://localhost:3000/_next/static/chunks/node_modules_next_dist_compiled_react-server-dom-turbopack_9212ccad._.js:2640:13)
[21918322ms] [WARNING] The resource http://localhost:3000/_next/static/chunks/src_app_globals_91e4631d.css was preloaded using link preload but not used within a few seconds from the window's load event. Please make sure it has an appropriate `as` value and it is preloaded intentionally. @ http://localhost:3000/skills/50000000-0000-4000-8000-000000000008:0
[21936181ms] [WARNING] [Fast Refresh] performing full reload because your application had an unrecoverable error @ http://localhost:3000/_next/static/chunks/node_modules_next_dist_f3530cac._.js:2297
[21936225ms] Error: No link element found for chunk /_next/static/chunks/src_app_globals_91e4631d.css
    at http://localhost:3000/_next/static/chunks/turbopack-_23a915ee._.js:1801:28
    at new Promise (<anonymous>)
    at Object.reloadChunk (http://localhost:3000/_next/static/chunks/turbopack-_23a915ee._.js:1793:20)
    at applyChunkListUpdate (http://localhost:3000/_next/static/chunks/turbopack-_23a915ee._.js:1174:46)
    at applyUpdate (http://localhost:3000/_next/static/chunks/turbopack-_23a915ee._.js:1148:13)
    at handleApply (http://localhost:3000/_next/static/chunks/turbopack-_23a915ee._.js:1368:17)
    at triggerUpdate (http://localhost:3000/_next/static/chunks/%5Bturbopack%5D_browser_dev_hmr-client_hmr-client_ts_c8c997ce._.js:452:9)
    at applyAggregatedUpdates (http://localhost:3000/_next/static/chunks/%5Bturbopack%5D_browser_dev_hmr-client_hmr-client_ts_c8c997ce._.js:98:9)
    at http://localhost:3000/_next/static/chunks/%5Bturbopack%5D_browser_dev_hmr-client_hmr-client_ts_c8c997ce._.js:32:21
    at processTurbopackMessage (http://localhost:3000/_next/static/chunks/node_modules_next_dist_client_17643121._.js:10950:13)
    at processMessage (http://localhost:3000/_next/static/chunks/node_modules_next_dist_client_17643121._.js:11591:17)
    at WebSocket.handleMessage (http://localhost:3000/_next/static/chunks/node_modules_next_dist_client_17643121._.js:10914:52)
[21939209ms] [WARNING] The resource http://localhost:3000/_next/static/chunks/src_app_globals_91e4631d.css was preloaded using link preload but not used within a few seconds from the window's load event. Please make sure it has an appropriate `as` value and it is preloaded intentionally. @ http://localhost:3000/skills/50000000-0000-4000-8000-000000000008:0
[21941840ms] [ERROR] Failed to load resource: the server responded with a status of 500 (Internal Server Error) @ http://localhost:3000/skills/50000000-0000-4000-8000-000000000008:0
[21942027ms] Error: Failed query: select "id", "skill_id", "organization_id", "version", "version_number", "snapshot", "change_description", "changed_by", "created_at" from "skill_versions" "skillVersions" where "skillVersions"."skill_id" = $1 order by "skillVersions"."version_number" desc
params: 50000000-0000-4000-8000-000000000008
    at Promise.all (<anonymous>:1:20)
    at SkillDetailPage (about://React/Server/file:///Users/zhuyu/dev/chinamcloud/vibetide/.next/dev/server/chunks/ssr/%5Broot-of-the-server%5D__8410e855._.js?8:325:31)
    at resolveErrorDev (http://localhost:3000/_next/static/chunks/node_modules_next_dist_compiled_react-server-dom-turbopack_9212ccad._.js:1894:148)
    at processFullStringRow (http://localhost:3000/_next/static/chunks/node_modules_next_dist_compiled_react-server-dom-turbopack_9212ccad._.js:2402:29)
    at processFullBinaryRow (http://localhost:3000/_next/static/chunks/node_modules_next_dist_compiled_react-server-dom-turbopack_9212ccad._.js:2361:9)
    at processBinaryChunk (http://localhost:3000/_next/static/chunks/node_modules_next_dist_compiled_react-server-dom-turbopack_9212ccad._.js:2470:221)
    at progress (http://localhost:3000/_next/static/chunks/node_modules_next_dist_compiled_react-server-dom-turbopack_9212ccad._.js:2640:13)
[21945032ms] [WARNING] The resource http://localhost:3000/_next/static/chunks/src_app_globals_91e4631d.css was preloaded using link preload but not used within a few seconds from the window's load event. Please make sure it has an appropriate `as` value and it is preloaded intentionally. @ http://localhost:3000/skills/50000000-0000-4000-8000-000000000008:0
[21963853ms] [WARNING] [Fast Refresh] performing full reload because your application had an unrecoverable error @ http://localhost:3000/_next/static/chunks/node_modules_next_dist_f3530cac._.js:2297
[21963901ms] Error: No link element found for chunk /_next/static/chunks/src_app_globals_91e4631d.css
    at http://localhost:3000/_next/static/chunks/turbopack-_23a915ee._.js:1801:28
    at new Promise (<anonymous>)
    at Object.reloadChunk (http://localhost:3000/_next/static/chunks/turbopack-_23a915ee._.js:1793:20)
    at applyChunkListUpdate (http://localhost:3000/_next/static/chunks/turbopack-_23a915ee._.js:1174:46)
    at applyUpdate (http://localhost:3000/_next/static/chunks/turbopack-_23a915ee._.js:1148:13)
    at handleApply (http://localhost:3000/_next/static/chunks/turbopack-_23a915ee._.js:1368:17)
    at triggerUpdate (http://localhost:3000/_next/static/chunks/%5Bturbopack%5D_browser_dev_hmr-client_hmr-client_ts_c8c997ce._.js:452:9)
    at applyAggregatedUpdates (http://localhost:3000/_next/static/chunks/%5Bturbopack%5D_browser_dev_hmr-client_hmr-client_ts_c8c997ce._.js:98:9)
    at http://localhost:3000/_next/static/chunks/%5Bturbopack%5D_browser_dev_hmr-client_hmr-client_ts_c8c997ce._.js:32:21
    at processTurbopackMessage (http://localhost:3000/_next/static/chunks/node_modules_next_dist_client_17643121._.js:10950:13)
    at processMessage (http://localhost:3000/_next/static/chunks/node_modules_next_dist_client_17643121._.js:11591:17)
    at WebSocket.handleMessage (http://localhost:3000/_next/static/chunks/node_modules_next_dist_client_17643121._.js:10914:52)
[21966888ms] [WARNING] The resource http://localhost:3000/_next/static/chunks/src_app_globals_91e4631d.css was preloaded using link preload but not used within a few seconds from the window's load event. Please make sure it has an appropriate `as` value and it is preloaded intentionally. @ http://localhost:3000/skills/50000000-0000-4000-8000-000000000008:0
[21969803ms] [ERROR] Failed to load resource: the server responded with a status of 500 (Internal Server Error) @ http://localhost:3000/skills/50000000-0000-4000-8000-000000000008:0
[21970023ms] Error: Failed query: select "id", "skill_id", "organization_id", "version", "version_number", "snapshot", "change_description", "changed_by", "created_at" from "skill_versions" "skillVersions" where "skillVersions"."skill_id" = $1 order by "skillVersions"."version_number" desc
params: 50000000-0000-4000-8000-000000000008
    at Promise.all (<anonymous>:1:20)
    at SkillDetailPage (about://React/Server/file:///Users/zhuyu/dev/chinamcloud/vibetide/.next/dev/server/chunks/ssr/%5Broot-of-the-server%5D__8410e855._.js?8:325:31)
    at resolveErrorDev (http://localhost:3000/_next/static/chunks/node_modules_next_dist_compiled_react-server-dom-turbopack_9212ccad._.js:1894:148)
    at processFullStringRow (http://localhost:3000/_next/static/chunks/node_modules_next_dist_compiled_react-server-dom-turbopack_9212ccad._.js:2402:29)
    at processFullBinaryRow (http://localhost:3000/_next/static/chunks/node_modules_next_dist_compiled_react-server-dom-turbopack_9212ccad._.js:2361:9)
    at processBinaryChunk (http://localhost:3000/_next/static/chunks/node_modules_next_dist_compiled_react-server-dom-turbopack_9212ccad._.js:2470:221)
    at progress (http://localhost:3000/_next/static/chunks/node_modules_next_dist_compiled_react-server-dom-turbopack_9212ccad._.js:2640:13)
[21973028ms] [WARNING] The resource http://localhost:3000/_next/static/chunks/src_app_globals_91e4631d.css was preloaded using link preload but not used within a few seconds from the window's load event. Please make sure it has an appropriate `as` value and it is preloaded intentionally. @ http://localhost:3000/skills/50000000-0000-4000-8000-000000000008:0
[22023684ms] [WARNING] The resource http://localhost:3000/_next/static/chunks/src_app_globals_91e4631d.css was preloaded using link preload but not used within a few seconds from the window's load event. Please make sure it has an appropriate `as` value and it is preloaded intentionally. @ http://localhost:3000/skills/50000000-0000-4000-8000-000000000008:0
[22026747ms] [ERROR] Failed to load resource: the server responded with a status of 500 (Internal Server Error) @ http://localhost:3000/skills/50000000-0000-4000-8000-000000000008:0
[22026970ms] Error: Failed query: select "id", "skill_id", "organization_id", "version", "version_number", "snapshot", "change_description", "changed_by", "created_at" from "skill_versions" "skillVersions" where "skillVersions"."skill_id" = $1 order by "skillVersions"."version_number" desc
params: 50000000-0000-4000-8000-000000000008
    at Promise.all (<anonymous>:1:20)
    at SkillDetailPage (about://React/Server/file:///Users/zhuyu/dev/chinamcloud/vibetide/.next/dev/server/chunks/ssr/%5Broot-of-the-server%5D__8410e855._.js?8:325:31)
    at resolveErrorDev (http://localhost:3000/_next/static/chunks/node_modules_next_dist_compiled_react-server-dom-turbopack_9212ccad._.js:1894:148)
    at processFullStringRow (http://localhost:3000/_next/static/chunks/node_modules_next_dist_compiled_react-server-dom-turbopack_9212ccad._.js:2402:29)
    at processFullBinaryRow (http://localhost:3000/_next/static/chunks/node_modules_next_dist_compiled_react-server-dom-turbopack_9212ccad._.js:2361:9)
    at processBinaryChunk (http://localhost:3000/_next/static/chunks/node_modules_next_dist_compiled_react-server-dom-turbopack_9212ccad._.js:2470:221)
    at progress (http://localhost:3000/_next/static/chunks/node_modules_next_dist_compiled_react-server-dom-turbopack_9212ccad._.js:2640:13)
[22029975ms] [WARNING] The resource http://localhost:3000/_next/static/chunks/src_app_globals_91e4631d.css was preloaded using link preload but not used within a few seconds from the window's load event. Please make sure it has an appropriate `as` value and it is preloaded intentionally. @ http://localhost:3000/skills/50000000-0000-4000-8000-000000000008:0
[22043102ms] [WARNING] [Fast Refresh] performing full reload because your application had an unrecoverable error @ http://localhost:3000/_next/static/chunks/node_modules_next_dist_f3530cac._.js:2297
[22046104ms] [WARNING] The resource http://localhost:3000/_next/static/chunks/src_app_globals_91e4631d.css was preloaded using link preload but not used within a few seconds from the window's load event. Please make sure it has an appropriate `as` value and it is preloaded intentionally. @ http://localhost:3000/skills/50000000-0000-4000-8000-000000000008:0
[22048959ms] [ERROR] Failed to load resource: the server responded with a status of 500 (Internal Server Error) @ http://localhost:3000/skills/50000000-0000-4000-8000-000000000008:0
[22049136ms] Error: Failed query: select "id", "skill_id", "organization_id", "version", "version_number", "snapshot", "change_description", "changed_by", "created_at" from "skill_versions" "skillVersions" where "skillVersions"."skill_id" = $1 order by "skillVersions"."version_number" desc
params: 50000000-0000-4000-8000-000000000008
    at Promise.all (<anonymous>:1:20)
    at SkillDetailPage (about://React/Server/file:///Users/zhuyu/dev/chinamcloud/vibetide/.next/dev/server/chunks/ssr/%5Broot-of-the-server%5D__8410e855._.js?8:325:31)
    at resolveErrorDev (http://localhost:3000/_next/static/chunks/node_modules_next_dist_compiled_react-server-dom-turbopack_9212ccad._.js:1894:148)
    at processFullStringRow (http://localhost:3000/_next/static/chunks/node_modules_next_dist_compiled_react-server-dom-turbopack_9212ccad._.js:2402:29)
    at processFullBinaryRow (http://localhost:3000/_next/static/chunks/node_modules_next_dist_compiled_react-server-dom-turbopack_9212ccad._.js:2361:9)
    at processBinaryChunk (http://localhost:3000/_next/static/chunks/node_modules_next_dist_compiled_react-server-dom-turbopack_9212ccad._.js:2470:221)
    at progress (http://localhost:3000/_next/static/chunks/node_modules_next_dist_compiled_react-server-dom-turbopack_9212ccad._.js:2640:13)
[22052140ms] [WARNING] The resource http://localhost:3000/_next/static/chunks/src_app_globals_91e4631d.css was preloaded using link preload but not used within a few seconds from the window's load event. Please make sure it has an appropriate `as` value and it is preloaded intentionally. @ http://localhost:3000/skills/50000000-0000-4000-8000-000000000008:0
[22075816ms] [WARNING] [Fast Refresh] performing full reload because your application had an unrecoverable error @ http://localhost:3000/_next/static/chunks/node_modules_next_dist_f3530cac._.js:2297
[22078669ms] [WARNING] The resource http://localhost:3000/_next/static/chunks/src_app_globals_91e4631d.css was preloaded using link preload but not used within a few seconds from the window's load event. Please make sure it has an appropriate `as` value and it is preloaded intentionally. @ http://localhost:3000/skills/50000000-0000-4000-8000-000000000008:0
[22081528ms] [ERROR] Failed to load resource: the server responded with a status of 500 (Internal Server Error) @ http://localhost:3000/skills/50000000-0000-4000-8000-000000000008:0
[22081723ms] Error: Failed query: select "id", "skill_id", "organization_id", "version", "version_number", "snapshot", "change_description", "changed_by", "created_at" from "skill_versions" "skillVersions" where "skillVersions"."skill_id" = $1 order by "skillVersions"."version_number" desc
params: 50000000-0000-4000-8000-000000000008
    at Promise.all (<anonymous>:1:20)
    at SkillDetailPage (about://React/Server/file:///Users/zhuyu/dev/chinamcloud/vibetide/.next/dev/server/chunks/ssr/%5Broot-of-the-server%5D__8410e855._.js?8:325:31)
    at resolveErrorDev (http://localhost:3000/_next/static/chunks/node_modules_next_dist_compiled_react-server-dom-turbopack_9212ccad._.js:1894:148)
    at processFullStringRow (http://localhost:3000/_next/static/chunks/node_modules_next_dist_compiled_react-server-dom-turbopack_9212ccad._.js:2402:29)
    at processFullBinaryRow (http://localhost:3000/_next/static/chunks/node_modules_next_dist_compiled_react-server-dom-turbopack_9212ccad._.js:2361:9)
    at processBinaryChunk (http://localhost:3000/_next/static/chunks/node_modules_next_dist_compiled_react-server-dom-turbopack_9212ccad._.js:2470:221)
    at progress (http://localhost:3000/_next/static/chunks/node_modules_next_dist_compiled_react-server-dom-turbopack_9212ccad._.js:2640:13)
[22084729ms] [WARNING] The resource http://localhost:3000/_next/static/chunks/src_app_globals_91e4631d.css was preloaded using link preload but not used within a few seconds from the window's load event. Please make sure it has an appropriate `as` value and it is preloaded intentionally. @ http://localhost:3000/skills/50000000-0000-4000-8000-000000000008:0
[22088416ms] [WARNING] The resource http://localhost:3000/_next/static/chunks/src_app_globals_91e4631d.css was preloaded using link preload but not used within a few seconds from the window's load event. Please make sure it has an appropriate `as` value and it is preloaded intentionally. @ http://localhost:3000/skills/50000000-0000-4000-8000-000000000008:0
[22091361ms] [ERROR] Failed to load resource: the server responded with a status of 500 (Internal Server Error) @ http://localhost:3000/skills/50000000-0000-4000-8000-000000000008:0
[22091546ms] Error: Failed query: select "id", "skill_id", "organization_id", "version", "version_number", "snapshot", "change_description", "changed_by", "created_at" from "skill_versions" "skillVersions" where "skillVersions"."skill_id" = $1 order by "skillVersions"."version_number" desc
params: 50000000-0000-4000-8000-000000000008
    at Promise.all (<anonymous>:1:20)
    at SkillDetailPage (about://React/Server/file:///Users/zhuyu/dev/chinamcloud/vibetide/.next/dev/server/chunks/ssr/%5Broot-of-the-server%5D__8410e855._.js?8:327:43)
    at resolveErrorDev (http://localhost:3000/_next/static/chunks/node_modules_next_dist_compiled_react-server-dom-turbopack_9212ccad._.js:1894:148)
    at processFullStringRow (http://localhost:3000/_next/static/chunks/node_modules_next_dist_compiled_react-server-dom-turbopack_9212ccad._.js:2402:29)
    at processFullBinaryRow (http://localhost:3000/_next/static/chunks/node_modules_next_dist_compiled_react-server-dom-turbopack_9212ccad._.js:2361:9)
    at processBinaryChunk (http://localhost:3000/_next/static/chunks/node_modules_next_dist_compiled_react-server-dom-turbopack_9212ccad._.js:2470:221)
    at progress (http://localhost:3000/_next/static/chunks/node_modules_next_dist_compiled_react-server-dom-turbopack_9212ccad._.js:2640:13)
[22094551ms] [WARNING] The resource http://localhost:3000/_next/static/chunks/src_app_globals_91e4631d.css was preloaded using link preload but not used within a few seconds from the window's load event. Please make sure it has an appropriate `as` value and it is preloaded intentionally. @ http://localhost:3000/skills/50000000-0000-4000-8000-000000000008:0
[22194845ms] [WARNING] [Fast Refresh] performing full reload because your application had an unrecoverable error @ http://localhost:3000/_next/static/chunks/node_modules_next_dist_f3530cac._.js:2297
[22194894ms] Error: No link element found for chunk /_next/static/chunks/src_app_globals_91e4631d.css
    at http://localhost:3000/_next/static/chunks/turbopack-_23a915ee._.js:1801:28
    at new Promise (<anonymous>)
    at Object.reloadChunk (http://localhost:3000/_next/static/chunks/turbopack-_23a915ee._.js:1793:20)
    at applyChunkListUpdate (http://localhost:3000/_next/static/chunks/turbopack-_23a915ee._.js:1174:46)
    at applyUpdate (http://localhost:3000/_next/static/chunks/turbopack-_23a915ee._.js:1148:13)
    at handleApply (http://localhost:3000/_next/static/chunks/turbopack-_23a915ee._.js:1368:17)
    at triggerUpdate (http://localhost:3000/_next/static/chunks/%5Bturbopack%5D_browser_dev_hmr-client_hmr-client_ts_c8c997ce._.js:452:9)
    at applyAggregatedUpdates (http://localhost:3000/_next/static/chunks/%5Bturbopack%5D_browser_dev_hmr-client_hmr-client_ts_c8c997ce._.js:98:9)
    at http://localhost:3000/_next/static/chunks/%5Bturbopack%5D_browser_dev_hmr-client_hmr-client_ts_c8c997ce._.js:32:21
    at processTurbopackMessage (http://localhost:3000/_next/static/chunks/node_modules_next_dist_client_17643121._.js:10950:13)
    at processMessage (http://localhost:3000/_next/static/chunks/node_modules_next_dist_client_17643121._.js:11591:17)
    at WebSocket.handleMessage (http://localhost:3000/_next/static/chunks/node_modules_next_dist_client_17643121._.js:10914:52)
[22197853ms] [WARNING] The resource http://localhost:3000/_next/static/chunks/src_app_globals_91e4631d.css was preloaded using link preload but not used within a few seconds from the window's load event. Please make sure it has an appropriate `as` value and it is preloaded intentionally. @ http://localhost:3000/skills/50000000-0000-4000-8000-000000000008:0
[22200503ms] [ERROR] Failed to load resource: the server responded with a status of 500 (Internal Server Error) @ http://localhost:3000/skills/50000000-0000-4000-8000-000000000008:0
[22200698ms] Error: Failed query: select "id", "skill_id", "organization_id", "version", "version_number", "snapshot", "change_description", "changed_by", "created_at" from "skill_versions" "skillVersions" where "skillVersions"."skill_id" = $1 order by "skillVersions"."version_number" desc
params: 50000000-0000-4000-8000-000000000008
    at Promise.all (<anonymous>:1:20)
    at SkillDetailPage (about://React/Server/file:///Users/zhuyu/dev/chinamcloud/vibetide/.next/dev/server/chunks/ssr/%5Broot-of-the-server%5D__8410e855._.js?8:327:43)
    at resolveErrorDev (http://localhost:3000/_next/static/chunks/node_modules_next_dist_compiled_react-server-dom-turbopack_9212ccad._.js:1894:148)
    at processFullStringRow (http://localhost:3000/_next/static/chunks/node_modules_next_dist_compiled_react-server-dom-turbopack_9212ccad._.js:2402:29)
    at processFullBinaryRow (http://localhost:3000/_next/static/chunks/node_modules_next_dist_compiled_react-server-dom-turbopack_9212ccad._.js:2361:9)
    at processBinaryChunk (http://localhost:3000/_next/static/chunks/node_modules_next_dist_compiled_react-server-dom-turbopack_9212ccad._.js:2470:221)
    at progress (http://localhost:3000/_next/static/chunks/node_modules_next_dist_compiled_react-server-dom-turbopack_9212ccad._.js:2640:13)
[22203703ms] [WARNING] The resource http://localhost:3000/_next/static/chunks/src_app_globals_91e4631d.css was preloaded using link preload but not used within a few seconds from the window's load event. Please make sure it has an appropriate `as` value and it is preloaded intentionally. @ http://localhost:3000/skills/50000000-0000-4000-8000-000000000008:0
[22269586ms] [WARNING] The resource http://localhost:3000/_next/static/chunks/src_app_globals_91e4631d.css was preloaded using link preload but not used within a few seconds from the window's load event. Please make sure it has an appropriate `as` value and it is preloaded intentionally. @ http://localhost:3000/skills/50000000-0000-4000-8000-000000000008:0
[22272474ms] [ERROR] Failed to load resource: the server responded with a status of 500 (Internal Server Error) @ http://localhost:3000/skills/50000000-0000-4000-8000-000000000008:0
[22272655ms] Error: Failed query: select "id", "organization_id", "name", "category", "type", "version", "description", "content", "input_schema", "output_schema", "runtime_config", "compatible_roles", "plugin_config", "created_at", "updated_at" from "skills" "skills" where "skills"."id" = $1 limit $2
params: 50000000-0000-4000-8000-000000000008,1
    at  getSkillDetail (about://React/Server/file:///Users/zhuyu/dev/chinamcloud/vibetide/.next/dev/server/chunks/ssr/%5Broot-of-the-server%5D__8410e855._.js?10:112:17)
    at  getSkillDetailWithFiles (about://React/Server/file:///Users/zhuyu/dev/chinamcloud/vibetide/.next/dev/server/chunks/ssr/%5Broot-of-the-server%5D__8410e855._.js?11:155:20)
    at  SkillDetailPage (about://React/Server/file:///Users/zhuyu/dev/chinamcloud/vibetide/.next/dev/server/chunks/ssr/%5Broot-of-the-server%5D__8410e855._.js?12:327:43)
    at resolveErrorDev (http://localhost:3000/_next/static/chunks/node_modules_next_dist_compiled_react-server-dom-turbopack_9212ccad._.js:1894:148)
    at processFullStringRow (http://localhost:3000/_next/static/chunks/node_modules_next_dist_compiled_react-server-dom-turbopack_9212ccad._.js:2402:29)
    at processFullBinaryRow (http://localhost:3000/_next/static/chunks/node_modules_next_dist_compiled_react-server-dom-turbopack_9212ccad._.js:2361:9)
    at processBinaryChunk (http://localhost:3000/_next/static/chunks/node_modules_next_dist_compiled_react-server-dom-turbopack_9212ccad._.js:2470:221)
    at progress (http://localhost:3000/_next/static/chunks/node_modules_next_dist_compiled_react-server-dom-turbopack_9212ccad._.js:2640:13)
[22275661ms] [WARNING] The resource http://localhost:3000/_next/static/chunks/src_app_globals_91e4631d.css was preloaded using link preload but not used within a few seconds from the window's load event. Please make sure it has an appropriate `as` value and it is preloaded intentionally. @ http://localhost:3000/skills/50000000-0000-4000-8000-000000000008:0
[22294029ms] [WARNING] The resource http://localhost:3000/_next/static/chunks/src_app_globals_91e4631d.css was preloaded using link preload but not used within a few seconds from the window's load event. Please make sure it has an appropriate `as` value and it is preloaded intentionally. @ http://localhost:3000/skills/50000000-0000-4000-8000-000000000008:0
[22294244ms] [ERROR] Failed to load resource: the server responded with a status of 500 (Internal Server Error) @ http://localhost:3000/skills/50000000-0000-4000-8000-000000000008:0
[22294432ms] Error: Failed query: select "id", "skill_id", "organization_id", "version", "version_number", "snapshot", "change_description", "changed_by", "created_at" from "skill_versions" "skillVersions" where "skillVersions"."skill_id" = $1 order by "skillVersions"."version_number" desc
params: 50000000-0000-4000-8000-000000000008
    at Promise.all (<anonymous>:1:20)
    at SkillDetailPage (about://React/Server/file:///Users/zhuyu/dev/chinamcloud/vibetide/.next/dev/server/chunks/ssr/%5Broot-of-the-server%5D__8410e855._.js?8:327:43)
    at resolveErrorDev (http://localhost:3000/_next/static/chunks/node_modules_next_dist_compiled_react-server-dom-turbopack_9212ccad._.js:1894:148)
    at processFullStringRow (http://localhost:3000/_next/static/chunks/node_modules_next_dist_compiled_react-server-dom-turbopack_9212ccad._.js:2402:29)
    at processFullBinaryRow (http://localhost:3000/_next/static/chunks/node_modules_next_dist_compiled_react-server-dom-turbopack_9212ccad._.js:2361:9)
    at processBinaryChunk (http://localhost:3000/_next/static/chunks/node_modules_next_dist_compiled_react-server-dom-turbopack_9212ccad._.js:2470:221)
    at progress (http://localhost:3000/_next/static/chunks/node_modules_next_dist_compiled_react-server-dom-turbopack_9212ccad._.js:2640:13)
[22297436ms] [WARNING] The resource http://localhost:3000/_next/static/chunks/src_app_globals_91e4631d.css was preloaded using link preload but not used within a few seconds from the window's load event. Please make sure it has an appropriate `as` value and it is preloaded intentionally. @ http://localhost:3000/skills/50000000-0000-4000-8000-000000000008:0
[22308836ms] [WARNING] [Fast Refresh] performing full reload because your application had an unrecoverable error @ http://localhost:3000/_next/static/chunks/node_modules_next_dist_f3530cac._.js:2297
[22311692ms] [WARNING] The resource http://localhost:3000/_next/static/chunks/src_app_globals_91e4631d.css was preloaded using link preload but not used within a few seconds from the window's load event. Please make sure it has an appropriate `as` value and it is preloaded intentionally. @ http://localhost:3000/skills/50000000-0000-4000-8000-000000000008:0
[22314774ms] [ERROR] Failed to load resource: the server responded with a status of 500 (Internal Server Error) @ http://localhost:3000/skills/50000000-0000-4000-8000-000000000008:0
[22314955ms] Error: Failed query: select "id", "organization_id", "name", "category", "type", "version", "description", "content", "input_schema", "output_schema", "runtime_config", "compatible_roles", "plugin_config", "created_at", "updated_at" from "skills" "skills" where "skills"."id" = $1 limit $2
params: 50000000-0000-4000-8000-000000000008,1
    at  getSkillUsageStats (about://React/Server/file:///Users/zhuyu/dev/chinamcloud/vibetide/.next/dev/server/chunks/ssr/_8eabab39._.js?8:484:19)
    at  SkillDetailPage (about://React/Server/file:///Users/zhuyu/dev/chinamcloud/vibetide/.next/dev/server/chunks/ssr/%5Broot-of-the-server%5D__8410e855._.js?9:327:43)
    at resolveErrorDev (http://localhost:3000/_next/static/chunks/node_modules_next_dist_compiled_react-server-dom-turbopack_9212ccad._.js:1894:148)
    at processFullStringRow (http://localhost:3000/_next/static/chunks/node_modules_next_dist_compiled_react-server-dom-turbopack_9212ccad._.js:2402:29)
    at processFullBinaryRow (http://localhost:3000/_next/static/chunks/node_modules_next_dist_compiled_react-server-dom-turbopack_9212ccad._.js:2361:9)
    at processBinaryChunk (http://localhost:3000/_next/static/chunks/node_modules_next_dist_compiled_react-server-dom-turbopack_9212ccad._.js:2470:221)
    at progress (http://localhost:3000/_next/static/chunks/node_modules_next_dist_compiled_react-server-dom-turbopack_9212ccad._.js:2640:13)
[22317959ms] [WARNING] The resource http://localhost:3000/_next/static/chunks/src_app_globals_91e4631d.css was preloaded using link preload but not used within a few seconds from the window's load event. Please make sure it has an appropriate `as` value and it is preloaded intentionally. @ http://localhost:3000/skills/50000000-0000-4000-8000-000000000008:0
[22357941ms] [WARNING] [Fast Refresh] performing full reload because your application had an unrecoverable error @ http://localhost:3000/_next/static/chunks/node_modules_next_dist_f3530cac._.js:2297
[22360807ms] [WARNING] The resource http://localhost:3000/_next/static/chunks/src_app_globals_91e4631d.css was preloaded using link preload but not used within a few seconds from the window's load event. Please make sure it has an appropriate `as` value and it is preloaded intentionally. @ http://localhost:3000/skills/50000000-0000-4000-8000-000000000008:0
[22363469ms] [ERROR] Failed to load resource: the server responded with a status of 500 (Internal Server Error) @ http://localhost:3000/skills/50000000-0000-4000-8000-000000000008:0
[22363659ms] Error: Failed query: select "id", "skill_id", "organization_id", "version", "version_number", "snapshot", "change_description", "changed_by", "created_at" from "skill_versions" "skillVersions" where "skillVersions"."skill_id" = $1 order by "skillVersions"."version_number" desc
params: 50000000-0000-4000-8000-000000000008
    at Promise.all (<anonymous>:1:20)
    at SkillDetailPage (about://React/Server/file:///Users/zhuyu/dev/chinamcloud/vibetide/.next/dev/server/chunks/ssr/%5Broot-of-the-server%5D__8410e855._.js?8:327:43)
    at resolveErrorDev (http://localhost:3000/_next/static/chunks/node_modules_next_dist_compiled_react-server-dom-turbopack_9212ccad._.js:1894:148)
    at processFullStringRow (http://localhost:3000/_next/static/chunks/node_modules_next_dist_compiled_react-server-dom-turbopack_9212ccad._.js:2402:29)
    at processFullBinaryRow (http://localhost:3000/_next/static/chunks/node_modules_next_dist_compiled_react-server-dom-turbopack_9212ccad._.js:2361:9)
    at processBinaryChunk (http://localhost:3000/_next/static/chunks/node_modules_next_dist_compiled_react-server-dom-turbopack_9212ccad._.js:2470:221)
    at progress (http://localhost:3000/_next/static/chunks/node_modules_next_dist_compiled_react-server-dom-turbopack_9212ccad._.js:2640:13)
[22366664ms] [WARNING] The resource http://localhost:3000/_next/static/chunks/src_app_globals_91e4631d.css was preloaded using link preload but not used within a few seconds from the window's load event. Please make sure it has an appropriate `as` value and it is preloaded intentionally. @ http://localhost:3000/skills/50000000-0000-4000-8000-000000000008:0
[22540277ms] [WARNING] The resource http://localhost:3000/_next/static/chunks/src_app_globals_91e4631d.css was preloaded using link preload but not used within a few seconds from the window's load event. Please make sure it has an appropriate `as` value and it is preloaded intentionally. @ http://localhost:3000/skills/50000000-0000-4000-8000-000000000008:0
[22543090ms] [ERROR] Failed to load resource: the server responded with a status of 500 (Internal Server Error) @ http://localhost:3000/skills/50000000-0000-4000-8000-000000000008:0
[22543355ms] Error: Failed query: select "id", "skill_id", "organization_id", "version", "version_number", "snapshot", "change_description", "changed_by", "created_at" from "skill_versions" "skillVersions" where "skillVersions"."skill_id" = $1 order by "skillVersions"."version_number" desc
params: 50000000-0000-4000-8000-000000000008
    at Promise.all (<anonymous>:1:20)
    at SkillDetailPage (about://React/Server/file:///Users/zhuyu/dev/chinamcloud/vibetide/.next/dev/server/chunks/ssr/%5Broot-of-the-server%5D__8410e855._.js?8:328:43)
    at resolveErrorDev (http://localhost:3000/_next/static/chunks/node_modules_next_dist_compiled_react-server-dom-turbopack_9212ccad._.js:1894:148)
    at processFullStringRow (http://localhost:3000/_next/static/chunks/node_modules_next_dist_compiled_react-server-dom-turbopack_9212ccad._.js:2402:29)
    at processFullBinaryRow (http://localhost:3000/_next/static/chunks/node_modules_next_dist_compiled_react-server-dom-turbopack_9212ccad._.js:2361:9)
    at processBinaryChunk (http://localhost:3000/_next/static/chunks/node_modules_next_dist_compiled_react-server-dom-turbopack_9212ccad._.js:2470:221)
    at progress (http://localhost:3000/_next/static/chunks/node_modules_next_dist_compiled_react-server-dom-turbopack_9212ccad._.js:2640:13)
[22546360ms] [WARNING] The resource http://localhost:3000/_next/static/chunks/src_app_globals_91e4631d.css was preloaded using link preload but not used within a few seconds from the window's load event. Please make sure it has an appropriate `as` value and it is preloaded intentionally. @ http://localhost:3000/skills/50000000-0000-4000-8000-000000000008:0
[22617232ms] [WARNING] The resource http://localhost:3000/_next/static/chunks/src_app_globals_91e4631d.css was preloaded using link preload but not used within a few seconds from the window's load event. Please make sure it has an appropriate `as` value and it is preloaded intentionally. @ http://localhost:3000/skills/50000000-0000-4000-8000-000000000008:0
[22620009ms] [ERROR] Failed to load resource: the server responded with a status of 500 (Internal Server Error) @ http://localhost:3000/skills/50000000-0000-4000-8000-000000000008:0
[22620188ms] Error: Failed query: select "id", "organization_id", "name", "category", "type", "version", "description", "content", "input_schema", "output_schema", "runtime_config", "compatible_roles", "plugin_config", "created_at", "updated_at" from "skills" "skills" where "skills"."id" = $1 limit $2
params: 50000000-0000-4000-8000-000000000008,1
    at  getSkillDetail (about://React/Server/file:///Users/zhuyu/dev/chinamcloud/vibetide/.next/dev/server/chunks/ssr/%5Broot-of-the-server%5D__8410e855._.js?10:112:17)
    at  getSkillDetailWithFiles (about://React/Server/file:///Users/zhuyu/dev/chinamcloud/vibetide/.next/dev/server/chunks/ssr/%5Broot-of-the-server%5D__8410e855._.js?11:156:20)
    at  SkillDetailPage (about://React/Server/file:///Users/zhuyu/dev/chinamcloud/vibetide/.next/dev/server/chunks/ssr/%5Broot-of-the-server%5D__8410e855._.js?12:328:43)
    at resolveErrorDev (http://localhost:3000/_next/static/chunks/node_modules_next_dist_compiled_react-server-dom-turbopack_9212ccad._.js:1894:148)
    at processFullStringRow (http://localhost:3000/_next/static/chunks/node_modules_next_dist_compiled_react-server-dom-turbopack_9212ccad._.js:2402:29)
    at processFullBinaryRow (http://localhost:3000/_next/static/chunks/node_modules_next_dist_compiled_react-server-dom-turbopack_9212ccad._.js:2361:9)
    at processBinaryChunk (http://localhost:3000/_next/static/chunks/node_modules_next_dist_compiled_react-server-dom-turbopack_9212ccad._.js:2470:221)
    at progress (http://localhost:3000/_next/static/chunks/node_modules_next_dist_compiled_react-server-dom-turbopack_9212ccad._.js:2640:13)
[22625217ms] [WARNING] The resource http://localhost:3000/_next/static/chunks/src_app_globals_91e4631d.css was preloaded using link preload but not used within a few seconds from the window's load event. Please make sure it has an appropriate `as` value and it is preloaded intentionally. @ http://localhost:3000/skills/50000000-0000-4000-8000-000000000008:0
[22625335ms] [ERROR] Failed to load resource: the server responded with a status of 500 (Internal Server Error) @ http://localhost:3000/skills/50000000-0000-4000-8000-000000000008:0
[22625509ms] Error: Failed query: select "id", "organization_id", "name", "category", "type", "version", "description", "content", "input_schema", "output_schema", "runtime_config", "compatible_roles", "plugin_config", "created_at", "updated_at" from "skills" "skills" where "skills"."id" = $1 limit $2
params: 50000000-0000-4000-8000-000000000008,1
    at  getSkillDetail (about://React/Server/file:///Users/zhuyu/dev/chinamcloud/vibetide/.next/dev/server/chunks/ssr/%5Broot-of-the-server%5D__8410e855._.js?10:112:17)
    at  getSkillDetailWithFiles (about://React/Server/file:///Users/zhuyu/dev/chinamcloud/vibetide/.next/dev/server/chunks/ssr/%5Broot-of-the-server%5D__8410e855._.js?11:156:20)
    at  SkillDetailPage (about://React/Server/file:///Users/zhuyu/dev/chinamcloud/vibetide/.next/dev/server/chunks/ssr/%5Broot-of-the-server%5D__8410e855._.js?12:328:43)
    at resolveErrorDev (http://localhost:3000/_next/static/chunks/node_modules_next_dist_compiled_react-server-dom-turbopack_9212ccad._.js:1894:148)
    at processFullStringRow (http://localhost:3000/_next/static/chunks/node_modules_next_dist_compiled_react-server-dom-turbopack_9212ccad._.js:2402:29)
    at processFullBinaryRow (http://localhost:3000/_next/static/chunks/node_modules_next_dist_compiled_react-server-dom-turbopack_9212ccad._.js:2361:9)
    at processBinaryChunk (http://localhost:3000/_next/static/chunks/node_modules_next_dist_compiled_react-server-dom-turbopack_9212ccad._.js:2470:221)
    at progress (http://localhost:3000/_next/static/chunks/node_modules_next_dist_compiled_react-server-dom-turbopack_9212ccad._.js:2640:13)
[22628514ms] [WARNING] The resource http://localhost:3000/_next/static/chunks/src_app_globals_91e4631d.css was preloaded using link preload but not used within a few seconds from the window's load event. Please make sure it has an appropriate `as` value and it is preloaded intentionally. @ http://localhost:3000/skills/50000000-0000-4000-8000-000000000008:0
[22633446ms] [WARNING] The resource http://localhost:3000/_next/static/chunks/src_app_globals_91e4631d.css was preloaded using link preload but not used within a few seconds from the window's load event. Please make sure it has an appropriate `as` value and it is preloaded intentionally. @ http://localhost:3000/skills/50000000-0000-4000-8000-000000000008:0
[22633676ms] [ERROR] Failed to load resource: the server responded with a status of 500 (Internal Server Error) @ http://localhost:3000/skills/50000000-0000-4000-8000-000000000008:0
[22633859ms] Error: Failed query: select "id", "organization_id", "name", "category", "type", "version", "description", "content", "input_schema", "output_schema", "runtime_config", "compatible_roles", "plugin_config", "created_at", "updated_at" from "skills" "skills" where "skills"."id" = $1 limit $2
params: 50000000-0000-4000-8000-000000000008,1
    at  getSkillUsageStats (about://React/Server/file:///Users/zhuyu/dev/chinamcloud/vibetide/.next/dev/server/chunks/ssr/_8eabab39._.js?8:484:19)
    at  SkillDetailPage (about://React/Server/file:///Users/zhuyu/dev/chinamcloud/vibetide/.next/dev/server/chunks/ssr/%5Broot-of-the-server%5D__8410e855._.js?9:328:43)
    at resolveErrorDev (http://localhost:3000/_next/static/chunks/node_modules_next_dist_compiled_react-server-dom-turbopack_9212ccad._.js:1894:148)
    at processFullStringRow (http://localhost:3000/_next/static/chunks/node_modules_next_dist_compiled_react-server-dom-turbopack_9212ccad._.js:2402:29)
    at processFullBinaryRow (http://localhost:3000/_next/static/chunks/node_modules_next_dist_compiled_react-server-dom-turbopack_9212ccad._.js:2361:9)
    at processBinaryChunk (http://localhost:3000/_next/static/chunks/node_modules_next_dist_compiled_react-server-dom-turbopack_9212ccad._.js:2470:221)
    at progress (http://localhost:3000/_next/static/chunks/node_modules_next_dist_compiled_react-server-dom-turbopack_9212ccad._.js:2640:13)
[22638344ms] [ERROR] Failed to load resource: the server responded with a status of 500 (Internal Server Error) @ http://localhost:3000/skills/50000000-0000-4000-8000-000000000008:0
[22638528ms] Error: Failed query: select "id", "organization_id", "name", "category", "type", "version", "description", "content", "input_schema", "output_schema", "runtime_config", "compatible_roles", "plugin_config", "created_at", "updated_at" from "skills" "skills" where "skills"."id" = $1 limit $2
params: 50000000-0000-4000-8000-000000000008,1
    at  getSkillUsageStats (about://React/Server/file:///Users/zhuyu/dev/chinamcloud/vibetide/.next/dev/server/chunks/ssr/_8eabab39._.js?8:484:19)
    at  SkillDetailPage (about://React/Server/file:///Users/zhuyu/dev/chinamcloud/vibetide/.next/dev/server/chunks/ssr/%5Broot-of-the-server%5D__8410e855._.js?9:328:43)
    at resolveErrorDev (http://localhost:3000/_next/static/chunks/node_modules_next_dist_compiled_react-server-dom-turbopack_9212ccad._.js:1894:148)
    at processFullStringRow (http://localhost:3000/_next/static/chunks/node_modules_next_dist_compiled_react-server-dom-turbopack_9212ccad._.js:2402:29)
    at processFullBinaryRow (http://localhost:3000/_next/static/chunks/node_modules_next_dist_compiled_react-server-dom-turbopack_9212ccad._.js:2361:9)
    at processBinaryChunk (http://localhost:3000/_next/static/chunks/node_modules_next_dist_compiled_react-server-dom-turbopack_9212ccad._.js:2470:221)
    at progress (http://localhost:3000/_next/static/chunks/node_modules_next_dist_compiled_react-server-dom-turbopack_9212ccad._.js:2640:13)
[22641532ms] [WARNING] The resource http://localhost:3000/_next/static/chunks/src_app_globals_91e4631d.css was preloaded using link preload but not used within a few seconds from the window's load event. Please make sure it has an appropriate `as` value and it is preloaded intentionally. @ http://localhost:3000/skills/50000000-0000-4000-8000-000000000008:0
[22658778ms] [WARNING] The resource http://localhost:3000/_next/static/chunks/src_app_globals_91e4631d.css was preloaded using link preload but not used within a few seconds from the window's load event. Please make sure it has an appropriate `as` value and it is preloaded intentionally. @ http://localhost:3000/skills/50000000-0000-4000-8000-000000000008:0
[22658935ms] [ERROR] Failed to load resource: the server responded with a status of 500 (Internal Server Error) @ http://localhost:3000/skills/50000000-0000-4000-8000-000000000008:0
[22659120ms] Error: Failed query: select "id", "organization_id", "name", "category", "type", "version", "description", "content", "input_schema", "output_schema", "runtime_config", "compatible_roles", "plugin_config", "created_at", "updated_at" from "skills" "skills" where "skills"."id" = $1 limit $2
params: 50000000-0000-4000-8000-000000000008,1
    at  getSkillUsageStats (about://React/Server/file:///Users/zhuyu/dev/chinamcloud/vibetide/.next/dev/server/chunks/ssr/_8eabab39._.js?8:484:19)
    at  SkillDetailPage (about://React/Server/file:///Users/zhuyu/dev/chinamcloud/vibetide/.next/dev/server/chunks/ssr/%5Broot-of-the-server%5D__8410e855._.js?9:328:43)
    at resolveErrorDev (http://localhost:3000/_next/static/chunks/node_modules_next_dist_compiled_react-server-dom-turbopack_9212ccad._.js:1894:148)
    at processFullStringRow (http://localhost:3000/_next/static/chunks/node_modules_next_dist_compiled_react-server-dom-turbopack_9212ccad._.js:2402:29)
    at processFullBinaryRow (http://localhost:3000/_next/static/chunks/node_modules_next_dist_compiled_react-server-dom-turbopack_9212ccad._.js:2361:9)
    at processBinaryChunk (http://localhost:3000/_next/static/chunks/node_modules_next_dist_compiled_react-server-dom-turbopack_9212ccad._.js:2470:221)
    at progress (http://localhost:3000/_next/static/chunks/node_modules_next_dist_compiled_react-server-dom-turbopack_9212ccad._.js:2640:13)
[22662125ms] [WARNING] The resource http://localhost:3000/_next/static/chunks/src_app_globals_91e4631d.css was preloaded using link preload but not used within a few seconds from the window's load event. Please make sure it has an appropriate `as` value and it is preloaded intentionally. @ http://localhost:3000/skills/50000000-0000-4000-8000-000000000008:0
[22720589ms] [WARNING] The resource http://localhost:3000/_next/static/chunks/src_app_globals_91e4631d.css was preloaded using link preload but not used within a few seconds from the window's load event. Please make sure it has an appropriate `as` value and it is preloaded intentionally. @ http://localhost:3000/skills/50000000-0000-4000-8000-000000000008:0
[22723202ms] [ERROR] Failed to load resource: the server responded with a status of 500 (Internal Server Error) @ http://localhost:3000/skills/50000000-0000-4000-8000-000000000008:0
[22723382ms] Error: Failed query: select "id", "organization_id", "name", "category", "type", "version", "description", "content", "input_schema", "output_schema", "runtime_config", "compatible_roles", "plugin_config", "created_at", "updated_at" from "skills" "skills" where "skills"."id" = $1 limit $2
params: 50000000-0000-4000-8000-000000000008,1
    at  getSkillDetail (about://React/Server/file:///Users/zhuyu/dev/chinamcloud/vibetide/.next/dev/server/chunks/ssr/%5Broot-of-the-server%5D__8410e855._.js?10:112:17)
    at  getSkillDetailWithFiles (about://React/Server/file:///Users/zhuyu/dev/chinamcloud/vibetide/.next/dev/server/chunks/ssr/%5Broot-of-the-server%5D__8410e855._.js?11:156:20)
    at  SkillDetailPage (about://React/Server/file:///Users/zhuyu/dev/chinamcloud/vibetide/.next/dev/server/chunks/ssr/%5Broot-of-the-server%5D__8410e855._.js?12:328:43)
    at resolveErrorDev (http://localhost:3000/_next/static/chunks/node_modules_next_dist_compiled_react-server-dom-turbopack_9212ccad._.js:1894:148)
    at processFullStringRow (http://localhost:3000/_next/static/chunks/node_modules_next_dist_compiled_react-server-dom-turbopack_9212ccad._.js:2402:29)
    at processFullBinaryRow (http://localhost:3000/_next/static/chunks/node_modules_next_dist_compiled_react-server-dom-turbopack_9212ccad._.js:2361:9)
    at processBinaryChunk (http://localhost:3000/_next/static/chunks/node_modules_next_dist_compiled_react-server-dom-turbopack_9212ccad._.js:2470:221)
    at progress (http://localhost:3000/_next/static/chunks/node_modules_next_dist_compiled_react-server-dom-turbopack_9212ccad._.js:2640:13)
[22726389ms] [WARNING] The resource http://localhost:3000/_next/static/chunks/src_app_globals_91e4631d.css was preloaded using link preload but not used within a few seconds from the window's load event. Please make sure it has an appropriate `as` value and it is preloaded intentionally. @ http://localhost:3000/skills/50000000-0000-4000-8000-000000000008:0
[22736814ms] [WARNING] [Fast Refresh] performing full reload because your application had an unrecoverable error @ http://localhost:3000/_next/static/chunks/node_modules_next_dist_f3530cac._.js:2297
[22736867ms] Error: No link element found for chunk /_next/static/chunks/src_app_globals_91e4631d.css
    at http://localhost:3000/_next/static/chunks/turbopack-_23a915ee._.js:1801:28
    at new Promise (<anonymous>)
    at Object.reloadChunk (http://localhost:3000/_next/static/chunks/turbopack-_23a915ee._.js:1793:20)
    at applyChunkListUpdate (http://localhost:3000/_next/static/chunks/turbopack-_23a915ee._.js:1174:46)
    at applyUpdate (http://localhost:3000/_next/static/chunks/turbopack-_23a915ee._.js:1148:13)
    at handleApply (http://localhost:3000/_next/static/chunks/turbopack-_23a915ee._.js:1368:17)
    at triggerUpdate (http://localhost:3000/_next/static/chunks/%5Bturbopack%5D_browser_dev_hmr-client_hmr-client_ts_c8c997ce._.js:452:9)
    at applyAggregatedUpdates (http://localhost:3000/_next/static/chunks/%5Bturbopack%5D_browser_dev_hmr-client_hmr-client_ts_c8c997ce._.js:98:9)
    at http://localhost:3000/_next/static/chunks/%5Bturbopack%5D_browser_dev_hmr-client_hmr-client_ts_c8c997ce._.js:32:21
    at processTurbopackMessage (http://localhost:3000/_next/static/chunks/node_modules_next_dist_client_17643121._.js:10950:13)
    at processMessage (http://localhost:3000/_next/static/chunks/node_modules_next_dist_client_17643121._.js:11591:17)
    at WebSocket.handleMessage (http://localhost:3000/_next/static/chunks/node_modules_next_dist_client_17643121._.js:10914:52)
[22739822ms] [WARNING] The resource http://localhost:3000/_next/static/chunks/src_app_globals_91e4631d.css was preloaded using link preload but not used within a few seconds from the window's load event. Please make sure it has an appropriate `as` value and it is preloaded intentionally. @ http://localhost:3000/skills/50000000-0000-4000-8000-000000000008:0
[22742346ms] [ERROR] Failed to load resource: the server responded with a status of 500 (Internal Server Error) @ http://localhost:3000/skills/50000000-0000-4000-8000-000000000008:0
[22742519ms] Error: Failed query: select "id", "organization_id", "name", "category", "type", "version", "description", "content", "input_schema", "output_schema", "runtime_config", "compatible_roles", "plugin_config", "created_at", "updated_at" from "skills" "skills" where "skills"."id" = $1 limit $2
params: 50000000-0000-4000-8000-000000000008,1
    at  getSkillUsageStats (about://React/Server/file:///Users/zhuyu/dev/chinamcloud/vibetide/.next/dev/server/chunks/ssr/_8eabab39._.js?8:484:19)
    at  SkillDetailPage (about://React/Server/file:///Users/zhuyu/dev/chinamcloud/vibetide/.next/dev/server/chunks/ssr/%5Broot-of-the-server%5D__8410e855._.js?9:328:43)
    at resolveErrorDev (http://localhost:3000/_next/static/chunks/node_modules_next_dist_compiled_react-server-dom-turbopack_9212ccad._.js:1894:148)
    at processFullStringRow (http://localhost:3000/_next/static/chunks/node_modules_next_dist_compiled_react-server-dom-turbopack_9212ccad._.js:2402:29)
    at processFullBinaryRow (http://localhost:3000/_next/static/chunks/node_modules_next_dist_compiled_react-server-dom-turbopack_9212ccad._.js:2361:9)
    at processBinaryChunk (http://localhost:3000/_next/static/chunks/node_modules_next_dist_compiled_react-server-dom-turbopack_9212ccad._.js:2470:221)
    at progress (http://localhost:3000/_next/static/chunks/node_modules_next_dist_compiled_react-server-dom-turbopack_9212ccad._.js:2640:13)
[22745526ms] [WARNING] The resource http://localhost:3000/_next/static/chunks/src_app_globals_91e4631d.css was preloaded using link preload but not used within a few seconds from the window's load event. Please make sure it has an appropriate `as` value and it is preloaded intentionally. @ http://localhost:3000/skills/50000000-0000-4000-8000-000000000008:0
[22770109ms] [WARNING] [Fast Refresh] performing full reload because your application had an unrecoverable error @ http://localhost:3000/_next/static/chunks/node_modules_next_dist_f3530cac._.js:2297
[22773115ms] [WARNING] The resource http://localhost:3000/_next/static/chunks/src_app_globals_91e4631d.css was preloaded using link preload but not used within a few seconds from the window's load event. Please make sure it has an appropriate `as` value and it is preloaded intentionally. @ http://localhost:3000/skills/50000000-0000-4000-8000-000000000008:0
[22775785ms] [ERROR] Failed to load resource: the server responded with a status of 500 (Internal Server Error) @ http://localhost:3000/skills/50000000-0000-4000-8000-000000000008:0
[22775978ms] Error: Failed query: select "id", "organization_id", "name", "category", "type", "version", "description", "content", "input_schema", "output_schema", "runtime_config", "compatible_roles", "plugin_config", "created_at", "updated_at" from "skills" "skills" where "skills"."id" = $1 limit $2
params: 50000000-0000-4000-8000-000000000008,1
    at  getSkillUsageStats (about://React/Server/file:///Users/zhuyu/dev/chinamcloud/vibetide/.next/dev/server/chunks/ssr/_8eabab39._.js?8:484:19)
    at  SkillDetailPage (about://React/Server/file:///Users/zhuyu/dev/chinamcloud/vibetide/.next/dev/server/chunks/ssr/%5Broot-of-the-server%5D__8410e855._.js?9:328:43)
    at resolveErrorDev (http://localhost:3000/_next/static/chunks/node_modules_next_dist_compiled_react-server-dom-turbopack_9212ccad._.js:1894:148)
    at processFullStringRow (http://localhost:3000/_next/static/chunks/node_modules_next_dist_compiled_react-server-dom-turbopack_9212ccad._.js:2402:29)
    at processFullBinaryRow (http://localhost:3000/_next/static/chunks/node_modules_next_dist_compiled_react-server-dom-turbopack_9212ccad._.js:2361:9)
    at processBinaryChunk (http://localhost:3000/_next/static/chunks/node_modules_next_dist_compiled_react-server-dom-turbopack_9212ccad._.js:2470:221)
    at progress (http://localhost:3000/_next/static/chunks/node_modules_next_dist_compiled_react-server-dom-turbopack_9212ccad._.js:2640:13)
[22778983ms] [WARNING] The resource http://localhost:3000/_next/static/chunks/src_app_globals_91e4631d.css was preloaded using link preload but not used within a few seconds from the window's load event. Please make sure it has an appropriate `as` value and it is preloaded intentionally. @ http://localhost:3000/skills/50000000-0000-4000-8000-000000000008:0
