[    3586ms] Error: Failed query: select "id", "skill_id", "organization_id", "file_type", "file_name", "file_path", "content", "created_at", "updated_at" from "skill_files" "skillFiles" where "skillFiles"."skill_id" = $1 order by "skillFiles"."file_type" asc, "skillFiles"."file_name" asc
params: 50000000-0000-4000-8000-000000000008
    at Promise.all (<anonymous>:1:20)
    at getSkillDetailPageData (about://React/Server/file:///Users/zhuyu/dev/chinamcloud/vibetide/.next/dev/server/chunks/ssr/%5Broot-of-the-server%5D__2d14a77b._.js?70:290:62)
    at SkillDetailPage (about://React/Server/file:///Users/zhuyu/dev/chinamcloud/vibetide/.next/dev/server/chunks/ssr/%5Broot-of-the-server%5D__2d14a77b._.js?71:427:18)
    at resolveErrorDev (http://localhost:3000/_next/static/chunks/node_modules_next_dist_compiled_react-server-dom-turbopack_9212ccad._.js:1894:148)
    at processFullStringRow (http://localhost:3000/_next/static/chunks/node_modules_next_dist_compiled_react-server-dom-turbopack_9212ccad._.js:2402:29)
    at processFullBinaryRow (http://localhost:3000/_next/static/chunks/node_modules_next_dist_compiled_react-server-dom-turbopack_9212ccad._.js:2361:9)
    at processBinaryChunk (http://localhost:3000/_next/static/chunks/node_modules_next_dist_compiled_react-server-dom-turbopack_9212ccad._.js:2470:221)
    at progress (http://localhost:3000/_next/static/chunks/node_modules_next_dist_compiled_react-server-dom-turbopack_9212ccad._.js:2640:13)
[   83810ms] Error: Failed query: select "id", "organization_id", "name", "category", "type", "version", "description", "content", "input_schema", "output_schema", "runtime_config", "compatible_roles", "plugin_config", "created_at", "updated_at" from "skills" "skills" where "skills"."id" = $1 limit $2
params: 50000000-0000-4000-8000-000000000008,1
    at Promise.all (<anonymous>:1:20)
    at getSkillDetailPageData (about://React/Server/file:///Users/zhuyu/dev/chinamcloud/vibetide/.next/dev/server/chunks/ssr/%5Broot-of-the-server%5D__2d14a77b._.js?70:292:62)
    at SkillDetailPage (about://React/Server/file:///Users/zhuyu/dev/chinamcloud/vibetide/.next/dev/server/chunks/ssr/%5Broot-of-the-server%5D__2d14a77b._.js?71:429:18)
    at resolveErrorDev (http://localhost:3000/_next/static/chunks/node_modules_next_dist_compiled_react-server-dom-turbopack_9212ccad._.js:1894:148)
    at processFullStringRow (http://localhost:3000/_next/static/chunks/node_modules_next_dist_compiled_react-server-dom-turbopack_9212ccad._.js:2402:29)
    at processFullBinaryRow (http://localhost:3000/_next/static/chunks/node_modules_next_dist_compiled_react-server-dom-turbopack_9212ccad._.js:2361:9)
    at processBinaryChunk (http://localhost:3000/_next/static/chunks/node_modules_next_dist_compiled_react-server-dom-turbopack_9212ccad._.js:2470:221)
    at progress (http://localhost:3000/_next/static/chunks/node_modules_next_dist_compiled_react-server-dom-turbopack_9212ccad._.js:2640:13)
