[10085677ms] [ERROR] ./src/app/(dashboard)/benchmarking/benchmarking-client.tsx:709:14
Parsing ecmascript source code failed
  707 |           )}
  708 |         </TabsContent>
> 709 |       </Tabs>
      |              ^
> 710 |
      | ^
> 711 |       {/* Platform Config Sheet */}
      | ^^^^^^^
  712 |       <PlatformConfigSheet
  713 |         open={platformConfigOpen}
  714 |         onOpenChange={setPlatformConfigOpen}

Expected '</', got 'jsx text'

Import trace:
  Server Component:
    ./src/app/(dashboard)/benchmarking/benchmarking-client.tsx
    ./src/app/(dashboard)/benchmarking/page.tsx @ http://localhost:3000/_next/static/chunks/node_modules_next_dist_f3530cac._.js:3127
[10085965ms] [ERROR] ./src/app/(dashboard)/benchmarking/benchmarking-client.tsx:709:14
Parsing ecmascript source code failed
  707 |           )}
  708 |         </TabsContent>
> 709 |       </Tabs>
      |              ^
> 710 |
      | ^
> 711 |       {/* Platform Config Sheet */}
      | ^^^^^^^
  712 |       <PlatformConfigSheet
  713 |         open={platformConfigOpen}
  714 |         onOpenChange={setPlatformConfigOpen}

Expected '</', got 'jsx text'

Import trace:
  Server Component:
    ./src/app/(dashboard)/benchmarking/benchmarking-client.tsx
    ./src/app/(dashboard)/benchmarking/page.tsx @ http://localhost:3000/_next/static/chunks/node_modules_next_dist_f3530cac._.js:3127
[10086023ms] [ERROR] ./src/app/(dashboard)/benchmarking/benchmarking-client.tsx:709:14
Parsing ecmascript source code failed
  707 |           )}
  708 |         </TabsContent>
> 709 |       </Tabs>
      |              ^
> 710 |
      | ^
> 711 |       {/* Platform Config Sheet */}
      | ^^^^^^^
  712 |       <PlatformConfigSheet
  713 |         open={platformConfigOpen}
  714 |         onOpenChange={setPlatformConfigOpen}

Expected '</', got 'jsx text'

Import trace:
  Server Component:
    ./src/app/(dashboard)/benchmarking/benchmarking-client.tsx
    ./src/app/(dashboard)/benchmarking/page.tsx @ http://localhost:3000/_next/static/chunks/node_modules_next_dist_f3530cac._.js:3127
[10086082ms] [ERROR] ./src/app/(dashboard)/benchmarking/benchmarking-client.tsx:709:14
Parsing ecmascript source code failed
  707 |           )}
  708 |         </TabsContent>
> 709 |       </Tabs>
      |              ^
> 710 |
      | ^
> 711 |       {/* Platform Config Sheet */}
      | ^^^^^^^
  712 |       <PlatformConfigSheet
  713 |         open={platformConfigOpen}
  714 |         onOpenChange={setPlatformConfigOpen}

Expected '</', got 'jsx text'

Import trace:
  Server Component:
    ./src/app/(dashboard)/benchmarking/benchmarking-client.tsx
    ./src/app/(dashboard)/benchmarking/page.tsx @ http://localhost:3000/_next/static/chunks/node_modules_next_dist_f3530cac._.js:3127
[10086139ms] [ERROR] ./src/app/(dashboard)/benchmarking/benchmarking-client.tsx:709:14
Parsing ecmascript source code failed
  707 |           )}
  708 |         </TabsContent>
> 709 |       </Tabs>
      |              ^
> 710 |
      | ^
> 711 |       {/* Platform Config Sheet */}
      | ^^^^^^^
  712 |       <PlatformConfigSheet
  713 |         open={platformConfigOpen}
  714 |         onOpenChange={setPlatformConfigOpen}

Expected '</', got 'jsx text'

Import trace:
  Server Component:
    ./src/app/(dashboard)/benchmarking/benchmarking-client.tsx
    ./src/app/(dashboard)/benchmarking/page.tsx @ http://localhost:3000/_next/static/chunks/node_modules_next_dist_f3530cac._.js:3127
[10086225ms] [ERROR] ./src/app/(dashboard)/benchmarking/benchmarking-client.tsx:709:14
Parsing ecmascript source code failed
  707 |           )}
  708 |         </TabsContent>
> 709 |       </Tabs>
      |              ^
> 710 |
      | ^
> 711 |       {/* Platform Config Sheet */}
      | ^^^^^^^
  712 |       <PlatformConfigSheet
  713 |         open={platformConfigOpen}
  714 |         onOpenChange={setPlatformConfigOpen}

Expected '</', got 'jsx text'

Import trace:
  Server Component:
    ./src/app/(dashboard)/benchmarking/benchmarking-client.tsx
    ./src/app/(dashboard)/benchmarking/page.tsx @ http://localhost:3000/_next/static/chunks/node_modules_next_dist_f3530cac._.js:3127
[10086288ms] [ERROR] ./src/app/(dashboard)/benchmarking/benchmarking-client.tsx:709:14
Parsing ecmascript source code failed
  707 |           )}
  708 |         </TabsContent>
> 709 |       </Tabs>
      |              ^
> 710 |
      | ^
> 711 |       {/* Platform Config Sheet */}
      | ^^^^^^^
  712 |       <PlatformConfigSheet
  713 |         open={platformConfigOpen}
  714 |         onOpenChange={setPlatformConfigOpen}

Expected '</', got 'jsx text'

Import trace:
  Server Component:
    ./src/app/(dashboard)/benchmarking/benchmarking-client.tsx
    ./src/app/(dashboard)/benchmarking/page.tsx @ http://localhost:3000/_next/static/chunks/node_modules_next_dist_f3530cac._.js:3127
[10086340ms] [ERROR] ./src/app/(dashboard)/benchmarking/benchmarking-client.tsx:709:14
Parsing ecmascript source code failed
  707 |           )}
  708 |         </TabsContent>
> 709 |       </Tabs>
      |              ^
> 710 |
      | ^
> 711 |       {/* Platform Config Sheet */}
      | ^^^^^^^
  712 |       <PlatformConfigSheet
  713 |         open={platformConfigOpen}
  714 |         onOpenChange={setPlatformConfigOpen}

Expected '</', got 'jsx text'

Import trace:
  Server Component:
    ./src/app/(dashboard)/benchmarking/benchmarking-client.tsx
    ./src/app/(dashboard)/benchmarking/page.tsx @ http://localhost:3000/_next/static/chunks/node_modules_next_dist_f3530cac._.js:3127
[10086394ms] [ERROR] ./src/app/(dashboard)/benchmarking/benchmarking-client.tsx:709:14
Parsing ecmascript source code failed
  707 |           )}
  708 |         </TabsContent>
> 709 |       </Tabs>
      |              ^
> 710 |
      | ^
> 711 |       {/* Platform Config Sheet */}
      | ^^^^^^^
  712 |       <PlatformConfigSheet
  713 |         open={platformConfigOpen}
  714 |         onOpenChange={setPlatformConfigOpen}

Expected '</', got 'jsx text'

Import trace:
  Server Component:
    ./src/app/(dashboard)/benchmarking/benchmarking-client.tsx
    ./src/app/(dashboard)/benchmarking/page.tsx @ http://localhost:3000/_next/static/chunks/node_modules_next_dist_f3530cac._.js:3127
[10086447ms] [ERROR] ./src/app/(dashboard)/benchmarking/benchmarking-client.tsx:709:14
Parsing ecmascript source code failed
  707 |           )}
  708 |         </TabsContent>
> 709 |       </Tabs>
      |              ^
> 710 |
      | ^
> 711 |       {/* Platform Config Sheet */}
      | ^^^^^^^
  712 |       <PlatformConfigSheet
  713 |         open={platformConfigOpen}
  714 |         onOpenChange={setPlatformConfigOpen}

Expected '</', got 'jsx text'

Import trace:
  Server Component:
    ./src/app/(dashboard)/benchmarking/benchmarking-client.tsx
    ./src/app/(dashboard)/benchmarking/page.tsx @ http://localhost:3000/_next/static/chunks/node_modules_next_dist_f3530cac._.js:3127
[10086499ms] [ERROR] ./src/app/(dashboard)/benchmarking/benchmarking-client.tsx:709:14
Parsing ecmascript source code failed
  707 |           )}
  708 |         </TabsContent>
> 709 |       </Tabs>
      |              ^
> 710 |
      | ^
> 711 |       {/* Platform Config Sheet */}
      | ^^^^^^^
  712 |       <PlatformConfigSheet
  713 |         open={platformConfigOpen}
  714 |         onOpenChange={setPlatformConfigOpen}

Expected '</', got 'jsx text'

Import trace:
  Server Component:
    ./src/app/(dashboard)/benchmarking/benchmarking-client.tsx
    ./src/app/(dashboard)/benchmarking/page.tsx @ http://localhost:3000/_next/static/chunks/node_modules_next_dist_f3530cac._.js:3127
[10086552ms] [ERROR] ./src/app/(dashboard)/benchmarking/benchmarking-client.tsx:709:14
Parsing ecmascript source code failed
  707 |           )}
  708 |         </TabsContent>
> 709 |       </Tabs>
      |              ^
> 710 |
      | ^
> 711 |       {/* Platform Config Sheet */}
      | ^^^^^^^
  712 |       <PlatformConfigSheet
  713 |         open={platformConfigOpen}
  714 |         onOpenChange={setPlatformConfigOpen}

Expected '</', got 'jsx text'

Import trace:
  Server Component:
    ./src/app/(dashboard)/benchmarking/benchmarking-client.tsx
    ./src/app/(dashboard)/benchmarking/page.tsx @ http://localhost:3000/_next/static/chunks/node_modules_next_dist_f3530cac._.js:3127
[10086605ms] [ERROR] ./src/app/(dashboard)/benchmarking/benchmarking-client.tsx:709:14
Parsing ecmascript source code failed
  707 |           )}
  708 |         </TabsContent>
> 709 |       </Tabs>
      |              ^
> 710 |
      | ^
> 711 |       {/* Platform Config Sheet */}
      | ^^^^^^^
  712 |       <PlatformConfigSheet
  713 |         open={platformConfigOpen}
  714 |         onOpenChange={setPlatformConfigOpen}

Expected '</', got 'jsx text'

Import trace:
  Server Component:
    ./src/app/(dashboard)/benchmarking/benchmarking-client.tsx
    ./src/app/(dashboard)/benchmarking/page.tsx @ http://localhost:3000/_next/static/chunks/node_modules_next_dist_f3530cac._.js:3127
[10086659ms] [ERROR] ./src/app/(dashboard)/benchmarking/benchmarking-client.tsx:709:14
Parsing ecmascript source code failed
  707 |           )}
  708 |         </TabsContent>
> 709 |       </Tabs>
      |              ^
> 710 |
      | ^
> 711 |       {/* Platform Config Sheet */}
      | ^^^^^^^
  712 |       <PlatformConfigSheet
  713 |         open={platformConfigOpen}
  714 |         onOpenChange={setPlatformConfigOpen}

Expected '</', got 'jsx text'

Import trace:
  Server Component:
    ./src/app/(dashboard)/benchmarking/benchmarking-client.tsx
    ./src/app/(dashboard)/benchmarking/page.tsx @ http://localhost:3000/_next/static/chunks/node_modules_next_dist_f3530cac._.js:3127
[10086714ms] [ERROR] ./src/app/(dashboard)/benchmarking/benchmarking-client.tsx:709:14
Parsing ecmascript source code failed
  707 |           )}
  708 |         </TabsContent>
> 709 |       </Tabs>
      |              ^
> 710 |
      | ^
> 711 |       {/* Platform Config Sheet */}
      | ^^^^^^^
  712 |       <PlatformConfigSheet
  713 |         open={platformConfigOpen}
  714 |         onOpenChange={setPlatformConfigOpen}

Expected '</', got 'jsx text'

Import trace:
  Server Component:
    ./src/app/(dashboard)/benchmarking/benchmarking-client.tsx
    ./src/app/(dashboard)/benchmarking/page.tsx @ http://localhost:3000/_next/static/chunks/node_modules_next_dist_f3530cac._.js:3127
[10086765ms] [ERROR] ./src/app/(dashboard)/benchmarking/benchmarking-client.tsx:709:14
Parsing ecmascript source code failed
  707 |           )}
  708 |         </TabsContent>
> 709 |       </Tabs>
      |              ^
> 710 |
      | ^
> 711 |       {/* Platform Config Sheet */}
      | ^^^^^^^
  712 |       <PlatformConfigSheet
  713 |         open={platformConfigOpen}
  714 |         onOpenChange={setPlatformConfigOpen}

Expected '</', got 'jsx text'

Import trace:
  Server Component:
    ./src/app/(dashboard)/benchmarking/benchmarking-client.tsx
    ./src/app/(dashboard)/benchmarking/page.tsx @ http://localhost:3000/_next/static/chunks/node_modules_next_dist_f3530cac._.js:3127
[10086816ms] [ERROR] ./src/app/(dashboard)/benchmarking/benchmarking-client.tsx:709:14
Parsing ecmascript source code failed
  707 |           )}
  708 |         </TabsContent>
> 709 |       </Tabs>
      |              ^
> 710 |
      | ^
> 711 |       {/* Platform Config Sheet */}
      | ^^^^^^^
  712 |       <PlatformConfigSheet
  713 |         open={platformConfigOpen}
  714 |         onOpenChange={setPlatformConfigOpen}

Expected '</', got 'jsx text'

Import trace:
  Server Component:
    ./src/app/(dashboard)/benchmarking/benchmarking-client.tsx
    ./src/app/(dashboard)/benchmarking/page.tsx @ http://localhost:3000/_next/static/chunks/node_modules_next_dist_f3530cac._.js:3127
[10086870ms] [ERROR] ./src/app/(dashboard)/benchmarking/benchmarking-client.tsx:709:14
Parsing ecmascript source code failed
  707 |           )}
  708 |         </TabsContent>
> 709 |       </Tabs>
      |              ^
> 710 |
      | ^
> 711 |       {/* Platform Config Sheet */}
      | ^^^^^^^
  712 |       <PlatformConfigSheet
  713 |         open={platformConfigOpen}
  714 |         onOpenChange={setPlatformConfigOpen}

Expected '</', got 'jsx text'

Import trace:
  Server Component:
    ./src/app/(dashboard)/benchmarking/benchmarking-client.tsx
    ./src/app/(dashboard)/benchmarking/page.tsx @ http://localhost:3000/_next/static/chunks/node_modules_next_dist_f3530cac._.js:3127
[10086929ms] [ERROR] ./src/app/(dashboard)/benchmarking/benchmarking-client.tsx:709:14
Parsing ecmascript source code failed
  707 |           )}
  708 |         </TabsContent>
> 709 |       </Tabs>
      |              ^
> 710 |
      | ^
> 711 |       {/* Platform Config Sheet */}
      | ^^^^^^^
  712 |       <PlatformConfigSheet
  713 |         open={platformConfigOpen}
  714 |         onOpenChange={setPlatformConfigOpen}

Expected '</', got 'jsx text'

Import trace:
  Server Component:
    ./src/app/(dashboard)/benchmarking/benchmarking-client.tsx
    ./src/app/(dashboard)/benchmarking/page.tsx @ http://localhost:3000/_next/static/chunks/node_modules_next_dist_f3530cac._.js:3127
[10086980ms] [ERROR] ./src/app/(dashboard)/benchmarking/benchmarking-client.tsx:709:14
Parsing ecmascript source code failed
  707 |           )}
  708 |         </TabsContent>
> 709 |       </Tabs>
      |              ^
> 710 |
      | ^
> 711 |       {/* Platform Config Sheet */}
      | ^^^^^^^
  712 |       <PlatformConfigSheet
  713 |         open={platformConfigOpen}
  714 |         onOpenChange={setPlatformConfigOpen}

Expected '</', got 'jsx text'

Import trace:
  Server Component:
    ./src/app/(dashboard)/benchmarking/benchmarking-client.tsx
    ./src/app/(dashboard)/benchmarking/page.tsx @ http://localhost:3000/_next/static/chunks/node_modules_next_dist_f3530cac._.js:3127
[10087032ms] [ERROR] ./src/app/(dashboard)/benchmarking/benchmarking-client.tsx:709:14
Parsing ecmascript source code failed
  707 |           )}
  708 |         </TabsContent>
> 709 |       </Tabs>
      |              ^
> 710 |
      | ^
> 711 |       {/* Platform Config Sheet */}
      | ^^^^^^^
  712 |       <PlatformConfigSheet
  713 |         open={platformConfigOpen}
  714 |         onOpenChange={setPlatformConfigOpen}

Expected '</', got 'jsx text'

Import trace:
  Server Component:
    ./src/app/(dashboard)/benchmarking/benchmarking-client.tsx
    ./src/app/(dashboard)/benchmarking/page.tsx @ http://localhost:3000/_next/static/chunks/node_modules_next_dist_f3530cac._.js:3127
[10087084ms] [ERROR] ./src/app/(dashboard)/benchmarking/benchmarking-client.tsx:709:14
Parsing ecmascript source code failed
  707 |           )}
  708 |         </TabsContent>
> 709 |       </Tabs>
      |              ^
> 710 |
      | ^
> 711 |       {/* Platform Config Sheet */}
      | ^^^^^^^
  712 |       <PlatformConfigSheet
  713 |         open={platformConfigOpen}
  714 |         onOpenChange={setPlatformConfigOpen}

Expected '</', got 'jsx text'

Import trace:
  Server Component:
    ./src/app/(dashboard)/benchmarking/benchmarking-client.tsx
    ./src/app/(dashboard)/benchmarking/page.tsx @ http://localhost:3000/_next/static/chunks/node_modules_next_dist_f3530cac._.js:3127
[10087136ms] [ERROR] ./src/app/(dashboard)/benchmarking/benchmarking-client.tsx:709:14
Parsing ecmascript source code failed
  707 |           )}
  708 |         </TabsContent>
> 709 |       </Tabs>
      |              ^
> 710 |
      | ^
> 711 |       {/* Platform Config Sheet */}
      | ^^^^^^^
  712 |       <PlatformConfigSheet
  713 |         open={platformConfigOpen}
  714 |         onOpenChange={setPlatformConfigOpen}

Expected '</', got 'jsx text'

Import trace:
  Server Component:
    ./src/app/(dashboard)/benchmarking/benchmarking-client.tsx
    ./src/app/(dashboard)/benchmarking/page.tsx @ http://localhost:3000/_next/static/chunks/node_modules_next_dist_f3530cac._.js:3127
[10087187ms] [ERROR] ./src/app/(dashboard)/benchmarking/benchmarking-client.tsx:709:14
Parsing ecmascript source code failed
  707 |           )}
  708 |         </TabsContent>
> 709 |       </Tabs>
      |              ^
> 710 |
      | ^
> 711 |       {/* Platform Config Sheet */}
      | ^^^^^^^
  712 |       <PlatformConfigSheet
  713 |         open={platformConfigOpen}
  714 |         onOpenChange={setPlatformConfigOpen}

Expected '</', got 'jsx text'

Import trace:
  Server Component:
    ./src/app/(dashboard)/benchmarking/benchmarking-client.tsx
    ./src/app/(dashboard)/benchmarking/page.tsx @ http://localhost:3000/_next/static/chunks/node_modules_next_dist_f3530cac._.js:3127
[10087240ms] [ERROR] ./src/app/(dashboard)/benchmarking/benchmarking-client.tsx:709:14
Parsing ecmascript source code failed
  707 |           )}
  708 |         </TabsContent>
> 709 |       </Tabs>
      |              ^
> 710 |
      | ^
> 711 |       {/* Platform Config Sheet */}
      | ^^^^^^^
  712 |       <PlatformConfigSheet
  713 |         open={platformConfigOpen}
  714 |         onOpenChange={setPlatformConfigOpen}

Expected '</', got 'jsx text'

Import trace:
  Server Component:
    ./src/app/(dashboard)/benchmarking/benchmarking-client.tsx
    ./src/app/(dashboard)/benchmarking/page.tsx @ http://localhost:3000/_next/static/chunks/node_modules_next_dist_f3530cac._.js:3127
[10087294ms] [ERROR] ./src/app/(dashboard)/benchmarking/benchmarking-client.tsx:709:14
Parsing ecmascript source code failed
  707 |           )}
  708 |         </TabsContent>
> 709 |       </Tabs>
      |              ^
> 710 |
      | ^
> 711 |       {/* Platform Config Sheet */}
      | ^^^^^^^
  712 |       <PlatformConfigSheet
  713 |         open={platformConfigOpen}
  714 |         onOpenChange={setPlatformConfigOpen}

Expected '</', got 'jsx text'

Import trace:
  Server Component:
    ./src/app/(dashboard)/benchmarking/benchmarking-client.tsx
    ./src/app/(dashboard)/benchmarking/page.tsx @ http://localhost:3000/_next/static/chunks/node_modules_next_dist_f3530cac._.js:3127
[10087346ms] [ERROR] ./src/app/(dashboard)/benchmarking/benchmarking-client.tsx:709:14
Parsing ecmascript source code failed
  707 |           )}
  708 |         </TabsContent>
> 709 |       </Tabs>
      |              ^
> 710 |
      | ^
> 711 |       {/* Platform Config Sheet */}
      | ^^^^^^^
  712 |       <PlatformConfigSheet
  713 |         open={platformConfigOpen}
  714 |         onOpenChange={setPlatformConfigOpen}

Expected '</', got 'jsx text'

Import trace:
  Server Component:
    ./src/app/(dashboard)/benchmarking/benchmarking-client.tsx
    ./src/app/(dashboard)/benchmarking/page.tsx @ http://localhost:3000/_next/static/chunks/node_modules_next_dist_f3530cac._.js:3127
[10087398ms] [ERROR] ./src/app/(dashboard)/benchmarking/benchmarking-client.tsx:709:14
Parsing ecmascript source code failed
  707 |           )}
  708 |         </TabsContent>
> 709 |       </Tabs>
      |              ^
> 710 |
      | ^
> 711 |       {/* Platform Config Sheet */}
      | ^^^^^^^
  712 |       <PlatformConfigSheet
  713 |         open={platformConfigOpen}
  714 |         onOpenChange={setPlatformConfigOpen}

Expected '</', got 'jsx text'

Import trace:
  Server Component:
    ./src/app/(dashboard)/benchmarking/benchmarking-client.tsx
    ./src/app/(dashboard)/benchmarking/page.tsx @ http://localhost:3000/_next/static/chunks/node_modules_next_dist_f3530cac._.js:3127
[10087450ms] [ERROR] ./src/app/(dashboard)/benchmarking/benchmarking-client.tsx:709:14
Parsing ecmascript source code failed
  707 |           )}
  708 |         </TabsContent>
> 709 |       </Tabs>
      |              ^
> 710 |
      | ^
> 711 |       {/* Platform Config Sheet */}
      | ^^^^^^^
  712 |       <PlatformConfigSheet
  713 |         open={platformConfigOpen}
  714 |         onOpenChange={setPlatformConfigOpen}

Expected '</', got 'jsx text'

Import trace:
  Server Component:
    ./src/app/(dashboard)/benchmarking/benchmarking-client.tsx
    ./src/app/(dashboard)/benchmarking/page.tsx @ http://localhost:3000/_next/static/chunks/node_modules_next_dist_f3530cac._.js:3127
[10087503ms] [ERROR] ./src/app/(dashboard)/benchmarking/benchmarking-client.tsx:709:14
Parsing ecmascript source code failed
  707 |           )}
  708 |         </TabsContent>
> 709 |       </Tabs>
      |              ^
> 710 |
      | ^
> 711 |       {/* Platform Config Sheet */}
      | ^^^^^^^
  712 |       <PlatformConfigSheet
  713 |         open={platformConfigOpen}
  714 |         onOpenChange={setPlatformConfigOpen}

Expected '</', got 'jsx text'

Import trace:
  Server Component:
    ./src/app/(dashboard)/benchmarking/benchmarking-client.tsx
    ./src/app/(dashboard)/benchmarking/page.tsx @ http://localhost:3000/_next/static/chunks/node_modules_next_dist_f3530cac._.js:3127
[10087556ms] [ERROR] ./src/app/(dashboard)/benchmarking/benchmarking-client.tsx:709:14
Parsing ecmascript source code failed
  707 |           )}
  708 |         </TabsContent>
> 709 |       </Tabs>
      |              ^
> 710 |
      | ^
> 711 |       {/* Platform Config Sheet */}
      | ^^^^^^^
  712 |       <PlatformConfigSheet
  713 |         open={platformConfigOpen}
  714 |         onOpenChange={setPlatformConfigOpen}

Expected '</', got 'jsx text'

Import trace:
  Server Component:
    ./src/app/(dashboard)/benchmarking/benchmarking-client.tsx
    ./src/app/(dashboard)/benchmarking/page.tsx @ http://localhost:3000/_next/static/chunks/node_modules_next_dist_f3530cac._.js:3127
[10087609ms] [ERROR] ./src/app/(dashboard)/benchmarking/benchmarking-client.tsx:709:14
Parsing ecmascript source code failed
  707 |           )}
  708 |         </TabsContent>
> 709 |       </Tabs>
      |              ^
> 710 |
      | ^
> 711 |       {/* Platform Config Sheet */}
      | ^^^^^^^
  712 |       <PlatformConfigSheet
  713 |         open={platformConfigOpen}
  714 |         onOpenChange={setPlatformConfigOpen}

Expected '</', got 'jsx text'

Import trace:
  Server Component:
    ./src/app/(dashboard)/benchmarking/benchmarking-client.tsx
    ./src/app/(dashboard)/benchmarking/page.tsx @ http://localhost:3000/_next/static/chunks/node_modules_next_dist_f3530cac._.js:3127
[10087662ms] [ERROR] ./src/app/(dashboard)/benchmarking/benchmarking-client.tsx:709:14
Parsing ecmascript source code failed
  707 |           )}
  708 |         </TabsContent>
> 709 |       </Tabs>
      |              ^
> 710 |
      | ^
> 711 |       {/* Platform Config Sheet */}
      | ^^^^^^^
  712 |       <PlatformConfigSheet
  713 |         open={platformConfigOpen}
  714 |         onOpenChange={setPlatformConfigOpen}

Expected '</', got 'jsx text'

Import trace:
  Server Component:
    ./src/app/(dashboard)/benchmarking/benchmarking-client.tsx
    ./src/app/(dashboard)/benchmarking/page.tsx @ http://localhost:3000/_next/static/chunks/node_modules_next_dist_f3530cac._.js:3127
[10087714ms] [ERROR] ./src/app/(dashboard)/benchmarking/benchmarking-client.tsx:709:14
Parsing ecmascript source code failed
  707 |           )}
  708 |         </TabsContent>
> 709 |       </Tabs>
      |              ^
> 710 |
      | ^
> 711 |       {/* Platform Config Sheet */}
      | ^^^^^^^
  712 |       <PlatformConfigSheet
  713 |         open={platformConfigOpen}
  714 |         onOpenChange={setPlatformConfigOpen}

Expected '</', got 'jsx text'

Import trace:
  Server Component:
    ./src/app/(dashboard)/benchmarking/benchmarking-client.tsx
    ./src/app/(dashboard)/benchmarking/page.tsx @ http://localhost:3000/_next/static/chunks/node_modules_next_dist_f3530cac._.js:3127
[10087787ms] [ERROR] ./src/app/(dashboard)/benchmarking/benchmarking-client.tsx:709:14
Parsing ecmascript source code failed
  707 |           )}
  708 |         </TabsContent>
> 709 |       </Tabs>
      |              ^
> 710 |
      | ^
> 711 |       {/* Platform Config Sheet */}
      | ^^^^^^^
  712 |       <PlatformConfigSheet
  713 |         open={platformConfigOpen}
  714 |         onOpenChange={setPlatformConfigOpen}

Expected '</', got 'jsx text'

Import trace:
  Server Component:
    ./src/app/(dashboard)/benchmarking/benchmarking-client.tsx
    ./src/app/(dashboard)/benchmarking/page.tsx @ http://localhost:3000/_next/static/chunks/node_modules_next_dist_f3530cac._.js:3127
[10087846ms] [ERROR] ./src/app/(dashboard)/benchmarking/benchmarking-client.tsx:709:14
Parsing ecmascript source code failed
  707 |           )}
  708 |         </TabsContent>
> 709 |       </Tabs>
      |              ^
> 710 |
      | ^
> 711 |       {/* Platform Config Sheet */}
      | ^^^^^^^
  712 |       <PlatformConfigSheet
  713 |         open={platformConfigOpen}
  714 |         onOpenChange={setPlatformConfigOpen}

Expected '</', got 'jsx text'

Import trace:
  Server Component:
    ./src/app/(dashboard)/benchmarking/benchmarking-client.tsx
    ./src/app/(dashboard)/benchmarking/page.tsx @ http://localhost:3000/_next/static/chunks/node_modules_next_dist_f3530cac._.js:3127
[10087898ms] [ERROR] ./src/app/(dashboard)/benchmarking/benchmarking-client.tsx:709:14
Parsing ecmascript source code failed
  707 |           )}
  708 |         </TabsContent>
> 709 |       </Tabs>
      |              ^
> 710 |
      | ^
> 711 |       {/* Platform Config Sheet */}
      | ^^^^^^^
  712 |       <PlatformConfigSheet
  713 |         open={platformConfigOpen}
  714 |         onOpenChange={setPlatformConfigOpen}

Expected '</', got 'jsx text'

Import trace:
  Server Component:
    ./src/app/(dashboard)/benchmarking/benchmarking-client.tsx
    ./src/app/(dashboard)/benchmarking/page.tsx @ http://localhost:3000/_next/static/chunks/node_modules_next_dist_f3530cac._.js:3127
[10087949ms] [ERROR] ./src/app/(dashboard)/benchmarking/benchmarking-client.tsx:709:14
Parsing ecmascript source code failed
  707 |           )}
  708 |         </TabsContent>
> 709 |       </Tabs>
      |              ^
> 710 |
      | ^
> 711 |       {/* Platform Config Sheet */}
      | ^^^^^^^
  712 |       <PlatformConfigSheet
  713 |         open={platformConfigOpen}
  714 |         onOpenChange={setPlatformConfigOpen}

Expected '</', got 'jsx text'

Import trace:
  Server Component:
    ./src/app/(dashboard)/benchmarking/benchmarking-client.tsx
    ./src/app/(dashboard)/benchmarking/page.tsx @ http://localhost:3000/_next/static/chunks/node_modules_next_dist_f3530cac._.js:3127
[10088003ms] [ERROR] ./src/app/(dashboard)/benchmarking/benchmarking-client.tsx:709:14
Parsing ecmascript source code failed
  707 |           )}
  708 |         </TabsContent>
> 709 |       </Tabs>
      |              ^
> 710 |
      | ^
> 711 |       {/* Platform Config Sheet */}
      | ^^^^^^^
  712 |       <PlatformConfigSheet
  713 |         open={platformConfigOpen}
  714 |         onOpenChange={setPlatformConfigOpen}

Expected '</', got 'jsx text'

Import trace:
  Server Component:
    ./src/app/(dashboard)/benchmarking/benchmarking-client.tsx
    ./src/app/(dashboard)/benchmarking/page.tsx @ http://localhost:3000/_next/static/chunks/node_modules_next_dist_f3530cac._.js:3127
[10088055ms] [ERROR] ./src/app/(dashboard)/benchmarking/benchmarking-client.tsx:709:14
Parsing ecmascript source code failed
  707 |           )}
  708 |         </TabsContent>
> 709 |       </Tabs>
      |              ^
> 710 |
      | ^
> 711 |       {/* Platform Config Sheet */}
      | ^^^^^^^
  712 |       <PlatformConfigSheet
  713 |         open={platformConfigOpen}
  714 |         onOpenChange={setPlatformConfigOpen}

Expected '</', got 'jsx text'

Import trace:
  Server Component:
    ./src/app/(dashboard)/benchmarking/benchmarking-client.tsx
    ./src/app/(dashboard)/benchmarking/page.tsx @ http://localhost:3000/_next/static/chunks/node_modules_next_dist_f3530cac._.js:3127
[10088106ms] [ERROR] ./src/app/(dashboard)/benchmarking/benchmarking-client.tsx:709:14
Parsing ecmascript source code failed
  707 |           )}
  708 |         </TabsContent>
> 709 |       </Tabs>
      |              ^
> 710 |
      | ^
> 711 |       {/* Platform Config Sheet */}
      | ^^^^^^^
  712 |       <PlatformConfigSheet
  713 |         open={platformConfigOpen}
  714 |         onOpenChange={setPlatformConfigOpen}

Expected '</', got 'jsx text'

Import trace:
  Server Component:
    ./src/app/(dashboard)/benchmarking/benchmarking-client.tsx
    ./src/app/(dashboard)/benchmarking/page.tsx @ http://localhost:3000/_next/static/chunks/node_modules_next_dist_f3530cac._.js:3127
[10088161ms] [ERROR] ./src/app/(dashboard)/benchmarking/benchmarking-client.tsx:709:14
Parsing ecmascript source code failed
  707 |           )}
  708 |         </TabsContent>
> 709 |       </Tabs>
      |              ^
> 710 |
      | ^
> 711 |       {/* Platform Config Sheet */}
      | ^^^^^^^
  712 |       <PlatformConfigSheet
  713 |         open={platformConfigOpen}
  714 |         onOpenChange={setPlatformConfigOpen}

Expected '</', got 'jsx text'

Import trace:
  Server Component:
    ./src/app/(dashboard)/benchmarking/benchmarking-client.tsx
    ./src/app/(dashboard)/benchmarking/page.tsx @ http://localhost:3000/_next/static/chunks/node_modules_next_dist_f3530cac._.js:3127
[10088213ms] [ERROR] ./src/app/(dashboard)/benchmarking/benchmarking-client.tsx:709:14
Parsing ecmascript source code failed
  707 |           )}
  708 |         </TabsContent>
> 709 |       </Tabs>
      |              ^
> 710 |
      | ^
> 711 |       {/* Platform Config Sheet */}
      | ^^^^^^^
  712 |       <PlatformConfigSheet
  713 |         open={platformConfigOpen}
  714 |         onOpenChange={setPlatformConfigOpen}

Expected '</', got 'jsx text'

Import trace:
  Server Component:
    ./src/app/(dashboard)/benchmarking/benchmarking-client.tsx
    ./src/app/(dashboard)/benchmarking/page.tsx @ http://localhost:3000/_next/static/chunks/node_modules_next_dist_f3530cac._.js:3127
[10088270ms] [ERROR] ./src/app/(dashboard)/benchmarking/benchmarking-client.tsx:709:14
Parsing ecmascript source code failed
  707 |           )}
  708 |         </TabsContent>
> 709 |       </Tabs>
      |              ^
> 710 |
      | ^
> 711 |       {/* Platform Config Sheet */}
      | ^^^^^^^
  712 |       <PlatformConfigSheet
  713 |         open={platformConfigOpen}
  714 |         onOpenChange={setPlatformConfigOpen}

Expected '</', got 'jsx text'

Import trace:
  Server Component:
    ./src/app/(dashboard)/benchmarking/benchmarking-client.tsx
    ./src/app/(dashboard)/benchmarking/page.tsx @ http://localhost:3000/_next/static/chunks/node_modules_next_dist_f3530cac._.js:3127
[10088321ms] [ERROR] ./src/app/(dashboard)/benchmarking/benchmarking-client.tsx:709:14
Parsing ecmascript source code failed
  707 |           )}
  708 |         </TabsContent>
> 709 |       </Tabs>
      |              ^
> 710 |
      | ^
> 711 |       {/* Platform Config Sheet */}
      | ^^^^^^^
  712 |       <PlatformConfigSheet
  713 |         open={platformConfigOpen}
  714 |         onOpenChange={setPlatformConfigOpen}

Expected '</', got 'jsx text'

Import trace:
  Server Component:
    ./src/app/(dashboard)/benchmarking/benchmarking-client.tsx
    ./src/app/(dashboard)/benchmarking/page.tsx @ http://localhost:3000/_next/static/chunks/node_modules_next_dist_f3530cac._.js:3127
[10088370ms] [ERROR] ./src/app/(dashboard)/benchmarking/benchmarking-client.tsx:709:14
Parsing ecmascript source code failed
  707 |           )}
  708 |         </TabsContent>
> 709 |       </Tabs>
      |              ^
> 710 |
      | ^
> 711 |       {/* Platform Config Sheet */}
      | ^^^^^^^
  712 |       <PlatformConfigSheet
  713 |         open={platformConfigOpen}
  714 |         onOpenChange={setPlatformConfigOpen}

Expected '</', got 'jsx text'

Import trace:
  Server Component:
    ./src/app/(dashboard)/benchmarking/benchmarking-client.tsx
    ./src/app/(dashboard)/benchmarking/page.tsx @ http://localhost:3000/_next/static/chunks/node_modules_next_dist_f3530cac._.js:3127
[10088421ms] [ERROR] ./src/app/(dashboard)/benchmarking/benchmarking-client.tsx:709:14
Parsing ecmascript source code failed
  707 |           )}
  708 |         </TabsContent>
> 709 |       </Tabs>
      |              ^
> 710 |
      | ^
> 711 |       {/* Platform Config Sheet */}
      | ^^^^^^^
  712 |       <PlatformConfigSheet
  713 |         open={platformConfigOpen}
  714 |         onOpenChange={setPlatformConfigOpen}

Expected '</', got 'jsx text'

Import trace:
  Server Component:
    ./src/app/(dashboard)/benchmarking/benchmarking-client.tsx
    ./src/app/(dashboard)/benchmarking/page.tsx @ http://localhost:3000/_next/static/chunks/node_modules_next_dist_f3530cac._.js:3127
[10088473ms] [ERROR] ./src/app/(dashboard)/benchmarking/benchmarking-client.tsx:709:14
Parsing ecmascript source code failed
  707 |           )}
  708 |         </TabsContent>
> 709 |       </Tabs>
      |              ^
> 710 |
      | ^
> 711 |       {/* Platform Config Sheet */}
      | ^^^^^^^
  712 |       <PlatformConfigSheet
  713 |         open={platformConfigOpen}
  714 |         onOpenChange={setPlatformConfigOpen}

Expected '</', got 'jsx text'

Import trace:
  Server Component:
    ./src/app/(dashboard)/benchmarking/benchmarking-client.tsx
    ./src/app/(dashboard)/benchmarking/page.tsx @ http://localhost:3000/_next/static/chunks/node_modules_next_dist_f3530cac._.js:3127
[10088526ms] [ERROR] ./src/app/(dashboard)/benchmarking/benchmarking-client.tsx:709:14
Parsing ecmascript source code failed
  707 |           )}
  708 |         </TabsContent>
> 709 |       </Tabs>
      |              ^
> 710 |
      | ^
> 711 |       {/* Platform Config Sheet */}
      | ^^^^^^^
  712 |       <PlatformConfigSheet
  713 |         open={platformConfigOpen}
  714 |         onOpenChange={setPlatformConfigOpen}

Expected '</', got 'jsx text'

Import trace:
  Server Component:
    ./src/app/(dashboard)/benchmarking/benchmarking-client.tsx
    ./src/app/(dashboard)/benchmarking/page.tsx @ http://localhost:3000/_next/static/chunks/node_modules_next_dist_f3530cac._.js:3127
[10088578ms] [ERROR] ./src/app/(dashboard)/benchmarking/benchmarking-client.tsx:709:14
Parsing ecmascript source code failed
  707 |           )}
  708 |         </TabsContent>
> 709 |       </Tabs>
      |              ^
> 710 |
      | ^
> 711 |       {/* Platform Config Sheet */}
      | ^^^^^^^
  712 |       <PlatformConfigSheet
  713 |         open={platformConfigOpen}
  714 |         onOpenChange={setPlatformConfigOpen}

Expected '</', got 'jsx text'

Import trace:
  Server Component:
    ./src/app/(dashboard)/benchmarking/benchmarking-client.tsx
    ./src/app/(dashboard)/benchmarking/page.tsx @ http://localhost:3000/_next/static/chunks/node_modules_next_dist_f3530cac._.js:3127
[10088630ms] [ERROR] ./src/app/(dashboard)/benchmarking/benchmarking-client.tsx:709:14
Parsing ecmascript source code failed
  707 |           )}
  708 |         </TabsContent>
> 709 |       </Tabs>
      |              ^
> 710 |
      | ^
> 711 |       {/* Platform Config Sheet */}
      | ^^^^^^^
  712 |       <PlatformConfigSheet
  713 |         open={platformConfigOpen}
  714 |         onOpenChange={setPlatformConfigOpen}

Expected '</', got 'jsx text'

Import trace:
  Server Component:
    ./src/app/(dashboard)/benchmarking/benchmarking-client.tsx
    ./src/app/(dashboard)/benchmarking/page.tsx @ http://localhost:3000/_next/static/chunks/node_modules_next_dist_f3530cac._.js:3127
[10088686ms] [ERROR] ./src/app/(dashboard)/benchmarking/benchmarking-client.tsx:709:14
Parsing ecmascript source code failed
  707 |           )}
  708 |         </TabsContent>
> 709 |       </Tabs>
      |              ^
> 710 |
      | ^
> 711 |       {/* Platform Config Sheet */}
      | ^^^^^^^
  712 |       <PlatformConfigSheet
  713 |         open={platformConfigOpen}
  714 |         onOpenChange={setPlatformConfigOpen}

Expected '</', got 'jsx text'

Import trace:
  Server Component:
    ./src/app/(dashboard)/benchmarking/benchmarking-client.tsx
    ./src/app/(dashboard)/benchmarking/page.tsx @ http://localhost:3000/_next/static/chunks/node_modules_next_dist_f3530cac._.js:3127
[10088738ms] [ERROR] ./src/app/(dashboard)/benchmarking/benchmarking-client.tsx:709:14
Parsing ecmascript source code failed
  707 |           )}
  708 |         </TabsContent>
> 709 |       </Tabs>
      |              ^
> 710 |
      | ^
> 711 |       {/* Platform Config Sheet */}
      | ^^^^^^^
  712 |       <PlatformConfigSheet
  713 |         open={platformConfigOpen}
  714 |         onOpenChange={setPlatformConfigOpen}

Expected '</', got 'jsx text'

Import trace:
  Server Component:
    ./src/app/(dashboard)/benchmarking/benchmarking-client.tsx
    ./src/app/(dashboard)/benchmarking/page.tsx @ http://localhost:3000/_next/static/chunks/node_modules_next_dist_f3530cac._.js:3127
[10088795ms] [ERROR] ./src/app/(dashboard)/benchmarking/benchmarking-client.tsx:709:14
Parsing ecmascript source code failed
  707 |           )}
  708 |         </TabsContent>
> 709 |       </Tabs>
      |              ^
> 710 |
      | ^
> 711 |       {/* Platform Config Sheet */}
      | ^^^^^^^
  712 |       <PlatformConfigSheet
  713 |         open={platformConfigOpen}
  714 |         onOpenChange={setPlatformConfigOpen}

Expected '</', got 'jsx text'

Import trace:
  Server Component:
    ./src/app/(dashboard)/benchmarking/benchmarking-client.tsx
    ./src/app/(dashboard)/benchmarking/page.tsx @ http://localhost:3000/_next/static/chunks/node_modules_next_dist_f3530cac._.js:3127
[10088846ms] [ERROR] ./src/app/(dashboard)/benchmarking/benchmarking-client.tsx:709:14
Parsing ecmascript source code failed
  707 |           )}
  708 |         </TabsContent>
> 709 |       </Tabs>
      |              ^
> 710 |
      | ^
> 711 |       {/* Platform Config Sheet */}
      | ^^^^^^^
  712 |       <PlatformConfigSheet
  713 |         open={platformConfigOpen}
  714 |         onOpenChange={setPlatformConfigOpen}

Expected '</', got 'jsx text'

Import trace:
  Server Component:
    ./src/app/(dashboard)/benchmarking/benchmarking-client.tsx
    ./src/app/(dashboard)/benchmarking/page.tsx @ http://localhost:3000/_next/static/chunks/node_modules_next_dist_f3530cac._.js:3127
[10088899ms] [ERROR] ./src/app/(dashboard)/benchmarking/benchmarking-client.tsx:709:14
Parsing ecmascript source code failed
  707 |           )}
  708 |         </TabsContent>
> 709 |       </Tabs>
      |              ^
> 710 |
      | ^
> 711 |       {/* Platform Config Sheet */}
      | ^^^^^^^
  712 |       <PlatformConfigSheet
  713 |         open={platformConfigOpen}
  714 |         onOpenChange={setPlatformConfigOpen}

Expected '</', got 'jsx text'

Import trace:
  Server Component:
    ./src/app/(dashboard)/benchmarking/benchmarking-client.tsx
    ./src/app/(dashboard)/benchmarking/page.tsx @ http://localhost:3000/_next/static/chunks/node_modules_next_dist_f3530cac._.js:3127
[10088949ms] [ERROR] ./src/app/(dashboard)/benchmarking/benchmarking-client.tsx:709:14
Parsing ecmascript source code failed
  707 |           )}
  708 |         </TabsContent>
> 709 |       </Tabs>
      |              ^
> 710 |
      | ^
> 711 |       {/* Platform Config Sheet */}
      | ^^^^^^^
  712 |       <PlatformConfigSheet
  713 |         open={platformConfigOpen}
  714 |         onOpenChange={setPlatformConfigOpen}

Expected '</', got 'jsx text'

Import trace:
  Server Component:
    ./src/app/(dashboard)/benchmarking/benchmarking-client.tsx
    ./src/app/(dashboard)/benchmarking/page.tsx @ http://localhost:3000/_next/static/chunks/node_modules_next_dist_f3530cac._.js:3127
[10089001ms] [ERROR] ./src/app/(dashboard)/benchmarking/benchmarking-client.tsx:709:14
Parsing ecmascript source code failed
  707 |           )}
  708 |         </TabsContent>
> 709 |       </Tabs>
      |              ^
> 710 |
      | ^
> 711 |       {/* Platform Config Sheet */}
      | ^^^^^^^
  712 |       <PlatformConfigSheet
  713 |         open={platformConfigOpen}
  714 |         onOpenChange={setPlatformConfigOpen}

Expected '</', got 'jsx text'

Import trace:
  Server Component:
    ./src/app/(dashboard)/benchmarking/benchmarking-client.tsx
    ./src/app/(dashboard)/benchmarking/page.tsx @ http://localhost:3000/_next/static/chunks/node_modules_next_dist_f3530cac._.js:3127
[10089053ms] [ERROR] ./src/app/(dashboard)/benchmarking/benchmarking-client.tsx:709:14
Parsing ecmascript source code failed
  707 |           )}
  708 |         </TabsContent>
> 709 |       </Tabs>
      |              ^
> 710 |
      | ^
> 711 |       {/* Platform Config Sheet */}
      | ^^^^^^^
  712 |       <PlatformConfigSheet
  713 |         open={platformConfigOpen}
  714 |         onOpenChange={setPlatformConfigOpen}

Expected '</', got 'jsx text'

Import trace:
  Server Component:
    ./src/app/(dashboard)/benchmarking/benchmarking-client.tsx
    ./src/app/(dashboard)/benchmarking/page.tsx @ http://localhost:3000/_next/static/chunks/node_modules_next_dist_f3530cac._.js:3127
[10089104ms] [ERROR] ./src/app/(dashboard)/benchmarking/benchmarking-client.tsx:709:14
Parsing ecmascript source code failed
  707 |           )}
  708 |         </TabsContent>
> 709 |       </Tabs>
      |              ^
> 710 |
      | ^
> 711 |       {/* Platform Config Sheet */}
      | ^^^^^^^
  712 |       <PlatformConfigSheet
  713 |         open={platformConfigOpen}
  714 |         onOpenChange={setPlatformConfigOpen}

Expected '</', got 'jsx text'

Import trace:
  Server Component:
    ./src/app/(dashboard)/benchmarking/benchmarking-client.tsx
    ./src/app/(dashboard)/benchmarking/page.tsx @ http://localhost:3000/_next/static/chunks/node_modules_next_dist_f3530cac._.js:3127
[10089157ms] [ERROR] ./src/app/(dashboard)/benchmarking/benchmarking-client.tsx:709:14
Parsing ecmascript source code failed
  707 |           )}
  708 |         </TabsContent>
> 709 |       </Tabs>
      |              ^
> 710 |
      | ^
> 711 |       {/* Platform Config Sheet */}
      | ^^^^^^^
  712 |       <PlatformConfigSheet
  713 |         open={platformConfigOpen}
  714 |         onOpenChange={setPlatformConfigOpen}

Expected '</', got 'jsx text'

Import trace:
  Server Component:
    ./src/app/(dashboard)/benchmarking/benchmarking-client.tsx
    ./src/app/(dashboard)/benchmarking/page.tsx @ http://localhost:3000/_next/static/chunks/node_modules_next_dist_f3530cac._.js:3127
[10089210ms] [ERROR] ./src/app/(dashboard)/benchmarking/benchmarking-client.tsx:709:14
Parsing ecmascript source code failed
  707 |           )}
  708 |         </TabsContent>
> 709 |       </Tabs>
      |              ^
> 710 |
      | ^
> 711 |       {/* Platform Config Sheet */}
      | ^^^^^^^
  712 |       <PlatformConfigSheet
  713 |         open={platformConfigOpen}
  714 |         onOpenChange={setPlatformConfigOpen}

Expected '</', got 'jsx text'

Import trace:
  Server Component:
    ./src/app/(dashboard)/benchmarking/benchmarking-client.tsx
    ./src/app/(dashboard)/benchmarking/page.tsx @ http://localhost:3000/_next/static/chunks/node_modules_next_dist_f3530cac._.js:3127
[10089262ms] [ERROR] ./src/app/(dashboard)/benchmarking/benchmarking-client.tsx:709:14
Parsing ecmascript source code failed
  707 |           )}
  708 |         </TabsContent>
> 709 |       </Tabs>
      |              ^
> 710 |
      | ^
> 711 |       {/* Platform Config Sheet */}
      | ^^^^^^^
  712 |       <PlatformConfigSheet
  713 |         open={platformConfigOpen}
  714 |         onOpenChange={setPlatformConfigOpen}

Expected '</', got 'jsx text'

Import trace:
  Server Component:
    ./src/app/(dashboard)/benchmarking/benchmarking-client.tsx
    ./src/app/(dashboard)/benchmarking/page.tsx @ http://localhost:3000/_next/static/chunks/node_modules_next_dist_f3530cac._.js:3127
[10089313ms] [ERROR] ./src/app/(dashboard)/benchmarking/benchmarking-client.tsx:709:14
Parsing ecmascript source code failed
  707 |           )}
  708 |         </TabsContent>
> 709 |       </Tabs>
      |              ^
> 710 |
      | ^
> 711 |       {/* Platform Config Sheet */}
      | ^^^^^^^
  712 |       <PlatformConfigSheet
  713 |         open={platformConfigOpen}
  714 |         onOpenChange={setPlatformConfigOpen}

Expected '</', got 'jsx text'

Import trace:
  Server Component:
    ./src/app/(dashboard)/benchmarking/benchmarking-client.tsx
    ./src/app/(dashboard)/benchmarking/page.tsx @ http://localhost:3000/_next/static/chunks/node_modules_next_dist_f3530cac._.js:3127
[10089368ms] [ERROR] ./src/app/(dashboard)/benchmarking/benchmarking-client.tsx:709:14
Parsing ecmascript source code failed
  707 |           )}
  708 |         </TabsContent>
> 709 |       </Tabs>
      |              ^
> 710 |
      | ^
> 711 |       {/* Platform Config Sheet */}
      | ^^^^^^^
  712 |       <PlatformConfigSheet
  713 |         open={platformConfigOpen}
  714 |         onOpenChange={setPlatformConfigOpen}

Expected '</', got 'jsx text'

Import trace:
  Server Component:
    ./src/app/(dashboard)/benchmarking/benchmarking-client.tsx
    ./src/app/(dashboard)/benchmarking/page.tsx @ http://localhost:3000/_next/static/chunks/node_modules_next_dist_f3530cac._.js:3127
[10089419ms] [ERROR] ./src/app/(dashboard)/benchmarking/benchmarking-client.tsx:709:14
Parsing ecmascript source code failed
  707 |           )}
  708 |         </TabsContent>
> 709 |       </Tabs>
      |              ^
> 710 |
      | ^
> 711 |       {/* Platform Config Sheet */}
      | ^^^^^^^
  712 |       <PlatformConfigSheet
  713 |         open={platformConfigOpen}
  714 |         onOpenChange={setPlatformConfigOpen}

Expected '</', got 'jsx text'

Import trace:
  Server Component:
    ./src/app/(dashboard)/benchmarking/benchmarking-client.tsx
    ./src/app/(dashboard)/benchmarking/page.tsx @ http://localhost:3000/_next/static/chunks/node_modules_next_dist_f3530cac._.js:3127
[10089472ms] [ERROR] ./src/app/(dashboard)/benchmarking/benchmarking-client.tsx:709:14
Parsing ecmascript source code failed
  707 |           )}
  708 |         </TabsContent>
> 709 |       </Tabs>
      |              ^
> 710 |
      | ^
> 711 |       {/* Platform Config Sheet */}
      | ^^^^^^^
  712 |       <PlatformConfigSheet
  713 |         open={platformConfigOpen}
  714 |         onOpenChange={setPlatformConfigOpen}

Expected '</', got 'jsx text'

Import trace:
  Server Component:
    ./src/app/(dashboard)/benchmarking/benchmarking-client.tsx
    ./src/app/(dashboard)/benchmarking/page.tsx @ http://localhost:3000/_next/static/chunks/node_modules_next_dist_f3530cac._.js:3127
[10089522ms] [ERROR] ./src/app/(dashboard)/benchmarking/benchmarking-client.tsx:709:14
Parsing ecmascript source code failed
  707 |           )}
  708 |         </TabsContent>
> 709 |       </Tabs>
      |              ^
> 710 |
      | ^
> 711 |       {/* Platform Config Sheet */}
      | ^^^^^^^
  712 |       <PlatformConfigSheet
  713 |         open={platformConfigOpen}
  714 |         onOpenChange={setPlatformConfigOpen}

Expected '</', got 'jsx text'

Import trace:
  Server Component:
    ./src/app/(dashboard)/benchmarking/benchmarking-client.tsx
    ./src/app/(dashboard)/benchmarking/page.tsx @ http://localhost:3000/_next/static/chunks/node_modules_next_dist_f3530cac._.js:3127
[10089573ms] [ERROR] ./src/app/(dashboard)/benchmarking/benchmarking-client.tsx:709:14
Parsing ecmascript source code failed
  707 |           )}
  708 |         </TabsContent>
> 709 |       </Tabs>
      |              ^
> 710 |
      | ^
> 711 |       {/* Platform Config Sheet */}
      | ^^^^^^^
  712 |       <PlatformConfigSheet
  713 |         open={platformConfigOpen}
  714 |         onOpenChange={setPlatformConfigOpen}

Expected '</', got 'jsx text'

Import trace:
  Server Component:
    ./src/app/(dashboard)/benchmarking/benchmarking-client.tsx
    ./src/app/(dashboard)/benchmarking/page.tsx @ http://localhost:3000/_next/static/chunks/node_modules_next_dist_f3530cac._.js:3127
[10089625ms] [ERROR] ./src/app/(dashboard)/benchmarking/benchmarking-client.tsx:709:14
Parsing ecmascript source code failed
  707 |           )}
  708 |         </TabsContent>
> 709 |       </Tabs>
      |              ^
> 710 |
      | ^
> 711 |       {/* Platform Config Sheet */}
      | ^^^^^^^
  712 |       <PlatformConfigSheet
  713 |         open={platformConfigOpen}
  714 |         onOpenChange={setPlatformConfigOpen}

Expected '</', got 'jsx text'

Import trace:
  Server Component:
    ./src/app/(dashboard)/benchmarking/benchmarking-client.tsx
    ./src/app/(dashboard)/benchmarking/page.tsx @ http://localhost:3000/_next/static/chunks/node_modules_next_dist_f3530cac._.js:3127
[10089678ms] [ERROR] ./src/app/(dashboard)/benchmarking/benchmarking-client.tsx:709:14
Parsing ecmascript source code failed
  707 |           )}
  708 |         </TabsContent>
> 709 |       </Tabs>
      |              ^
> 710 |
      | ^
> 711 |       {/* Platform Config Sheet */}
      | ^^^^^^^
  712 |       <PlatformConfigSheet
  713 |         open={platformConfigOpen}
  714 |         onOpenChange={setPlatformConfigOpen}

Expected '</', got 'jsx text'

Import trace:
  Server Component:
    ./src/app/(dashboard)/benchmarking/benchmarking-client.tsx
    ./src/app/(dashboard)/benchmarking/page.tsx @ http://localhost:3000/_next/static/chunks/node_modules_next_dist_f3530cac._.js:3127
[10089729ms] [ERROR] ./src/app/(dashboard)/benchmarking/benchmarking-client.tsx:709:14
Parsing ecmascript source code failed
  707 |           )}
  708 |         </TabsContent>
> 709 |       </Tabs>
      |              ^
> 710 |
      | ^
> 711 |       {/* Platform Config Sheet */}
      | ^^^^^^^
  712 |       <PlatformConfigSheet
  713 |         open={platformConfigOpen}
  714 |         onOpenChange={setPlatformConfigOpen}

Expected '</', got 'jsx text'

Import trace:
  Server Component:
    ./src/app/(dashboard)/benchmarking/benchmarking-client.tsx
    ./src/app/(dashboard)/benchmarking/page.tsx @ http://localhost:3000/_next/static/chunks/node_modules_next_dist_f3530cac._.js:3127
[10089785ms] [ERROR] ./src/app/(dashboard)/benchmarking/benchmarking-client.tsx:709:14
Parsing ecmascript source code failed
  707 |           )}
  708 |         </TabsContent>
> 709 |       </Tabs>
      |              ^
> 710 |
      | ^
> 711 |       {/* Platform Config Sheet */}
      | ^^^^^^^
  712 |       <PlatformConfigSheet
  713 |         open={platformConfigOpen}
  714 |         onOpenChange={setPlatformConfigOpen}

Expected '</', got 'jsx text'

Import trace:
  Server Component:
    ./src/app/(dashboard)/benchmarking/benchmarking-client.tsx
    ./src/app/(dashboard)/benchmarking/page.tsx @ http://localhost:3000/_next/static/chunks/node_modules_next_dist_f3530cac._.js:3127
[10089837ms] [ERROR] ./src/app/(dashboard)/benchmarking/benchmarking-client.tsx:709:14
Parsing ecmascript source code failed
  707 |           )}
  708 |         </TabsContent>
> 709 |       </Tabs>
      |              ^
> 710 |
      | ^
> 711 |       {/* Platform Config Sheet */}
      | ^^^^^^^
  712 |       <PlatformConfigSheet
  713 |         open={platformConfigOpen}
  714 |         onOpenChange={setPlatformConfigOpen}

Expected '</', got 'jsx text'

Import trace:
  Server Component:
    ./src/app/(dashboard)/benchmarking/benchmarking-client.tsx
    ./src/app/(dashboard)/benchmarking/page.tsx @ http://localhost:3000/_next/static/chunks/node_modules_next_dist_f3530cac._.js:3127
[10089892ms] [ERROR] ./src/app/(dashboard)/benchmarking/benchmarking-client.tsx:709:14
Parsing ecmascript source code failed
  707 |           )}
  708 |         </TabsContent>
> 709 |       </Tabs>
      |              ^
> 710 |
      | ^
> 711 |       {/* Platform Config Sheet */}
      | ^^^^^^^
  712 |       <PlatformConfigSheet
  713 |         open={platformConfigOpen}
  714 |         onOpenChange={setPlatformConfigOpen}

Expected '</', got 'jsx text'

Import trace:
  Server Component:
    ./src/app/(dashboard)/benchmarking/benchmarking-client.tsx
    ./src/app/(dashboard)/benchmarking/page.tsx @ http://localhost:3000/_next/static/chunks/node_modules_next_dist_f3530cac._.js:3127
[10089942ms] [ERROR] ./src/app/(dashboard)/benchmarking/benchmarking-client.tsx:709:14
Parsing ecmascript source code failed
  707 |           )}
  708 |         </TabsContent>
> 709 |       </Tabs>
      |              ^
> 710 |
      | ^
> 711 |       {/* Platform Config Sheet */}
      | ^^^^^^^
  712 |       <PlatformConfigSheet
  713 |         open={platformConfigOpen}
  714 |         onOpenChange={setPlatformConfigOpen}

Expected '</', got 'jsx text'

Import trace:
  Server Component:
    ./src/app/(dashboard)/benchmarking/benchmarking-client.tsx
    ./src/app/(dashboard)/benchmarking/page.tsx @ http://localhost:3000/_next/static/chunks/node_modules_next_dist_f3530cac._.js:3127
[10089974ms] [ERROR] ./src/app/(dashboard)/benchmarking/benchmarking-client.tsx:709:14
Parsing ecmascript source code failed
  707 |           )}
  708 |         </TabsContent>
> 709 |       </Tabs>
      |              ^
> 710 |
      | ^
> 711 |       {/* Platform Config Sheet */}
      | ^^^^^^^
  712 |       <PlatformConfigSheet
  713 |         open={platformConfigOpen}
  714 |         onOpenChange={setPlatformConfigOpen}

Expected '</', got 'jsx text'

Import trace:
  Server Component:
    ./src/app/(dashboard)/benchmarking/benchmarking-client.tsx
    ./src/app/(dashboard)/benchmarking/page.tsx @ http://localhost:3000/_next/static/chunks/node_modules_next_dist_f3530cac._.js:3127
[10095971ms] [ERROR] ./src/app/(dashboard)/benchmarking/benchmarking-client.tsx:709:14
Parsing ecmascript source code failed
  707 |           )}
  708 |         </TabsContent>
> 709 |       </Tabs>
      |              ^
> 710 |
      | ^
> 711 |       {/* Platform Config Sheet */}
      | ^^^^^^^
  712 |       <PlatformConfigSheet
  713 |         open={platformConfigOpen}
  714 |         onOpenChange={setPlatformConfigOpen}

Expected '</', got 'jsx text'

Import trace:
  Server Component:
    ./src/app/(dashboard)/benchmarking/benchmarking-client.tsx
    ./src/app/(dashboard)/benchmarking/page.tsx @ http://localhost:3000/_next/static/chunks/node_modules_next_dist_f3530cac._.js:3127
[10101978ms] [ERROR] ./src/app/(dashboard)/benchmarking/benchmarking-client.tsx:709:14
Parsing ecmascript source code failed
  707 |           )}
  708 |         </TabsContent>
> 709 |       </Tabs>
      |              ^
> 710 |
      | ^
> 711 |       {/* Platform Config Sheet */}
      | ^^^^^^^
  712 |       <PlatformConfigSheet
  713 |         open={platformConfigOpen}
  714 |         onOpenChange={setPlatformConfigOpen}

Expected '</', got 'jsx text'

Import trace:
  Server Component:
    ./src/app/(dashboard)/benchmarking/benchmarking-client.tsx
    ./src/app/(dashboard)/benchmarking/page.tsx @ http://localhost:3000/_next/static/chunks/node_modules_next_dist_f3530cac._.js:3127
[10104981ms] [ERROR] ./src/app/(dashboard)/benchmarking/benchmarking-client.tsx:709:14
Parsing ecmascript source code failed
  707 |           )}
  708 |         </TabsContent>
> 709 |       </Tabs>
      |              ^
> 710 |
      | ^
> 711 |       {/* Platform Config Sheet */}
      | ^^^^^^^
  712 |       <PlatformConfigSheet
  713 |         open={platformConfigOpen}
  714 |         onOpenChange={setPlatformConfigOpen}

Expected '</', got 'jsx text'

Import trace:
  Server Component:
    ./src/app/(dashboard)/benchmarking/benchmarking-client.tsx
    ./src/app/(dashboard)/benchmarking/page.tsx @ http://localhost:3000/_next/static/chunks/node_modules_next_dist_f3530cac._.js:3127
[12799371ms] [ERROR] ./src/app/(dashboard)/benchmarking/platform-config-sheet.tsx:446:24
Parsing ecmascript source code failed
  444 |               ))}
  445 |             </div>
> 446 |           </ScrollArea>
      |                        ^
> 447 |         </div>
      | ^^^^^^^^^
  448 |       </SheetContent>
  449 |     </Sheet>
  450 |   );

Expected '</', got 'jsx text'

Import traces:
  Client Component Browser:
    ./src/app/(dashboard)/benchmarking/platform-config-sheet.tsx [Client Component Browser]
    ./src/app/(dashboard)/benchmarking/benchmarking-client.tsx [Client Component Browser]
    ./src/app/(dashboard)/benchmarking/benchmarking-client.tsx [Server Component]
    ./src/app/(dashboard)/benchmarking/page.tsx [Server Component]

  Client Component SSR:
    ./src/app/(dashboard)/benchmarking/platform-config-sheet.tsx [Client Component SSR]
    ./src/app/(dashboard)/benchmarking/benchmarking-client.tsx [Client Component SSR]
    ./src/app/(dashboard)/benchmarking/benchmarking-client.tsx [Server Component]
    ./src/app/(dashboard)/benchmarking/page.tsx [Server Component] @ http://localhost:3000/_next/static/chunks/node_modules_next_dist_f3530cac._.js:3127
[12804990ms] [ERROR] ./src/app/(dashboard)/benchmarking/platform-config-sheet.tsx:446:24
Parsing ecmascript source code failed
  444 |               ))}
  445 |             </div>
> 446 |           </ScrollArea>
      |                        ^
> 447 |         </div>
      | ^^^^^^^^^
  448 |       </SheetContent>
  449 |     </Sheet>
  450 |   );

Expected '</', got 'jsx text'

Import traces:
  Client Component Browser:
    ./src/app/(dashboard)/benchmarking/platform-config-sheet.tsx [Client Component Browser]
    ./src/app/(dashboard)/benchmarking/benchmarking-client.tsx [Client Component Browser]
    ./src/app/(dashboard)/benchmarking/benchmarking-client.tsx [Server Component]
    ./src/app/(dashboard)/benchmarking/page.tsx [Server Component]

  Client Component SSR:
    ./src/app/(dashboard)/benchmarking/platform-config-sheet.tsx [Client Component SSR]
    ./src/app/(dashboard)/benchmarking/benchmarking-client.tsx [Client Component SSR]
    ./src/app/(dashboard)/benchmarking/benchmarking-client.tsx [Server Component]
    ./src/app/(dashboard)/benchmarking/page.tsx [Server Component] @ http://localhost:3000/_next/static/chunks/node_modules_next_dist_f3530cac._.js:3127
[13493034ms] [ERROR] Failed to load resource: the server responded with a status of 500 (Internal Server Error) @ http://localhost:3000/missions:0
