[     444ms] [ERROR] Failed to load resource: the server responded with a status of 403 () @ https://skillsmp.com/skills/openclaw-openclaw-extensions-feishu-skills-feishu-wiki-skill-md:0
[    1526ms] [ERROR] Failed to load resource: net::ERR_SSL_PROTOCOL_ERROR @ https://static.cloudflareinsights.com/beacon.min.js/vcd15cbe7772f49c399c6a5babf22c1241717689176015:0
[    4045ms] [ERROR]  Note that 'script-src' was not explicitly set, so 'default-src' is used as a fallback. @ https://challenges.cloudflare.com/cdn-cgi/challenge-platform/h/g/turnstile/f/ov2/av0/rch/87x0w/0x4AAAAAAADnPIDROrmt1Wwj/light/fbE/new/normal?lang=auto:0
[    4167ms] [ERROR] %c%d font-size:0;color:transparent NaN @ https://challenges.cloudflare.com/cdn-cgi/challenge-platform/h/g/turnstile/f/ov2/av0/rch/87x0w/0x4AAAAAAADnPIDROrmt1Wwj/light/fbE/new/normal?lang=auto:0
[    4167ms] [ERROR] %c%d font-size:0;color:transparent NaN @ https://challenges.cloudflare.com/cdn-cgi/challenge-platform/h/g/turnstile/f/ov2/av0/rch/87x0w/0x4AAAAAAADnPIDROrmt1Wwj/light/fbE/new/normal?lang=auto:0
[    4168ms] [WARNING] %c%d font-size:0;color:transparent NaN @ https://challenges.cloudflare.com/cdn-cgi/challenge-platform/h/g/turnstile/f/ov2/av0/rch/87x0w/0x4AAAAAAADnPIDROrmt1Wwj/light/fbE/new/normal?lang=auto:0
[    4168ms] [WARNING] %c%d font-size:0;color:transparent NaN @ https://challenges.cloudflare.com/cdn-cgi/challenge-platform/h/g/turnstile/f/ov2/av0/rch/87x0w/0x4AAAAAAADnPIDROrmt1Wwj/light/fbE/new/normal?lang=auto:0
[    5077ms] [ERROR] Failed to load resource: the server responded with a status of 401 () @ https://challenges.cloudflare.com/cdn-cgi/challenge-platform/h/g/pat/9dc4cfd678895bf3/1773507388670/f6e449928c41558a4bbd9bafbe08d61cea1de2364dd68f59db0ef40750d30cee/t2Ai7QcWJM_cC8f:0
[    6961ms] Error: Minified React error #418; visit https://react.dev/errors/418?args[]=text&args[]= for the full message or use the non-minified dev environment for full errors and additional helpful warnings.
    at rY (https://skillsmp.com/_next/static/chunks/746b5482add16471.js:22:93007)
    at rX (https://skillsmp.com/_next/static/chunks/746b5482add16471.js:22:94040)
    at https://skillsmp.com/_next/static/chunks/746b5482add16471.js:22:187759
    at up (https://skillsmp.com/_next/static/chunks/746b5482add16471.js:22:192920)
    at uc (https://skillsmp.com/_next/static/chunks/746b5482add16471.js:22:184260)
    at https://skillsmp.com/_next/static/chunks/746b5482add16471.js:22:184044
    at uu (https://skillsmp.com/_next/static/chunks/746b5482add16471.js:22:184052)
    at s9 (https://skillsmp.com/_next/static/chunks/746b5482add16471.js:22:179196)
    at uH (https://skillsmp.com/_next/static/chunks/746b5482add16471.js:22:205693)
    at uj (https://skillsmp.com/_next/static/chunks/746b5482add16471.js:22:203907)
    at uT (https://skillsmp.com/_next/static/chunks/746b5482add16471.js:22:201984)
    at https://skillsmp.com/_next/static/chunks/746b5482add16471.js:22:195119
    at MessagePort.O (https://skillsmp.com/_next/static/chunks/746b5482add16471.js:22:54531)
[    7785ms] [ERROR] Failed to load resource: net::ERR_SSL_PROTOCOL_ERROR @ https://www.googletagmanager.com/gtm.js?id=GTM-P89PZ74L:0
[    7845ms] [ERROR] Failed to load resource: net::ERR_SSL_PROTOCOL_ERROR @ https://analytics.ahrefs.com/analytics.js:0
[    7848ms] [ERROR] Failed to load resource: net::ERR_SSL_PROTOCOL_ERROR @ https://www.clarity.ms/tag/tu6ybcans2?ref=gtm:0
[    8244ms] [ERROR] Failed to load resource: net::ERR_SSL_PROTOCOL_ERROR @ https://static.cloudflareinsights.com/beacon.min.js/vcd15cbe7772f49c399c6a5babf22c1241717689176015:0
