[  528474ms] Error: Failed query: select "id", "organization_id", "name", "category", "type", "version", "description", "content", "input_schema", "output_schema", "runtime_config", "compatible_roles", "plugin_config", "created_at", "updated_at" from "skills" "skills" where "skills"."id" = $1 limit $2
params: 50000000-0000-4000-8000-000000000008,1
    at Promise.all (<anonymous>:1:20)
    at getSkillDetailPageData (about://React/Server/file:///Users/zhuyu/dev/chinamcloud/vibetide/.next/dev/server/chunks/ssr/%5Broot-of-the-server%5D__2d14a77b._.js?149:290:62)
    at SkillDetailPage (about://React/Server/file:///Users/zhuyu/dev/chinamcloud/vibetide/.next/dev/server/chunks/ssr/%5Broot-of-the-server%5D__2d14a77b._.js?150:427:18)
    at resolveErrorDev (http://localhost:3000/_next/static/chunks/node_modules_next_dist_compiled_react-server-dom-turbopack_9212ccad._.js:1894:148)
    at processFullStringRow (http://localhost:3000/_next/static/chunks/node_modules_next_dist_compiled_react-server-dom-turbopack_9212ccad._.js:2402:29)
    at processFullBinaryRow (http://localhost:3000/_next/static/chunks/node_modules_next_dist_compiled_react-server-dom-turbopack_9212ccad._.js:2361:9)
    at processBinaryChunk (http://localhost:3000/_next/static/chunks/node_modules_next_dist_compiled_react-server-dom-turbopack_9212ccad._.js:2470:221)
    at progress (http://localhost:3000/_next/static/chunks/node_modules_next_dist_compiled_react-server-dom-turbopack_9212ccad._.js:2640:13)
[  528788ms] [WARNING] [Fast Refresh] performing full reload because your application had an unrecoverable error @ http://localhost:3000/_next/static/chunks/node_modules_next_dist_f3530cac._.js:2297
[  528873ms] Error: Failed query: select "id", "organization_id", "name", "category", "type", "version", "description", "content", "input_schema", "output_schema", "runtime_config", "compatible_roles", "plugin_config", "created_at", "updated_at" from "skills" "skills" where "skills"."id" = $1 limit $2
params: 50000000-0000-4000-8000-000000000008,1
    at Promise.all (<anonymous>:1:20)
    at getSkillDetailPageData (about://React/Server/file:///Users/zhuyu/dev/chinamcloud/vibetide/.next/dev/server/chunks/ssr/%5Broot-of-the-server%5D__2d14a77b._.js?149:290:62)
    at SkillDetailPage (about://React/Server/file:///Users/zhuyu/dev/chinamcloud/vibetide/.next/dev/server/chunks/ssr/%5Broot-of-the-server%5D__2d14a77b._.js?150:427:18)
    at resolveErrorDev (http://localhost:3000/_next/static/chunks/node_modules_next_dist_compiled_react-server-dom-turbopack_9212ccad._.js:1894:148)
    at processFullStringRow (http://localhost:3000/_next/static/chunks/node_modules_next_dist_compiled_react-server-dom-turbopack_9212ccad._.js:2402:29)
    at processFullBinaryRow (http://localhost:3000/_next/static/chunks/node_modules_next_dist_compiled_react-server-dom-turbopack_9212ccad._.js:2361:9)
    at processBinaryChunk (http://localhost:3000/_next/static/chunks/node_modules_next_dist_compiled_react-server-dom-turbopack_9212ccad._.js:2470:221)
    at progress (http://localhost:3000/_next/static/chunks/node_modules_next_dist_compiled_react-server-dom-turbopack_9212ccad._.js:2640:13)
[  528884ms] [WARNING] [Fast Refresh] performing full reload because your application had an unrecoverable error @ http://localhost:3000/_next/static/chunks/node_modules_next_dist_f3530cac._.js:2297
[  543681ms] [WARNING] [Fast Refresh] performing full reload because your application had an unrecoverable error @ http://localhost:3000/_next/static/chunks/node_modules_next_dist_f3530cac._.js:2297
[  543758ms] Error: Failed query: select "id", "organization_id", "name", "category", "type", "version", "description", "content", "input_schema", "output_schema", "runtime_config", "compatible_roles", "plugin_config", "created_at", "updated_at" from "skills" "skills" where "skills"."id" = $1 limit $2
params: 50000000-0000-4000-8000-000000000008,1
    at Promise.all (<anonymous>:1:20)
    at getSkillDetailPageData (about://React/Server/file:///Users/zhuyu/dev/chinamcloud/vibetide/.next/dev/server/chunks/ssr/%5Broot-of-the-server%5D__2d14a77b._.js?149:290:62)
    at SkillDetailPage (about://React/Server/file:///Users/zhuyu/dev/chinamcloud/vibetide/.next/dev/server/chunks/ssr/%5Broot-of-the-server%5D__2d14a77b._.js?150:427:18)
    at resolveErrorDev (http://localhost:3000/_next/static/chunks/node_modules_next_dist_compiled_react-server-dom-turbopack_9212ccad._.js:1894:148)
    at processFullStringRow (http://localhost:3000/_next/static/chunks/node_modules_next_dist_compiled_react-server-dom-turbopack_9212ccad._.js:2402:29)
    at processFullBinaryRow (http://localhost:3000/_next/static/chunks/node_modules_next_dist_compiled_react-server-dom-turbopack_9212ccad._.js:2361:9)
    at processBinaryChunk (http://localhost:3000/_next/static/chunks/node_modules_next_dist_compiled_react-server-dom-turbopack_9212ccad._.js:2470:221)
    at progress (http://localhost:3000/_next/static/chunks/node_modules_next_dist_compiled_react-server-dom-turbopack_9212ccad._.js:2640:13)
[  544480ms] Error: Failed query: select "employee_skills"."employee_id", "employee_skills"."level", "ai_employees"."name", "ai_employees"."nickname", "ai_employees"."role_type" from "employee_skills" inner join "ai_employees" on "employee_skills"."employee_id" = "ai_employees"."id" where "employee_skills"."skill_id" = $1
params: 50000000-0000-4000-8000-000000000008
    at Promise.all (<anonymous>:1:20)
    at getSkillDetailPageData (about://React/Server/file:///Users/zhuyu/dev/chinamcloud/vibetide/.next/dev/server/chunks/ssr/%5Broot-of-the-server%5D__2d14a77b._.js?70:290:62)
    at SkillDetailPage (about://React/Server/file:///Users/zhuyu/dev/chinamcloud/vibetide/.next/dev/server/chunks/ssr/%5Broot-of-the-server%5D__2d14a77b._.js?71:427:18)
    at resolveErrorDev (http://localhost:3000/_next/static/chunks/node_modules_next_dist_compiled_react-server-dom-turbopack_9212ccad._.js:1894:148)
    at processFullStringRow (http://localhost:3000/_next/static/chunks/node_modules_next_dist_compiled_react-server-dom-turbopack_9212ccad._.js:2402:29)
    at processFullBinaryRow (http://localhost:3000/_next/static/chunks/node_modules_next_dist_compiled_react-server-dom-turbopack_9212ccad._.js:2361:9)
    at processBinaryChunk (http://localhost:3000/_next/static/chunks/node_modules_next_dist_compiled_react-server-dom-turbopack_9212ccad._.js:2470:221)
    at progress (http://localhost:3000/_next/static/chunks/node_modules_next_dist_compiled_react-server-dom-turbopack_9212ccad._.js:2640:13)
[  555466ms] [WARNING] [Fast Refresh] performing full reload because your application had an unrecoverable error @ http://localhost:3000/_next/static/chunks/node_modules_next_dist_f3530cac._.js:2297
[  555629ms] [WARNING] [Fast Refresh] performing full reload because your application had an unrecoverable error @ http://localhost:3000/_next/static/chunks/node_modules_next_dist_f3530cac._.js:2297
[  603517ms] [WARNING] [Fast Refresh] performing full reload

Fast Refresh will perform a full reload when you edit a file that's imported by modules outside of the React rendering tree.
You might have a file which exports a React component but also exports a value that is imported by a non-React component file.
Consider migrating the non-React component export to a separate file and importing it into both files.

It is also possible the parent component of the component you edited is a class component, which disables Fast Refresh.
Fast Refresh requires at least one parent function component in your React tree. @ http://localhost:3000/_next/static/chunks/node_modules_next_dist_f3530cac._.js:2297
[  611282ms] Error: Failed query: select "id", "organization_id", "name", "category", "type", "version", "description", "content", "input_schema", "output_schema", "runtime_config", "compatible_roles", "plugin_config", "created_at", "updated_at" from "skills" "skills" where "skills"."id" = $1 limit $2
params: 50000000-0000-4000-8000-000000000008,1
    at Promise.all (<anonymous>:1:20)
    at getSkillDetailPageData (about://React/Server/file:///Users/zhuyu/dev/chinamcloud/vibetide/.next/dev/server/chunks/ssr/%5Broot-of-the-server%5D__2d14a77b._.js?70:290:62)
    at SkillDetailPage (about://React/Server/file:///Users/zhuyu/dev/chinamcloud/vibetide/.next/dev/server/chunks/ssr/%5Broot-of-the-server%5D__2d14a77b._.js?71:427:18)
    at resolveErrorDev (http://localhost:3000/_next/static/chunks/node_modules_next_dist_compiled_react-server-dom-turbopack_9212ccad._.js:1894:148)
    at processFullStringRow (http://localhost:3000/_next/static/chunks/node_modules_next_dist_compiled_react-server-dom-turbopack_9212ccad._.js:2402:29)
    at processFullBinaryRow (http://localhost:3000/_next/static/chunks/node_modules_next_dist_compiled_react-server-dom-turbopack_9212ccad._.js:2361:9)
    at processBinaryChunk (http://localhost:3000/_next/static/chunks/node_modules_next_dist_compiled_react-server-dom-turbopack_9212ccad._.js:2470:221)
    at progress (http://localhost:3000/_next/static/chunks/node_modules_next_dist_compiled_react-server-dom-turbopack_9212ccad._.js:2640:13)
[  621543ms] [WARNING] [Fast Refresh] performing full reload because your application had an unrecoverable error @ http://localhost:3000/_next/static/chunks/node_modules_next_dist_f3530cac._.js:2297
[  630149ms] Error: Failed query: select "id", "skill_id", "organization_id", "file_type", "file_name", "file_path", "content", "created_at", "updated_at" from "skill_files" "skillFiles" where "skillFiles"."skill_id" = $1 order by "skillFiles"."file_type" asc, "skillFiles"."file_name" asc
params: 50000000-0000-4000-8000-000000000008
    at Promise.all (<anonymous>:1:20)
    at getSkillDetailPageData (about://React/Server/file:///Users/zhuyu/dev/chinamcloud/vibetide/.next/dev/server/chunks/ssr/%5Broot-of-the-server%5D__2d14a77b._.js?70:290:62)
    at SkillDetailPage (about://React/Server/file:///Users/zhuyu/dev/chinamcloud/vibetide/.next/dev/server/chunks/ssr/%5Broot-of-the-server%5D__2d14a77b._.js?71:427:18)
    at resolveErrorDev (http://localhost:3000/_next/static/chunks/node_modules_next_dist_compiled_react-server-dom-turbopack_9212ccad._.js:1894:148)
    at processFullStringRow (http://localhost:3000/_next/static/chunks/node_modules_next_dist_compiled_react-server-dom-turbopack_9212ccad._.js:2402:29)
    at processFullBinaryRow (http://localhost:3000/_next/static/chunks/node_modules_next_dist_compiled_react-server-dom-turbopack_9212ccad._.js:2361:9)
    at processBinaryChunk (http://localhost:3000/_next/static/chunks/node_modules_next_dist_compiled_react-server-dom-turbopack_9212ccad._.js:2470:221)
    at progress (http://localhost:3000/_next/static/chunks/node_modules_next_dist_compiled_react-server-dom-turbopack_9212ccad._.js:2640:13)
[  638072ms] [WARNING] [Fast Refresh] performing full reload because your application had an unrecoverable error @ http://localhost:3000/_next/static/chunks/node_modules_next_dist_f3530cac._.js:2297
[  643362ms] Error: Failed query: select "employee_skills"."employee_id", "employee_skills"."level", "ai_employees"."name", "ai_employees"."nickname", "ai_employees"."role_type" from "employee_skills" inner join "ai_employees" on "employee_skills"."employee_id" = "ai_employees"."id" where "employee_skills"."skill_id" = $1
params: 50000000-0000-4000-8000-000000000008
    at Promise.all (<anonymous>:1:20)
    at getSkillDetailPageData (about://React/Server/file:///Users/zhuyu/dev/chinamcloud/vibetide/.next/dev/server/chunks/ssr/%5Broot-of-the-server%5D__2d14a77b._.js?70:290:62)
    at SkillDetailPage (about://React/Server/file:///Users/zhuyu/dev/chinamcloud/vibetide/.next/dev/server/chunks/ssr/%5Broot-of-the-server%5D__2d14a77b._.js?71:427:18)
    at resolveErrorDev (http://localhost:3000/_next/static/chunks/node_modules_next_dist_compiled_react-server-dom-turbopack_9212ccad._.js:1894:148)
    at processFullStringRow (http://localhost:3000/_next/static/chunks/node_modules_next_dist_compiled_react-server-dom-turbopack_9212ccad._.js:2402:29)
    at processFullBinaryRow (http://localhost:3000/_next/static/chunks/node_modules_next_dist_compiled_react-server-dom-turbopack_9212ccad._.js:2361:9)
    at processBinaryChunk (http://localhost:3000/_next/static/chunks/node_modules_next_dist_compiled_react-server-dom-turbopack_9212ccad._.js:2470:221)
    at progress (http://localhost:3000/_next/static/chunks/node_modules_next_dist_compiled_react-server-dom-turbopack_9212ccad._.js:2640:13)
[  660408ms] [WARNING] [Fast Refresh] performing full reload because your application had an unrecoverable error @ http://localhost:3000/_next/static/chunks/node_modules_next_dist_f3530cac._.js:2297
[  665672ms] Error: Failed query: select "employee_skills"."employee_id", "employee_skills"."level", "ai_employees"."name", "ai_employees"."nickname", "ai_employees"."role_type" from "employee_skills" inner join "ai_employees" on "employee_skills"."employee_id" = "ai_employees"."id" where "employee_skills"."skill_id" = $1
params: 50000000-0000-4000-8000-000000000008
    at Promise.all (<anonymous>:1:20)
    at getSkillDetailPageData (about://React/Server/file:///Users/zhuyu/dev/chinamcloud/vibetide/.next/dev/server/chunks/ssr/%5Broot-of-the-server%5D__2d14a77b._.js?70:290:62)
    at SkillDetailPage (about://React/Server/file:///Users/zhuyu/dev/chinamcloud/vibetide/.next/dev/server/chunks/ssr/%5Broot-of-the-server%5D__2d14a77b._.js?71:427:18)
    at resolveErrorDev (http://localhost:3000/_next/static/chunks/node_modules_next_dist_compiled_react-server-dom-turbopack_9212ccad._.js:1894:148)
    at processFullStringRow (http://localhost:3000/_next/static/chunks/node_modules_next_dist_compiled_react-server-dom-turbopack_9212ccad._.js:2402:29)
    at processFullBinaryRow (http://localhost:3000/_next/static/chunks/node_modules_next_dist_compiled_react-server-dom-turbopack_9212ccad._.js:2361:9)
    at processBinaryChunk (http://localhost:3000/_next/static/chunks/node_modules_next_dist_compiled_react-server-dom-turbopack_9212ccad._.js:2470:221)
    at progress (http://localhost:3000/_next/static/chunks/node_modules_next_dist_compiled_react-server-dom-turbopack_9212ccad._.js:2640:13)
[  675131ms] [WARNING] [Fast Refresh] performing full reload because your application had an unrecoverable error @ http://localhost:3000/_next/static/chunks/node_modules_next_dist_f3530cac._.js:2297
[  680429ms] Error: Failed query: select "employee_skills"."employee_id", "employee_skills"."level", "ai_employees"."name", "ai_employees"."nickname", "ai_employees"."role_type" from "employee_skills" inner join "ai_employees" on "employee_skills"."employee_id" = "ai_employees"."id" where "employee_skills"."skill_id" = $1
params: 50000000-0000-4000-8000-000000000008
    at Promise.all (<anonymous>:1:20)
    at getSkillDetailPageData (about://React/Server/file:///Users/zhuyu/dev/chinamcloud/vibetide/.next/dev/server/chunks/ssr/%5Broot-of-the-server%5D__2d14a77b._.js?70:290:62)
    at SkillDetailPage (about://React/Server/file:///Users/zhuyu/dev/chinamcloud/vibetide/.next/dev/server/chunks/ssr/%5Broot-of-the-server%5D__2d14a77b._.js?71:427:18)
    at resolveErrorDev (http://localhost:3000/_next/static/chunks/node_modules_next_dist_compiled_react-server-dom-turbopack_9212ccad._.js:1894:148)
    at processFullStringRow (http://localhost:3000/_next/static/chunks/node_modules_next_dist_compiled_react-server-dom-turbopack_9212ccad._.js:2402:29)
    at processFullBinaryRow (http://localhost:3000/_next/static/chunks/node_modules_next_dist_compiled_react-server-dom-turbopack_9212ccad._.js:2361:9)
    at processBinaryChunk (http://localhost:3000/_next/static/chunks/node_modules_next_dist_compiled_react-server-dom-turbopack_9212ccad._.js:2470:221)
    at progress (http://localhost:3000/_next/static/chunks/node_modules_next_dist_compiled_react-server-dom-turbopack_9212ccad._.js:2640:13)
[  686951ms] [WARNING] [Fast Refresh] performing full reload because your application had an unrecoverable error @ http://localhost:3000/_next/static/chunks/node_modules_next_dist_f3530cac._.js:2297
[  692261ms] Error: Failed query: select "id", "skill_id", "organization_id", "file_type", "file_name", "file_path", "content", "created_at", "updated_at" from "skill_files" "skillFiles" where "skillFiles"."skill_id" = $1 order by "skillFiles"."file_type" asc, "skillFiles"."file_name" asc
params: 50000000-0000-4000-8000-000000000008
    at Promise.all (<anonymous>:1:20)
    at getSkillDetailPageData (about://React/Server/file:///Users/zhuyu/dev/chinamcloud/vibetide/.next/dev/server/chunks/ssr/%5Broot-of-the-server%5D__2d14a77b._.js?70:290:62)
    at SkillDetailPage (about://React/Server/file:///Users/zhuyu/dev/chinamcloud/vibetide/.next/dev/server/chunks/ssr/%5Broot-of-the-server%5D__2d14a77b._.js?71:427:18)
    at resolveErrorDev (http://localhost:3000/_next/static/chunks/node_modules_next_dist_compiled_react-server-dom-turbopack_9212ccad._.js:1894:148)
    at processFullStringRow (http://localhost:3000/_next/static/chunks/node_modules_next_dist_compiled_react-server-dom-turbopack_9212ccad._.js:2402:29)
    at processFullBinaryRow (http://localhost:3000/_next/static/chunks/node_modules_next_dist_compiled_react-server-dom-turbopack_9212ccad._.js:2361:9)
    at processBinaryChunk (http://localhost:3000/_next/static/chunks/node_modules_next_dist_compiled_react-server-dom-turbopack_9212ccad._.js:2470:221)
    at progress (http://localhost:3000/_next/static/chunks/node_modules_next_dist_compiled_react-server-dom-turbopack_9212ccad._.js:2640:13)
[  711178ms] [WARNING] [Fast Refresh] performing full reload because your application had an unrecoverable error @ http://localhost:3000/_next/static/chunks/node_modules_next_dist_f3530cac._.js:2297
[  715054ms] Error: Failed query: select "employee_skills"."employee_id", "employee_skills"."level", "ai_employees"."name", "ai_employees"."nickname", "ai_employees"."role_type" from "employee_skills" inner join "ai_employees" on "employee_skills"."employee_id" = "ai_employees"."id" where "employee_skills"."skill_id" = $1
params: 50000000-0000-4000-8000-000000000008
    at Promise.all (<anonymous>:1:20)
    at getSkillDetailPageData (about://React/Server/file:///Users/zhuyu/dev/chinamcloud/vibetide/.next/dev/server/chunks/ssr/%5Broot-of-the-server%5D__2d14a77b._.js?70:290:62)
    at SkillDetailPage (about://React/Server/file:///Users/zhuyu/dev/chinamcloud/vibetide/.next/dev/server/chunks/ssr/%5Broot-of-the-server%5D__2d14a77b._.js?71:427:18)
    at resolveErrorDev (http://localhost:3000/_next/static/chunks/node_modules_next_dist_compiled_react-server-dom-turbopack_9212ccad._.js:1894:148)
    at processFullStringRow (http://localhost:3000/_next/static/chunks/node_modules_next_dist_compiled_react-server-dom-turbopack_9212ccad._.js:2402:29)
    at processFullBinaryRow (http://localhost:3000/_next/static/chunks/node_modules_next_dist_compiled_react-server-dom-turbopack_9212ccad._.js:2361:9)
    at processBinaryChunk (http://localhost:3000/_next/static/chunks/node_modules_next_dist_compiled_react-server-dom-turbopack_9212ccad._.js:2470:221)
    at progress (http://localhost:3000/_next/static/chunks/node_modules_next_dist_compiled_react-server-dom-turbopack_9212ccad._.js:2640:13)
