[   74376ms] [WARNING] Warning: Missing `Description` or `aria-describedby={undefined}` for {DialogContent}. @ http://localhost:3000/_next/static/chunks/e3fa3_next_dist_d86ab2ab._.js:2297
[   74378ms] [WARNING] Warning: Missing `Description` or `aria-describedby={undefined}` for {DialogContent}. @ http://localhost:3000/_next/static/chunks/e3fa3_next_dist_d86ab2ab._.js:2297
[  105642ms] [WARNING] Warning: Missing `Description` or `aria-describedby={undefined}` for {DialogContent}. @ http://localhost:3000/_next/static/chunks/e3fa3_next_dist_d86ab2ab._.js:2297
[  105643ms] [WARNING] Warning: Missing `Description` or `aria-describedby={undefined}` for {DialogContent}. @ http://localhost:3000/_next/static/chunks/e3fa3_next_dist_d86ab2ab._.js:2297
[  115407ms] [WARNING] Warning: Missing `Description` or `aria-describedby={undefined}` for {DialogContent}. @ http://localhost:3000/_next/static/chunks/e3fa3_next_dist_d86ab2ab._.js:2297
[  115408ms] [WARNING] Warning: Missing `Description` or `aria-describedby={undefined}` for {DialogContent}. @ http://localhost:3000/_next/static/chunks/e3fa3_next_dist_d86ab2ab._.js:2297
[ 1047034ms] [WARNING] %c%s%c [auth] user_profiles query failed, returning null org background: #e6e6e6;background: light-dark(rgba(0,0,0,0.1), rgba(255,255,255,0.25));color: #000000;color: light-dark(#000000, #ffffff);border-radius: 2px  Server   @ http://localhost:3000/_next/static/chunks/e3fa3_next_dist_d86ab2ab._.js:2297
[ 1047043ms] [WARNING] %c%s%c [auth] user_profiles query failed, returning null org background: #e6e6e6;background: light-dark(rgba(0,0,0,0.1), rgba(255,255,255,0.25));color: #000000;color: light-dark(#000000, #ffffff);border-radius: 2px  Server   @ http://localhost:3000/_next/static/chunks/e3fa3_next_dist_d86ab2ab._.js:2297
[ 1055933ms] [WARNING] %c%s%c [auth] user_profiles query failed, returning null org background: #e6e6e6;background: light-dark(rgba(0,0,0,0.1), rgba(255,255,255,0.25));color: #000000;color: light-dark(#000000, #ffffff);border-radius: 2px  Server   @ http://localhost:3000/_next/static/chunks/e3fa3_next_dist_d86ab2ab._.js:2297
[ 1058725ms] [WARNING] %c%s%c [auth] user_profiles query failed, returning null org background: #e6e6e6;background: light-dark(rgba(0,0,0,0.1), rgba(255,255,255,0.25));color: #000000;color: light-dark(#000000, #ffffff);border-radius: 2px  Server   @ http://localhost:3000/_next/static/chunks/e3fa3_next_dist_d86ab2ab._.js:2297
[ 1061721ms] [WARNING] %c%s%c [auth] user_profiles query failed, returning null org background: #e6e6e6;background: light-dark(rgba(0,0,0,0.1), rgba(255,255,255,0.25));color: #000000;color: light-dark(#000000, #ffffff);border-radius: 2px  Server   @ http://localhost:3000/_next/static/chunks/e3fa3_next_dist_d86ab2ab._.js:2297
[ 1252659ms] [WARNING] Warning: Missing `Description` or `aria-describedby={undefined}` for {DialogContent}. @ http://localhost:3000/_next/static/chunks/e3fa3_next_dist_d86ab2ab._.js:2297
[ 1252662ms] [WARNING] Warning: Missing `Description` or `aria-describedby={undefined}` for {DialogContent}. @ http://localhost:3000/_next/static/chunks/e3fa3_next_dist_d86ab2ab._.js:2297
[ 1340788ms] [ERROR] WebSocket connection to 'ws://localhost:3000/_next/webpack-hmr?id=T6ezNJTkV_WZMSKBvjzsm' failed: Error in connection establishment: net::ERR_CONNECTION_REFUSED @ http://localhost:3000/_next/static/chunks/e3fa3_next_dist_client_224557e0._.js:10878
[ 1341790ms] [ERROR] WebSocket connection to 'ws://localhost:3000/_next/webpack-hmr?id=T6ezNJTkV_WZMSKBvjzsm' failed: Error in connection establishment: net::ERR_CONNECTION_REFUSED @ http://localhost:3000/_next/static/chunks/e3fa3_next_dist_client_224557e0._.js:10878
[ 1342792ms] [ERROR] WebSocket connection to 'ws://localhost:3000/_next/webpack-hmr?id=T6ezNJTkV_WZMSKBvjzsm' failed: Error in connection establishment: net::ERR_CONNECTION_REFUSED @ http://localhost:3000/_next/static/chunks/e3fa3_next_dist_client_224557e0._.js:10878
[ 1343794ms] [ERROR] WebSocket connection to 'ws://localhost:3000/_next/webpack-hmr?id=T6ezNJTkV_WZMSKBvjzsm' failed: Error in connection establishment: net::ERR_CONNECTION_REFUSED @ http://localhost:3000/_next/static/chunks/e3fa3_next_dist_client_224557e0._.js:10878
[ 1344796ms] [ERROR] WebSocket connection to 'ws://localhost:3000/_next/webpack-hmr?id=T6ezNJTkV_WZMSKBvjzsm' failed: Error in connection establishment: net::ERR_CONNECTION_REFUSED @ http://localhost:3000/_next/static/chunks/e3fa3_next_dist_client_224557e0._.js:10878
[ 1349797ms] [ERROR] WebSocket connection to 'ws://localhost:3000/_next/webpack-hmr?id=T6ezNJTkV_WZMSKBvjzsm' failed: Error in connection establishment: net::ERR_CONNECTION_REFUSED @ http://localhost:3000/_next/static/chunks/e3fa3_next_dist_client_224557e0._.js:10878
[ 1354801ms] [ERROR] WebSocket connection to 'ws://localhost:3000/_next/webpack-hmr?id=T6ezNJTkV_WZMSKBvjzsm' failed: Error in connection establishment: net::ERR_CONNECTION_REFUSED @ http://localhost:3000/_next/static/chunks/e3fa3_next_dist_client_224557e0._.js:10878
[ 1359802ms] [ERROR] WebSocket connection to 'ws://localhost:3000/_next/webpack-hmr?id=T6ezNJTkV_WZMSKBvjzsm' failed: Error in connection establishment: net::ERR_CONNECTION_REFUSED @ http://localhost:3000/_next/static/chunks/e3fa3_next_dist_client_224557e0._.js:10878
[ 1364805ms] [ERROR] WebSocket connection to 'ws://localhost:3000/_next/webpack-hmr?id=T6ezNJTkV_WZMSKBvjzsm' failed: Error in connection establishment: net::ERR_CONNECTION_REFUSED @ http://localhost:3000/_next/static/chunks/e3fa3_next_dist_client_224557e0._.js:10878
[ 1369809ms] [ERROR] WebSocket connection to 'ws://localhost:3000/_next/webpack-hmr?id=T6ezNJTkV_WZMSKBvjzsm' failed: Error in connection establishment: net::ERR_CONNECTION_REFUSED @ http://localhost:3000/_next/static/chunks/e3fa3_next_dist_client_224557e0._.js:10878
[ 1374815ms] [ERROR] WebSocket connection to 'ws://localhost:3000/_next/webpack-hmr?id=T6ezNJTkV_WZMSKBvjzsm' failed: Error in connection establishment: net::ERR_CONNECTION_REFUSED @ http://localhost:3000/_next/static/chunks/e3fa3_next_dist_client_224557e0._.js:10878
[ 1379819ms] [ERROR] WebSocket connection to 'ws://localhost:3000/_next/webpack-hmr?id=T6ezNJTkV_WZMSKBvjzsm' failed: Error in connection establishment: net::ERR_CONNECTION_REFUSED @ http://localhost:3000/_next/static/chunks/e3fa3_next_dist_client_224557e0._.js:10878
[ 1521067ms] [WARNING] Warning: Missing `Description` or `aria-describedby={undefined}` for {DialogContent}. @ http://localhost:3000/_next/static/chunks/node_modules_next_dist_f3530cac._.js:2297
[ 1521069ms] [WARNING] Warning: Missing `Description` or `aria-describedby={undefined}` for {DialogContent}. @ http://localhost:3000/_next/static/chunks/node_modules_next_dist_f3530cac._.js:2297
[ 1531890ms] [WARNING] Warning: Missing `Description` or `aria-describedby={undefined}` for {DialogContent}. @ http://localhost:3000/_next/static/chunks/node_modules_next_dist_f3530cac._.js:2297
[ 1531892ms] [WARNING] Warning: Missing `Description` or `aria-describedby={undefined}` for {DialogContent}. @ http://localhost:3000/_next/static/chunks/node_modules_next_dist_f3530cac._.js:2297
